#
# There is insufficient memory for the Java Runtime Environment to continue.
# Native memory allocation (mmap) failed to map 115343360 bytes for Failed to commit area from 0x000000008fe00000 to 0x0000000096c00000 of length 115343360.
# Possible reasons:
#   The system is out of physical RAM or swap space
#   The process is running with CompressedOops enabled, and the Java Heap may be blocking the growth of the native heap
# Possible solutions:
#   Reduce memory load on the system
#   Increase physical memory or swap space
#   Check if swap backing store is full
#   Decrease Java heap size (-Xmx/-Xms)
#   Decrease number of Java threads
#   Decrease Java thread stack sizes (-Xss)
#   Set larger code cache with -XX:ReservedCodeCacheSize=
#   JVM is running with Unscaled Compressed Oops mode in which the Java heap is
#     placed in the first 4GB address space. The Java Heap base address is the
#     maximum limit for the native heap growth. Please use -XX:HeapBaseMinAddress
#     to set the Java Heap base and to place the Java Heap above 4GB virtual address.
# This output file may be truncated or incomplete.
#
#  Out of Memory Error (./src/hotspot/os/windows/os_windows.cpp:3303), pid=10500, tid=19036
#
# JRE version: OpenJDK Runtime Environment (11.0.8+10) (build 11.0.8+10-b944.6842174)
# Java VM: OpenJDK 64-Bit Server VM (11.0.8+10-b944.6842174, mixed mode, tiered, compressed oops, g1 gc, windows-amd64)
# No core dump will be written. Minidumps are not enabled by default on client versions of Windows
#

---------------  S U M M A R Y ------------

Command Line: --add-opens=java.base/java.util=ALL-UNNAMED --add-opens=java.base/java.lang=ALL-UNNAMED --add-opens=java.base/java.lang.invoke=ALL-UNNAMED --add-opens=java.prefs/java.util.prefs=ALL-UNNAMED -Xmx2048m -Dfile.encoding=UTF-8 -Duser.country=BR -Duser.language=pt -Duser.variant org.gradle.launcher.daemon.bootstrap.GradleDaemon 6.7.1

Host: Intel(R) Core(TM) i7-9750H CPU @ 2.60GHz, 12 cores, 15G,  Windows 10 , 64 bit Build 19041 (10.0.19041.928)
Time: Mon May 31 18:05:26 2021 Hora oficial do Brasil elapsed time: 32 seconds (0d 0h 0m 32s)

---------------  T H R E A D  ---------------

Current thread (0x0000027407dc7800):  VMThread "VM Thread" [stack: 0x000000ef51f00000,0x000000ef52000000] [id=19036]

Stack: [0x000000ef51f00000,0x000000ef52000000]
[error occurred during error reporting (printing stack bounds), id 0xc0000005, EXCEPTION_ACCESS_VIOLATION (0xc0000005) at pc=0x000002746ff30dad]

Native frames: (J=compiled Java code, j=interpreted, Vv=VM code, C=native code)
V  [jvm.dll+0x5de50a]
V  [jvm.dll+0x7122f5]
V  [jvm.dll+0x71384d]
V  [jvm.dll+0x713e65]
V  [jvm.dll+0x713e1b]
V  [jvm.dll+0x5dd958]
V  [jvm.dll+0x5de0f8]
C  [ntdll.dll+0xa217f]
C  [ntdll.dll+0x51454]
C  [ntdll.dll+0xa0cae]
C  0x000002746ff30dad

VM_Operation (0x000000ef5dbfcc40): G1CollectForAllocation, mode: safepoint, requested by thread 0x0000027410d5a800


---------------  P R O C E S S  ---------------

Threads class SMR info:
_java_thread_list=0x0000027416200920, length=187, elements={
0x000002746c5a7800, 0x000002740751d000, 0x0000027407526800, 0x0000027407531800,
0x0000027407e13800, 0x0000027407e18000, 0x0000027407e19000, 0x0000027407e19800,
0x0000027407f80000, 0x0000027407f92800, 0x0000027409307000, 0x00000274082a4000,
0x0000027408b32000, 0x000002740a1b9000, 0x0000027409f9f800, 0x0000027409625000,
0x000002740a1a6000, 0x0000027409f54000, 0x000002740a36f800, 0x0000027409f55000,
0x00000274097fb800, 0x00000274097fc800, 0x00000274097fd800, 0x00000274097fb000,
0x00000274097f9000, 0x00000274097f8800, 0x00000274097f7800, 0x00000274097fa000,
0x00000274097fe000, 0x000002740bd7f000, 0x000002740bd7f800, 0x000002740bd7d000,
0x000002740bd7b000, 0x000002740bd7e000, 0x000002740bd7a000, 0x000002740bd81800,
0x000002740bd7b800, 0x000002740bd82000, 0x000002740bd7c800, 0x000002740bd84000,
0x000002740bd80800, 0x000002740bd83000, 0x000002740bd84800, 0x000002740bd85800,
0x000002740bd86000, 0x000002740bd87000, 0x000002740bd88000, 0x000002740d30a800,
0x000002740d309000, 0x000002740d30b800, 0x000002740d30c800, 0x000002740d30d000,
0x000002740d30e000, 0x000002740d308800, 0x000002740d30f000, 0x000002740d30f800,
0x000002740d30a000, 0x000002740d314800, 0x000002740d315800, 0x000002740d312000,
0x000002740d313000, 0x000002740d316000, 0x000002740d310800, 0x000002740d317000,
0x000002740d311800, 0x000002740d313800, 0x000002740c2e8800, 0x000002740c2e3800,
0x000002740c2e2800, 0x000002740c2e7800, 0x000002740c2e9800, 0x000002740c2e5000,
0x000002740c2e4800, 0x000002740c2ea000, 0x000002740c2eb000, 0x000002740c2e7000,
0x000002740c2eb800, 0x000002740c2e6000, 0x000002740c2f1800, 0x000002740c2f0800,
0x000002740c2ee000, 0x000002740c2ec800, 0x000002740c2ed800, 0x000002740c2ef000,
0x000002740c2f0000, 0x000002740f143800, 0x000002740f147000, 0x000002740f144800,
0x000002740f148000, 0x000002740f149800, 0x000002740f145800, 0x000002740f146000,
0x000002740f14c000, 0x000002740f14b000, 0x000002740f148800, 0x000002740f14c800,
0x000002740f14d800, 0x000002740f14e800, 0x000002740f14f000, 0x000002740f150000,
0x000002740f14a000, 0x000002740f150800, 0x000002740f151800, 0x000002740f152800,
0x000002740aacb800, 0x000002740aac9000, 0x000002740aac7800, 0x000002740aacd800,
0x000002740aacc800, 0x000002740aacb000, 0x000002740aace000, 0x000002740aac8800,
0x000002740aaca000, 0x000002740aad3000, 0x000002740aacf000, 0x000002740aad5800,
0x000002740aad4000, 0x000002740aad0800, 0x000002740aad4800, 0x000002740aad2000,
0x000002740aacf800, 0x000002740aad6800, 0x000002740aad1800, 0x000002740be0d000,
0x000002740be0e000, 0x000002740be0b000, 0x000002740be0b800, 0x000002740be0c800,
0x000002740be09000, 0x000002740be0f000, 0x000002740be0f800, 0x000002740be0a000,
0x000002740be16000, 0x000002740be13000, 0x000002740be14800, 0x000002740be13800,
0x000002740be15800, 0x000002740be10800, 0x000002740be17000, 0x000002740be12000,
0x000002740be11800, 0x000002740be18000, 0x0000027412880800, 0x0000027412882800,
0x0000027412881800, 0x000002741287c800, 0x0000027412883000, 0x000002741287d800,
0x0000027412884000, 0x000002741287f000, 0x000002741287e800, 0x0000027412885000,
0x0000027412885800, 0x0000027412880000, 0x000002741288a800, 0x0000027412887800,
0x0000027412886800, 0x0000027412888000, 0x000002741288b800, 0x0000027412889800,
0x0000027410d55800, 0x0000027410d54000, 0x0000027410d56800, 0x0000027410d57800,
0x0000027410d53000, 0x0000027410d5c000, 0x0000027410d5b800, 0x0000027410d59800,
0x0000027410d5a800, 0x0000027410d5d000, 0x0000027410d5e000, 0x0000027410d5e800,
0x0000027410d61000, 0x0000027410d55000, 0x0000027410d58000, 0x000002741288e800,
0x0000027412891800, 0x000002741288c800, 0x0000027412890800, 0x000002741288f000,
0x0000027412892800, 0x0000027412890000, 0x0000027412893000, 0x000002741288d800,
0x0000027412894000, 0x0000027412895800, 0x0000027412897800
}

Java Threads: ( => current thread )
  0x000002746c5a7800 JavaThread "main" [_thread_blocked, id=16832, stack(0x000000ef51900000,0x000000ef51a00000)]
  0x000002740751d000 JavaThread "Reference Handler" daemon [_thread_blocked, id=12232, stack(0x000000ef52000000,0x000000ef52100000)]
  0x0000027407526800 JavaThread "Finalizer" daemon [_thread_blocked, id=5196, stack(0x000000ef52100000,0x000000ef52200000)]
  0x0000027407531800 JavaThread "Signal Dispatcher" daemon [_thread_blocked, id=7460, stack(0x000000ef52200000,0x000000ef52300000)]
  0x0000027407e13800 JavaThread "Attach Listener" daemon [_thread_blocked, id=20012, stack(0x000000ef52300000,0x000000ef52400000)]
  0x0000027407e18000 JavaThread "C2 CompilerThread0" daemon [_thread_blocked, id=4800, stack(0x000000ef52400000,0x000000ef52500000)]
  0x0000027407e19000 JavaThread "C1 CompilerThread0" daemon [_thread_blocked, id=22328, stack(0x000000ef52500000,0x000000ef52600000)]
  0x0000027407e19800 JavaThread "Sweeper thread" daemon [_thread_blocked, id=5016, stack(0x000000ef52600000,0x000000ef52700000)]
  0x0000027407f80000 JavaThread "Common-Cleaner" daemon [_thread_blocked, id=14024, stack(0x000000ef52700000,0x000000ef52800000)]
  0x0000027407f92800 JavaThread "Service Thread" daemon [_thread_blocked, id=3040, stack(0x000000ef52800000,0x000000ef52900000)]
  0x0000027409307000 JavaThread "Daemon health stats" [_thread_blocked, id=21088, stack(0x000000ef53100000,0x000000ef53200000)]
  0x00000274082a4000 JavaThread "Incoming local TCP Connector on port 54710" [_thread_in_native, id=432, stack(0x000000ef53200000,0x000000ef53300000)]
  0x0000027408b32000 JavaThread "Daemon periodic checks" [_thread_blocked, id=3224, stack(0x000000ef53300000,0x000000ef53400000)]
  0x000002740a1b9000 JavaThread "Daemon" [_thread_blocked, id=752, stack(0x000000ef53400000,0x000000ef53500000)]
  0x0000027409f9f800 JavaThread "Handler for socket connection from /127.0.0.1:54710 to /127.0.0.1:54711" [_thread_in_native, id=17724, stack(0x000000ef53500000,0x000000ef53600000)]
  0x0000027409625000 JavaThread "Cancel handler" [_thread_blocked, id=17180, stack(0x000000ef53700000,0x000000ef53800000)]
  0x000002740a1a6000 JavaThread "Daemon worker" [_thread_blocked, id=11888, stack(0x000000ef53800000,0x000000ef53900000)]
  0x0000027409f54000 JavaThread "Asynchronous log dispatcher for DefaultDaemonConnection: socket connection from /127.0.0.1:54710 to /127.0.0.1:54711" [_thread_blocked, id=14800, stack(0x000000ef53900000,0x000000ef53a00000)]
  0x000002740a36f800 JavaThread "Stdin handler" [_thread_blocked, id=12904, stack(0x000000ef53a00000,0x000000ef53b00000)]
  0x0000027409f55000 JavaThread "Thread-8" [_thread_blocked, id=16480, stack(0x000000ef53b00000,0x000000ef53c00000)]
  0x00000274097fb800 JavaThread "Cache worker for file hash cache (C:\Users\Marcelo\.gradle\caches\6.7.1\fileHashes)" [_thread_blocked, id=20656, stack(0x000000ef53c00000,0x000000ef53d00000)]
  0x00000274097fc800 JavaThread "File lock request listener" [_thread_in_native, id=16644, stack(0x000000ef53d00000,0x000000ef53e00000)]
  0x00000274097fd800 JavaThread "Cache worker for journal cache (C:\Users\Marcelo\.gradle\caches\journal-1)" [_thread_blocked, id=10268, stack(0x000000ef54400000,0x000000ef54500000)]
  0x00000274097fb000 JavaThread "Cache worker for file hash cache (D:\Marcelo\FlashCards\.gradle\6.7.1\fileHashes)" [_thread_blocked, id=17168, stack(0x000000ef54500000,0x000000ef54600000)]
  0x00000274097f9000 JavaThread "Cache worker for checksums cache (D:\Marcelo\FlashCards\.gradle\checksums)" [_thread_blocked, id=21664, stack(0x000000ef54600000,0x000000ef54700000)]
  0x00000274097f8800 JavaThread "Cache worker for cache directory md-supplier (C:\Users\Marcelo\.gradle\caches\6.7.1\md-supplier)" [_thread_blocked, id=11780, stack(0x000000ef54700000,0x000000ef54800000)]
  0x00000274097f7800 JavaThread "Cache worker for cache directory md-rule (C:\Users\Marcelo\.gradle\caches\6.7.1\md-rule)" [_thread_blocked, id=18276, stack(0x000000ef54900000,0x000000ef54a00000)]
  0x00000274097fa000 JavaThread "Cache worker for execution history cache (C:\Users\Marcelo\.gradle\caches\6.7.1\executionHistory)" [_thread_blocked, id=11120, stack(0x000000ef54a00000,0x000000ef54b00000)]
  0x00000274097fe000 JavaThread "jar transforms" [_thread_blocked, id=18664, stack(0x000000ef54b00000,0x000000ef54c00000)]
  0x000002740bd7f000 JavaThread "Cache worker for file content cache (C:\Users\Marcelo\.gradle\caches\6.7.1\fileContent)" [_thread_blocked, id=9108, stack(0x000000ef54c00000,0x000000ef54d00000)]
  0x000002740bd7f800 JavaThread "Cache worker for Build Output Cleanup Cache (D:\Marcelo\FlashCards\.gradle\buildOutputCleanup)" [_thread_blocked, id=21688, stack(0x000000ef54d00000,0x000000ef54e00000)]
  0x000002740bd7d000 JavaThread "Build operations" [_thread_blocked, id=21620, stack(0x000000ef54e00000,0x000000ef54f00000)]
  0x000002740bd7b000 JavaThread "Build operations Thread 2" [_thread_blocked, id=16388, stack(0x000000ef54f00000,0x000000ef55000000)]
  0x000002740bd7e000 JavaThread "Build operations Thread 3" [_thread_blocked, id=4128, stack(0x000000ef55000000,0x000000ef55100000)]
  0x000002740bd7a000 JavaThread "Build operations Thread 4" [_thread_blocked, id=18964, stack(0x000000ef55100000,0x000000ef55200000)]
  0x000002740bd81800 JavaThread "Build operations Thread 5" [_thread_blocked, id=17740, stack(0x000000ef55200000,0x000000ef55300000)]
  0x000002740bd7b800 JavaThread "Build operations Thread 6" [_thread_blocked, id=19812, stack(0x000000ef55300000,0x000000ef55400000)]
  0x000002740bd82000 JavaThread "Build operations Thread 7" [_thread_blocked, id=12704, stack(0x000000ef55400000,0x000000ef55500000)]
  0x000002740bd7c800 JavaThread "Build operations Thread 8" [_thread_blocked, id=7140, stack(0x000000ef55500000,0x000000ef55600000)]
  0x000002740bd84000 JavaThread "Build operations Thread 9" [_thread_blocked, id=20748, stack(0x000000ef55600000,0x000000ef55700000)]
  0x000002740bd80800 JavaThread "Build operations Thread 10" [_thread_blocked, id=21248, stack(0x000000ef55700000,0x000000ef55800000)]
  0x000002740bd83000 JavaThread "Build operations Thread 11" [_thread_blocked, id=10060, stack(0x000000ef55800000,0x000000ef55900000)]
  0x000002740bd84800 JavaThread "Build operations Thread 12" [_thread_blocked, id=1004, stack(0x000000ef55900000,0x000000ef55a00000)]
  0x000002740bd85800 JavaThread "jar transforms Thread 2" [_thread_blocked, id=12768, stack(0x000000ef55a00000,0x000000ef55b00000)]
  0x000002740bd86000 JavaThread "jar transforms Thread 3" [_thread_blocked, id=20032, stack(0x000000ef55b00000,0x000000ef55c00000)]
  0x000002740bd87000 JavaThread "jar transforms Thread 4" [_thread_blocked, id=11916, stack(0x000000ef55c00000,0x000000ef55d00000)]
  0x000002740bd88000 JavaThread "jar transforms Thread 5" [_thread_blocked, id=2784, stack(0x000000ef55d00000,0x000000ef55e00000)]
  0x000002740d30a800 JavaThread "jar transforms Thread 6" [_thread_blocked, id=15376, stack(0x000000ef55e00000,0x000000ef55f00000)]
  0x000002740d309000 JavaThread "jar transforms Thread 7" [_thread_blocked, id=7292, stack(0x000000ef55f00000,0x000000ef56000000)]
  0x000002740d30b800 JavaThread "jar transforms Thread 8" [_thread_blocked, id=19344, stack(0x000000ef56000000,0x000000ef56100000)]
  0x000002740d30c800 JavaThread "jar transforms Thread 9" [_thread_blocked, id=5816, stack(0x000000ef56100000,0x000000ef56200000)]
  0x000002740d30d000 JavaThread "jar transforms Thread 10" [_thread_blocked, id=4648, stack(0x000000ef56200000,0x000000ef56300000)]
  0x000002740d30e000 JavaThread "jar transforms Thread 11" [_thread_blocked, id=16616, stack(0x000000ef56300000,0x000000ef56400000)]
  0x000002740d308800 JavaThread "jar transforms Thread 12" [_thread_blocked, id=6260, stack(0x000000ef56400000,0x000000ef56500000)]
  0x000002740d30f000 JavaThread "jar transforms Thread 13" [_thread_blocked, id=22436, stack(0x000000ef56500000,0x000000ef56600000)]
  0x000002740d30f800 JavaThread "jar transforms Thread 14" [_thread_blocked, id=2144, stack(0x000000ef56600000,0x000000ef56700000)]
  0x000002740d30a000 JavaThread "jar transforms Thread 15" [_thread_blocked, id=16964, stack(0x000000ef56700000,0x000000ef56800000)]
  0x000002740d314800 JavaThread "jar transforms Thread 16" [_thread_blocked, id=9664, stack(0x000000ef56800000,0x000000ef56900000)]
  0x000002740d315800 JavaThread "jar transforms Thread 17" [_thread_blocked, id=18268, stack(0x000000ef56900000,0x000000ef56a00000)]
  0x000002740d312000 JavaThread "jar transforms Thread 18" [_thread_blocked, id=17928, stack(0x000000ef56a00000,0x000000ef56b00000)]
  0x000002740d313000 JavaThread "jar transforms Thread 19" [_thread_blocked, id=8636, stack(0x000000ef56b00000,0x000000ef56c00000)]
  0x000002740d316000 JavaThread "jar transforms Thread 20" [_thread_blocked, id=20380, stack(0x000000ef56c00000,0x000000ef56d00000)]
  0x000002740d310800 JavaThread "jar transforms Thread 21" [_thread_blocked, id=21368, stack(0x000000ef56d00000,0x000000ef56e00000)]
  0x000002740d317000 JavaThread "jar transforms Thread 22" [_thread_blocked, id=20604, stack(0x000000ef56e00000,0x000000ef56f00000)]
  0x000002740d311800 JavaThread "jar transforms Thread 23" [_thread_blocked, id=12868, stack(0x000000ef56f00000,0x000000ef57000000)]
  0x000002740d313800 JavaThread "jar transforms Thread 24" [_thread_blocked, id=21008, stack(0x000000ef57000000,0x000000ef57100000)]
  0x000002740c2e8800 JavaThread "jar transforms Thread 25" [_thread_blocked, id=9972, stack(0x000000ef57100000,0x000000ef57200000)]
  0x000002740c2e3800 JavaThread "jar transforms Thread 26" [_thread_blocked, id=7532, stack(0x000000ef57200000,0x000000ef57300000)]
  0x000002740c2e2800 JavaThread "jar transforms Thread 27" [_thread_blocked, id=1728, stack(0x000000ef57300000,0x000000ef57400000)]
  0x000002740c2e7800 JavaThread "jar transforms Thread 28" [_thread_blocked, id=13284, stack(0x000000ef57400000,0x000000ef57500000)]
  0x000002740c2e9800 JavaThread "jar transforms Thread 29" [_thread_blocked, id=9404, stack(0x000000ef57500000,0x000000ef57600000)]
  0x000002740c2e5000 JavaThread "jar transforms Thread 30" [_thread_blocked, id=20312, stack(0x000000ef57600000,0x000000ef57700000)]
  0x000002740c2e4800 JavaThread "jar transforms Thread 31" [_thread_blocked, id=21796, stack(0x000000ef57700000,0x000000ef57800000)]
  0x000002740c2ea000 JavaThread "jar transforms Thread 32" [_thread_blocked, id=12636, stack(0x000000ef57800000,0x000000ef57900000)]
  0x000002740c2eb000 JavaThread "jar transforms Thread 33" [_thread_blocked, id=3944, stack(0x000000ef57900000,0x000000ef57a00000)]
  0x000002740c2e7000 JavaThread "jar transforms Thread 34" [_thread_blocked, id=10084, stack(0x000000ef57a00000,0x000000ef57b00000)]
  0x000002740c2eb800 JavaThread "jar transforms Thread 35" [_thread_blocked, id=4592, stack(0x000000ef57b00000,0x000000ef57c00000)]
  0x000002740c2e6000 JavaThread "jar transforms Thread 36" [_thread_blocked, id=19232, stack(0x000000ef57c00000,0x000000ef57d00000)]
  0x000002740c2f1800 JavaThread "jar transforms Thread 37" [_thread_blocked, id=884, stack(0x000000ef57d00000,0x000000ef57e00000)]
  0x000002740c2f0800 JavaThread "jar transforms Thread 38" [_thread_blocked, id=440, stack(0x000000ef57e00000,0x000000ef57f00000)]
  0x000002740c2ee000 JavaThread "jar transforms Thread 39" [_thread_blocked, id=8264, stack(0x000000ef57f00000,0x000000ef58000000)]
  0x000002740c2ec800 JavaThread "jar transforms Thread 40" [_thread_blocked, id=14596, stack(0x000000ef58000000,0x000000ef58100000)]
  0x000002740c2ed800 JavaThread "jar transforms Thread 41" [_thread_blocked, id=4664, stack(0x000000ef58100000,0x000000ef58200000)]
  0x000002740c2ef000 JavaThread "jar transforms Thread 42" [_thread_blocked, id=15308, stack(0x000000ef58200000,0x000000ef58300000)]
  0x000002740c2f0000 JavaThread "jar transforms Thread 43" [_thread_blocked, id=13604, stack(0x000000ef58300000,0x000000ef58400000)]
  0x000002740f143800 JavaThread "jar transforms Thread 44" [_thread_blocked, id=18252, stack(0x000000ef58400000,0x000000ef58500000)]
  0x000002740f147000 JavaThread "jar transforms Thread 45" [_thread_blocked, id=8572, stack(0x000000ef58500000,0x000000ef58600000)]
  0x000002740f144800 JavaThread "jar transforms Thread 46" [_thread_blocked, id=20396, stack(0x000000ef58600000,0x000000ef58700000)]
  0x000002740f148000 JavaThread "jar transforms Thread 47" [_thread_blocked, id=21404, stack(0x000000ef58700000,0x000000ef58800000)]
  0x000002740f149800 JavaThread "jar transforms Thread 48" [_thread_blocked, id=13940, stack(0x000000ef58800000,0x000000ef58900000)]
  0x000002740f145800 JavaThread "jar transforms Thread 49" [_thread_blocked, id=5776, stack(0x000000ef58900000,0x000000ef58a00000)]
  0x000002740f146000 JavaThread "jar transforms Thread 50" [_thread_blocked, id=20900, stack(0x000000ef58a00000,0x000000ef58b00000)]
  0x000002740f14c000 JavaThread "jar transforms Thread 51" [_thread_blocked, id=21288, stack(0x000000ef58b00000,0x000000ef58c00000)]
  0x000002740f14b000 JavaThread "jar transforms Thread 52" [_thread_blocked, id=15524, stack(0x000000ef58c00000,0x000000ef58d00000)]
  0x000002740f148800 JavaThread "jar transforms Thread 53" [_thread_blocked, id=13612, stack(0x000000ef58d00000,0x000000ef58e00000)]
  0x000002740f14c800 JavaThread "jar transforms Thread 54" [_thread_blocked, id=3724, stack(0x000000ef58e00000,0x000000ef58f00000)]
  0x000002740f14d800 JavaThread "jar transforms Thread 55" [_thread_blocked, id=22184, stack(0x000000ef58f00000,0x000000ef59000000)]
  0x000002740f14e800 JavaThread "jar transforms Thread 56" [_thread_blocked, id=2280, stack(0x000000ef59000000,0x000000ef59100000)]
  0x000002740f14f000 JavaThread "jar transforms Thread 57" [_thread_blocked, id=11880, stack(0x000000ef59100000,0x000000ef59200000)]
  0x000002740f150000 JavaThread "jar transforms Thread 58" [_thread_blocked, id=20932, stack(0x000000ef59200000,0x000000ef59300000)]
  0x000002740f14a000 JavaThread "jar transforms Thread 59" [_thread_blocked, id=19396, stack(0x000000ef59300000,0x000000ef59400000)]
  0x000002740f150800 JavaThread "jar transforms Thread 60" [_thread_blocked, id=968, stack(0x000000ef59400000,0x000000ef59500000)]
  0x000002740f151800 JavaThread "jar transforms Thread 61" [_thread_blocked, id=20092, stack(0x000000ef59500000,0x000000ef59600000)]
  0x000002740f152800 JavaThread "jar transforms Thread 62" [_thread_blocked, id=1536, stack(0x000000ef59600000,0x000000ef59700000)]
  0x000002740aacb800 JavaThread "jar transforms Thread 63" [_thread_blocked, id=19064, stack(0x000000ef59700000,0x000000ef59800000)]
  0x000002740aac9000 JavaThread "jar transforms Thread 64" [_thread_blocked, id=9896, stack(0x000000ef59800000,0x000000ef59900000)]
  0x000002740aac7800 JavaThread "jar transforms Thread 65" [_thread_blocked, id=18200, stack(0x000000ef59900000,0x000000ef59a00000)]
  0x000002740aacd800 JavaThread "jar transforms Thread 66" [_thread_blocked, id=18992, stack(0x000000ef59a00000,0x000000ef59b00000)]
  0x000002740aacc800 JavaThread "jar transforms Thread 67" [_thread_blocked, id=18500, stack(0x000000ef59b00000,0x000000ef59c00000)]
  0x000002740aacb000 JavaThread "jar transforms Thread 68" [_thread_blocked, id=17852, stack(0x000000ef59c00000,0x000000ef59d00000)]
  0x000002740aace000 JavaThread "jar transforms Thread 69" [_thread_blocked, id=19356, stack(0x000000ef59d00000,0x000000ef59e00000)]
  0x000002740aac8800 JavaThread "jar transforms Thread 70" [_thread_blocked, id=4672, stack(0x000000ef59e00000,0x000000ef59f00000)]
  0x000002740aaca000 JavaThread "jar transforms Thread 71" [_thread_blocked, id=11360, stack(0x000000ef59f00000,0x000000ef5a000000)]
  0x000002740aad3000 JavaThread "jar transforms Thread 72" [_thread_blocked, id=3932, stack(0x000000ef5a000000,0x000000ef5a100000)]
  0x000002740aacf000 JavaThread "jar transforms Thread 73" [_thread_blocked, id=4296, stack(0x000000ef5a100000,0x000000ef5a200000)]
  0x000002740aad5800 JavaThread "jar transforms Thread 74" [_thread_blocked, id=3608, stack(0x000000ef5a200000,0x000000ef5a300000)]
  0x000002740aad4000 JavaThread "jar transforms Thread 75" [_thread_blocked, id=7456, stack(0x000000ef5a300000,0x000000ef5a400000)]
  0x000002740aad0800 JavaThread "jar transforms Thread 76" [_thread_blocked, id=308, stack(0x000000ef5a400000,0x000000ef5a500000)]
  0x000002740aad4800 JavaThread "jar transforms Thread 77" [_thread_blocked, id=17532, stack(0x000000ef5a500000,0x000000ef5a600000)]
  0x000002740aad2000 JavaThread "jar transforms Thread 78" [_thread_blocked, id=20956, stack(0x000000ef5a600000,0x000000ef5a700000)]
  0x000002740aacf800 JavaThread "jar transforms Thread 79" [_thread_blocked, id=16060, stack(0x000000ef5a700000,0x000000ef5a800000)]
  0x000002740aad6800 JavaThread "jar transforms Thread 80" [_thread_blocked, id=5264, stack(0x000000ef5a800000,0x000000ef5a900000)]
  0x000002740aad1800 JavaThread "jar transforms Thread 81" [_thread_blocked, id=7608, stack(0x000000ef5a900000,0x000000ef5aa00000)]
  0x000002740be0d000 JavaThread "jar transforms Thread 82" [_thread_blocked, id=17328, stack(0x000000ef5aa00000,0x000000ef5ab00000)]
  0x000002740be0e000 JavaThread "jar transforms Thread 83" [_thread_blocked, id=16916, stack(0x000000ef5ab00000,0x000000ef5ac00000)]
  0x000002740be0b000 JavaThread "jar transforms Thread 84" [_thread_blocked, id=16704, stack(0x000000ef5ac00000,0x000000ef5ad00000)]
  0x000002740be0b800 JavaThread "jar transforms Thread 85" [_thread_blocked, id=7024, stack(0x000000ef5ad00000,0x000000ef5ae00000)]
  0x000002740be0c800 JavaThread "jar transforms Thread 86" [_thread_blocked, id=13928, stack(0x000000ef5ae00000,0x000000ef5af00000)]
  0x000002740be09000 JavaThread "jar transforms Thread 87" [_thread_blocked, id=7484, stack(0x000000ef5af00000,0x000000ef5b000000)]
  0x000002740be0f000 JavaThread "jar transforms Thread 88" [_thread_blocked, id=17904, stack(0x000000ef5b000000,0x000000ef5b100000)]
  0x000002740be0f800 JavaThread "jar transforms Thread 89" [_thread_blocked, id=4712, stack(0x000000ef5b100000,0x000000ef5b200000)]
  0x000002740be0a000 JavaThread "jar transforms Thread 90" [_thread_blocked, id=2224, stack(0x000000ef5b200000,0x000000ef5b300000)]
  0x000002740be16000 JavaThread "jar transforms Thread 91" [_thread_blocked, id=20792, stack(0x000000ef5b300000,0x000000ef5b400000)]
  0x000002740be13000 JavaThread "jar transforms Thread 92" [_thread_blocked, id=16568, stack(0x000000ef5b400000,0x000000ef5b500000)]
  0x000002740be14800 JavaThread "jar transforms Thread 93" [_thread_blocked, id=11540, stack(0x000000ef5b500000,0x000000ef5b600000)]
  0x000002740be13800 JavaThread "jar transforms Thread 94" [_thread_blocked, id=15620, stack(0x000000ef5b600000,0x000000ef5b700000)]
  0x000002740be15800 JavaThread "jar transforms Thread 95" [_thread_blocked, id=18164, stack(0x000000ef5b700000,0x000000ef5b800000)]
  0x000002740be10800 JavaThread "jar transforms Thread 96" [_thread_blocked, id=13548, stack(0x000000ef5b800000,0x000000ef5b900000)]
  0x000002740be17000 JavaThread "jar transforms Thread 97" [_thread_blocked, id=10408, stack(0x000000ef5b900000,0x000000ef5ba00000)]
  0x000002740be12000 JavaThread "jar transforms Thread 98" [_thread_blocked, id=20772, stack(0x000000ef5ba00000,0x000000ef5bb00000)]
  0x000002740be11800 JavaThread "jar transforms Thread 99" [_thread_blocked, id=21380, stack(0x000000ef5bb00000,0x000000ef5bc00000)]
  0x000002740be18000 JavaThread "Memory manager" [_thread_blocked, id=8728, stack(0x000000ef5bc00000,0x000000ef5bd00000)]
  0x0000027412880800 JavaThread "build event listener" [_thread_blocked, id=5096, stack(0x000000ef5c100000,0x000000ef5c200000)]
  0x0000027412882800 JavaThread "build event listener" [_thread_blocked, id=21280, stack(0x000000ef5c200000,0x000000ef5c300000)]
  0x0000027412881800 JavaThread "Execution worker for ':'" [_thread_blocked, id=19532, stack(0x000000ef5c300000,0x000000ef5c400000)]
  0x000002741287c800 JavaThread "Execution worker for ':' Thread 2" [_thread_blocked, id=15412, stack(0x000000ef5c400000,0x000000ef5c500000)]
  0x0000027412883000 JavaThread "Execution worker for ':' Thread 3" [_thread_blocked, id=11500, stack(0x000000ef5c500000,0x000000ef5c600000)]
  0x000002741287d800 JavaThread "Execution worker for ':' Thread 4" [_thread_blocked, id=7404, stack(0x000000ef5c600000,0x000000ef5c700000)]
  0x0000027412884000 JavaThread "Execution worker for ':' Thread 5" [_thread_blocked, id=20916, stack(0x000000ef5c700000,0x000000ef5c800000)]
  0x000002741287f000 JavaThread "Execution worker for ':' Thread 6" [_thread_blocked, id=9432, stack(0x000000ef5c800000,0x000000ef5c900000)]
  0x000002741287e800 JavaThread "Execution worker for ':' Thread 7" [_thread_blocked, id=1564, stack(0x000000ef5c900000,0x000000ef5ca00000)]
  0x0000027412885000 JavaThread "Execution worker for ':' Thread 8" [_thread_blocked, id=19956, stack(0x000000ef5ca00000,0x000000ef5cb00000)]
  0x0000027412885800 JavaThread "Execution worker for ':' Thread 9" [_thread_blocked, id=22156, stack(0x000000ef5cb00000,0x000000ef5cc00000)]
  0x0000027412880000 JavaThread "Execution worker for ':' Thread 10" [_thread_blocked, id=21100, stack(0x000000ef5cc00000,0x000000ef5cd00000)]
  0x000002741288a800 JavaThread "Execution worker for ':' Thread 11" [_thread_blocked, id=11608, stack(0x000000ef5cd00000,0x000000ef5ce00000)]
  0x0000027412887800 JavaThread "Cache worker for execution history cache (D:\Marcelo\FlashCards\.gradle\6.7.1\executionHistory)" [_thread_blocked, id=13888, stack(0x000000ef5ce00000,0x000000ef5cf00000)]
  0x0000027412886800 JavaThread "WorkerExecutor Queue" [_thread_blocked, id=12192, stack(0x000000ef5cf00000,0x000000ef5d000000)]
  0x0000027412888000 JavaThread "WorkerExecutor Queue Thread 2" [_thread_blocked, id=5860, stack(0x000000ef5d000000,0x000000ef5d100000)]
  0x000002741288b800 JavaThread "WorkerExecutor Queue Thread 3" [_thread_blocked, id=13600, stack(0x000000ef5d100000,0x000000ef5d200000)]
  0x0000027412889800 JavaThread "WorkerExecutor Queue Thread 5" [_thread_blocked, id=11416, stack(0x000000ef5d300000,0x000000ef5d400000)]
  0x0000027410d55800 JavaThread "pool-4-thread-1" [_thread_blocked, id=5000, stack(0x000000ef5d400000,0x000000ef5d500000)]
  0x0000027410d54000 JavaThread "stderr" [_thread_in_native, id=21132, stack(0x000000ef5d500000,0x000000ef5d600000)]
  0x0000027410d56800 JavaThread "stdout" [_thread_in_native, id=3164, stack(0x000000ef5d600000,0x000000ef5d700000)]
  0x0000027410d57800 JavaThread "Cache worker for Java compile cache (C:\Users\Marcelo\.gradle\caches\6.7.1\javaCompile)" [_thread_blocked, id=18612, stack(0x000000ef5d200000,0x000000ef5d300000)]
  0x0000027410d53000 JavaThread "Cache worker for Java compile cache (D:\Marcelo\FlashCards\.gradle\6.7.1\javaCompile)" [_thread_blocked, id=22176, stack(0x000000ef5d700000,0x000000ef5d800000)]
  0x0000027410d5c000 JavaThread "WorkerExecutor Queue Thread 6" [_thread_blocked, id=21304, stack(0x000000ef5d800000,0x000000ef5d900000)]
  0x0000027410d5b800 JavaThread "WorkerExecutor Queue Thread 7" [_thread_blocked, id=11864, stack(0x000000ef5d900000,0x000000ef5da00000)]
  0x0000027410d59800 JavaThread "WorkerExecutor Queue Thread 8" [_thread_blocked, id=16176, stack(0x000000ef5da00000,0x000000ef5db00000)]
  0x0000027410d5a800 JavaThread "WorkerExecutor Queue Thread 9" [_thread_blocked, id=13812, stack(0x000000ef5db00000,0x000000ef5dc00000)]
  0x0000027410d5d000 JavaThread "WorkerExecutor Queue Thread 10" [_thread_blocked, id=18540, stack(0x000000ef5dc00000,0x000000ef5dd00000)]
  0x0000027410d5e000 JavaThread "WorkerExecutor Queue Thread 11" [_thread_blocked, id=4040, stack(0x000000ef5dd00000,0x000000ef5de00000)]
  0x0000027410d5e800 JavaThread "WorkerExecutor Queue Thread 12" [_thread_blocked, id=6400, stack(0x000000ef5de00000,0x000000ef5df00000)]
  0x0000027410d61000 JavaThread "WorkerExecutor Queue Thread 13" [_thread_blocked, id=6620, stack(0x000000ef5df00000,0x000000ef5e000000)]
  0x0000027410d55000 JavaThread "C2 CompilerThread1" daemon [_thread_blocked, id=20132, stack(0x000000ef53600000,0x000000ef53700000)]
  0x0000027410d58000 JavaThread "C2 CompilerThread2" daemon [_thread_blocked, id=14200, stack(0x000000ef54800000,0x000000ef54900000)]
  0x000002741288e800 JavaThread "ForkJoinPool-1-worker-19" daemon [_thread_blocked, id=21352, stack(0x000000ef5e100000,0x000000ef5e200000)]
  0x0000027412891800 JavaThread "ForkJoinPool-1-worker-5" daemon [_thread_blocked, id=21652, stack(0x000000ef5e200000,0x000000ef5e300000)]
  0x000002741288c800 JavaThread "ForkJoinPool-1-worker-23" daemon [_thread_blocked, id=19880, stack(0x000000ef5e300000,0x000000ef5e400000)]
  0x0000027412890800 JavaThread "ForkJoinPool-1-worker-9" daemon [_thread_blocked, id=18112, stack(0x000000ef5e400000,0x000000ef5e500000)]
  0x000002741288f000 JavaThread "ForkJoinPool-1-worker-27" daemon [_thread_blocked, id=17628, stack(0x000000ef5e500000,0x000000ef5e600000)]
  0x0000027412892800 JavaThread "ForkJoinPool-1-worker-13" daemon [_thread_blocked, id=14628, stack(0x000000ef5e600000,0x000000ef5e700000)]
  0x0000027412890000 JavaThread "ForkJoinPool-1-worker-31" daemon [_thread_blocked, id=18416, stack(0x000000ef5e700000,0x000000ef5e800000)]
  0x0000027412893000 JavaThread "ForkJoinPool-1-worker-17" daemon [_thread_blocked, id=9548, stack(0x000000ef5e800000,0x000000ef5e900000)]
  0x000002741288d800 JavaThread "ForkJoinPool-1-worker-3" daemon [_thread_blocked, id=21596, stack(0x000000ef5e900000,0x000000ef5ea00000)]
  0x0000027412894000 JavaThread "ForkJoinPool-1-worker-21" daemon [_thread_blocked, id=16380, stack(0x000000ef5ea00000,0x000000ef5eb00000)]
  0x0000027412895800 JavaThread "ForkJoinPool-1-worker-7" daemon [_thread_blocked, id=4760, stack(0x000000ef5eb00000,0x000000ef5ec00000)]
  0x0000027412897800 JavaThread "ForkJoinPool-1-worker-25" daemon [_thread_blocked, id=8920, stack(0x000000ef5ec00000,0x000000ef5ed00000)]

Other Threads:
=>0x0000027407dc7800 VMThread "VM Thread" [stack: 0x000000ef51f00000,0x000000ef52000000] [id=19036]
  0x0000027407f93800 WatcherThread [stack: 0x000000ef52900000,0x000000ef52a00000] [id=3624]
  0x000002746c5be800 GCTaskThread "GC Thread#0" [stack: 0x000000ef51a00000,0x000000ef51b00000] [id=20288]
  0x0000027408f2d800 GCTaskThread "GC Thread#1" [stack: 0x000000ef52c00000,0x000000ef52d00000] [id=12564]
  0x0000027408f2e000 GCTaskThread "GC Thread#2" [stack: 0x000000ef52d00000,0x000000ef52e00000] [id=20572]
  0x00000274086da000 GCTaskThread "GC Thread#3" [stack: 0x000000ef52e00000,0x000000ef52f00000] [id=12580]
  0x00000274086da800 GCTaskThread "GC Thread#4" [stack: 0x000000ef52f00000,0x000000ef53000000] [id=14432]
  0x00000274087f5800 GCTaskThread "GC Thread#5" [stack: 0x000000ef53000000,0x000000ef53100000] [id=6808]
  0x000002740a11c800 GCTaskThread "GC Thread#6" [stack: 0x000000ef53e00000,0x000000ef53f00000] [id=6640]
  0x0000027408a64800 GCTaskThread "GC Thread#7" [stack: 0x000000ef53f00000,0x000000ef54000000] [id=18032]
  0x0000027409f6c000 GCTaskThread "GC Thread#8" [stack: 0x000000ef54000000,0x000000ef54100000] [id=4744]
  0x00000274092f6800 GCTaskThread "GC Thread#9" [stack: 0x000000ef54100000,0x000000ef54200000] [id=19428]
  0x000002746c5f3800 ConcurrentGCThread "G1 Main Marker" [stack: 0x000000ef51b00000,0x000000ef51c00000] [id=12000]
  0x000002746c5f7000 ConcurrentGCThread "G1 Conc#0" [stack: 0x000000ef51c00000,0x000000ef51d00000] [id=13728]
  0x000002740a183000 ConcurrentGCThread "G1 Conc#1" [stack: 0x000000ef54200000,0x000000ef54300000] [id=21980]
  0x0000027408dcf800 ConcurrentGCThread "G1 Conc#2" [stack: 0x000000ef54300000,0x000000ef54400000] [id=20428]
  0x00000274073f0000 ConcurrentGCThread "G1 Refine#0" [stack: 0x000000ef51d00000,0x000000ef51e00000] [id=11496]
  0x000002740feec800 ConcurrentGCThread "G1 Refine#1" [stack: 0x000000ef5bd00000,0x000000ef5be00000] [id=14248]
  0x000002740c98b800 ConcurrentGCThread "G1 Refine#2" [stack: 0x000000ef5be00000,0x000000ef5bf00000] [id=21556]
  0x000002740f6a5000 ConcurrentGCThread "G1 Refine#3" [stack: 0x000000ef5bf00000,0x000000ef5c000000] [id=868]
  0x000002740ec7f000 ConcurrentGCThread "G1 Refine#4" [stack: 0x000000ef5c000000,0x000000ef5c100000] [id=13500]
  0x000002740bc88000 ConcurrentGCThread "G1 Refine#5" [stack: 0x000000ef5e000000,0x000000ef5e100000] [id=18692]
  0x00000274073f1000 ConcurrentGCThread "G1 Young RemSet Sampling" [stack: 0x000000ef51e00000,0x000000ef51f00000] [id=8220]

Threads with active compile tasks:
C2 CompilerThread0  32642 18435       4       java.util.stream.AbstractPipeline::evaluateToArrayNode (78 bytes)
C2 CompilerThread1  32642 18434       4       com.android.tools.r8.graph.O::a (275 bytes)
C2 CompilerThread2  32642 18113       4       com.android.tools.r8.code.x1::a (4137 bytes)

VM state:at safepoint (normal execution)

VM Mutex/Monitor currently owned by a thread:  ([mutex/lock_event])
[0x000002746c5a3db0] Threads_lock - owner thread: 0x0000027407dc7800
[0x000002746c5a3a50] Heap_lock - owner thread: 0x0000027410d5a800

Heap address: 0x0000000080000000, size: 2048 MB, Compressed Oops mode: 32-bit
Narrow klass base: 0x0000000000000000, Narrow klass shift: 3
Compressed class space size: 1073741824 Address: 0x0000000100000000

Heap:
 garbage-first heap   total 372736K, used 190179K [0x0000000080000000, 0x0000000100000000)
  region size 1024K, 2 young (2048K), 2 survivors (2048K)
 Metaspace       used 112090K, capacity 114756K, committed 118436K, reserved 1150976K
  class space    used 14030K, capacity 15027K, committed 16588K, reserved 1048576K
Heap Regions: E=young(eden), S=young(survivor), O=old, HS=humongous(starts), HC=humongous(continues), CS=collection set, F=free, A=archive, TAMS=top-at-mark-start (previous, next)
|   0|0x0000000080000000, 0x0000000080100000, 0x0000000080100000|100%| O|  |TAMS 0x0000000080100000, 0x0000000080000000| Untracked 
|   1|0x0000000080100000, 0x0000000080200000, 0x0000000080200000|100%| O|  |TAMS 0x0000000080200000, 0x0000000080100000| Untracked 
|   2|0x0000000080200000, 0x0000000080300000, 0x0000000080300000|100%| O|  |TAMS 0x0000000080300000, 0x0000000080200000| Untracked 
|   3|0x0000000080300000, 0x0000000080400000, 0x0000000080400000|100%|HS|  |TAMS 0x0000000080400000, 0x0000000080300000| Complete 
|   4|0x0000000080400000, 0x0000000080500000, 0x0000000080500000|100%|HC|  |TAMS 0x0000000080500000, 0x0000000080400000| Complete 
|   5|0x0000000080500000, 0x0000000080600000, 0x0000000080600000|100%|HC|  |TAMS 0x0000000080600000, 0x0000000080500000| Complete 
|   6|0x0000000080600000, 0x0000000080700000, 0x0000000080700000|100%| O|  |TAMS 0x0000000080700000, 0x0000000080600000| Untracked 
|   7|0x0000000080700000, 0x0000000080800000, 0x0000000080800000|100%| O|  |TAMS 0x0000000080800000, 0x0000000080700000| Untracked 
|   8|0x0000000080800000, 0x0000000080900000, 0x0000000080900000|100%| O|  |TAMS 0x0000000080900000, 0x0000000080800000| Untracked 
|   9|0x0000000080900000, 0x0000000080a00000, 0x0000000080a00000|100%| O|  |TAMS 0x0000000080a00000, 0x0000000080900000| Untracked 
|  10|0x0000000080a00000, 0x0000000080b00000, 0x0000000080b00000|100%| O|  |TAMS 0x0000000080b00000, 0x0000000080a00000| Untracked 
|  11|0x0000000080b00000, 0x0000000080c00000, 0x0000000080c00000|100%| O|  |TAMS 0x0000000080c00000, 0x0000000080b00000| Untracked 
|  12|0x0000000080c00000, 0x0000000080d00000, 0x0000000080d00000|100%| O|  |TAMS 0x0000000080d00000, 0x0000000080c00000| Complete 
|  13|0x0000000080d00000, 0x0000000080e00000, 0x0000000080e00000|100%| O|  |TAMS 0x0000000080e00000, 0x0000000080d00000| Untracked 
|  14|0x0000000080e00000, 0x0000000080f00000, 0x0000000080f00000|100%| O|  |TAMS 0x0000000080f00000, 0x0000000080e00000| Untracked 
|  15|0x0000000080f00000, 0x0000000081000000, 0x0000000081000000|100%| O|  |TAMS 0x0000000081000000, 0x0000000080f00000| Untracked 
|  16|0x0000000081000000, 0x0000000081100000, 0x0000000081100000|100%|HS|  |TAMS 0x0000000081100000, 0x0000000081000000| Complete 
|  17|0x0000000081100000, 0x0000000081200000, 0x0000000081200000|100%|HS|  |TAMS 0x0000000081200000, 0x0000000081100000| Complete 
|  18|0x0000000081200000, 0x0000000081300000, 0x0000000081300000|100%|HC|  |TAMS 0x0000000081300000, 0x0000000081200000| Complete 
|  19|0x0000000081300000, 0x0000000081400000, 0x0000000081400000|100%| O|  |TAMS 0x0000000081400000, 0x0000000081300000| Untracked 
|  20|0x0000000081400000, 0x0000000081500000, 0x0000000081500000|100%| O|  |TAMS 0x0000000081500000, 0x0000000081400000| Complete 
|  21|0x0000000081500000, 0x0000000081600000, 0x0000000081600000|100%| O|  |TAMS 0x0000000081600000, 0x0000000081500000| Complete 
|  22|0x0000000081600000, 0x0000000081700000, 0x0000000081700000|100%| O|  |TAMS 0x0000000081700000, 0x0000000081600000| Untracked 
|  23|0x0000000081700000, 0x0000000081800000, 0x0000000081800000|100%| O|  |TAMS 0x0000000081800000, 0x0000000081700000| Untracked 
|  24|0x0000000081800000, 0x0000000081900000, 0x0000000081900000|100%| O|  |TAMS 0x0000000081900000, 0x0000000081800000| Untracked 
|  25|0x0000000081900000, 0x0000000081a00000, 0x0000000081a00000|100%| O|  |TAMS 0x0000000081a00000, 0x0000000081900000| Untracked 
|  26|0x0000000081a00000, 0x0000000081b00000, 0x0000000081b00000|100%| O|  |TAMS 0x0000000081b00000, 0x0000000081a00000| Untracked 
|  27|0x0000000081b00000, 0x0000000081c00000, 0x0000000081c00000|100%| O|  |TAMS 0x0000000081c00000, 0x0000000081b00000| Untracked 
|  28|0x0000000081c00000, 0x0000000081d00000, 0x0000000081d00000|100%| O|  |TAMS 0x0000000081d00000, 0x0000000081c00000| Untracked 
|  29|0x0000000081d00000, 0x0000000081e00000, 0x0000000081e00000|100%| O|  |TAMS 0x0000000081e00000, 0x0000000081d00000| Untracked 
|  30|0x0000000081e00000, 0x0000000081f00000, 0x0000000081f00000|100%| O|  |TAMS 0x0000000081f00000, 0x0000000081e00000| Complete 
|  31|0x0000000081f00000, 0x0000000082000000, 0x0000000082000000|100%| O|  |TAMS 0x0000000082000000, 0x0000000081f00000| Untracked 
|  32|0x0000000082000000, 0x0000000082100000, 0x0000000082100000|100%| O|  |TAMS 0x0000000082100000, 0x0000000082000000| Untracked 
|  33|0x0000000082100000, 0x0000000082200000, 0x0000000082200000|100%| O|  |TAMS 0x0000000082200000, 0x0000000082100000| Untracked 
|  34|0x0000000082200000, 0x0000000082300000, 0x0000000082300000|100%| O|  |TAMS 0x0000000082300000, 0x0000000082200000| Complete 
|  35|0x0000000082300000, 0x0000000082400000, 0x0000000082400000|100%| O|  |TAMS 0x0000000082400000, 0x0000000082300000| Untracked 
|  36|0x0000000082400000, 0x0000000082500000, 0x0000000082500000|100%| O|  |TAMS 0x0000000082500000, 0x0000000082400000| Untracked 
|  37|0x0000000082500000, 0x0000000082600000, 0x0000000082600000|100%| O|  |TAMS 0x0000000082600000, 0x0000000082500000| Untracked 
|  38|0x0000000082600000, 0x0000000082700000, 0x0000000082700000|100%| O|  |TAMS 0x0000000082700000, 0x0000000082600000| Untracked 
|  39|0x0000000082700000, 0x0000000082800000, 0x0000000082800000|100%| O|  |TAMS 0x0000000082800000, 0x0000000082700000| Untracked 
|  40|0x0000000082800000, 0x0000000082900000, 0x0000000082900000|100%| O|  |TAMS 0x0000000082900000, 0x0000000082800000| Untracked 
|  41|0x0000000082900000, 0x0000000082a00000, 0x0000000082a00000|100%| O|  |TAMS 0x0000000082a00000, 0x0000000082900000| Complete 
|  42|0x0000000082a00000, 0x0000000082b00000, 0x0000000082b00000|100%| O|  |TAMS 0x0000000082b00000, 0x0000000082a00000| Untracked 
|  43|0x0000000082b00000, 0x0000000082c00000, 0x0000000082c00000|100%| O|  |TAMS 0x0000000082c00000, 0x0000000082b00000| Untracked 
|  44|0x0000000082c00000, 0x0000000082d00000, 0x0000000082d00000|100%| O|  |TAMS 0x0000000082d00000, 0x0000000082c00000| Untracked 
|  45|0x0000000082d00000, 0x0000000082e00000, 0x0000000082e00000|100%| O|  |TAMS 0x0000000082e00000, 0x0000000082d00000| Untracked 
|  46|0x0000000082e00000, 0x0000000082f00000, 0x0000000082f00000|100%| O|  |TAMS 0x0000000082f00000, 0x0000000082e00000| Untracked 
|  47|0x0000000082f00000, 0x0000000083000000, 0x0000000083000000|100%| O|  |TAMS 0x0000000083000000, 0x0000000082f00000| Untracked 
|  48|0x0000000083000000, 0x0000000083100000, 0x0000000083100000|100%| O|  |TAMS 0x0000000083100000, 0x0000000083000000| Untracked 
|  49|0x0000000083100000, 0x0000000083200000, 0x0000000083200000|100%| O|  |TAMS 0x0000000083200000, 0x0000000083100000| Untracked 
|  50|0x0000000083200000, 0x0000000083300000, 0x0000000083300000|100%| O|  |TAMS 0x0000000083300000, 0x0000000083200000| Untracked 
|  51|0x0000000083300000, 0x0000000083400000, 0x0000000083400000|100%|HS|  |TAMS 0x0000000083400000, 0x0000000083300000| Complete 
|  52|0x0000000083400000, 0x0000000083500000, 0x0000000083500000|100%| O|  |TAMS 0x0000000083500000, 0x0000000083400000| Untracked 
|  53|0x0000000083500000, 0x0000000083600000, 0x0000000083600000|100%| O|  |TAMS 0x0000000083600000, 0x0000000083500000| Complete 
|  54|0x0000000083600000, 0x0000000083700000, 0x0000000083700000|100%| O|  |TAMS 0x0000000083700000, 0x0000000083600000| Untracked 
|  55|0x0000000083700000, 0x0000000083800000, 0x0000000083800000|100%| O|  |TAMS 0x0000000083800000, 0x0000000083700000| Untracked 
|  56|0x0000000083800000, 0x0000000083900000, 0x0000000083900000|100%| O|  |TAMS 0x0000000083900000, 0x0000000083800000| Untracked 
|  57|0x0000000083900000, 0x0000000083a00000, 0x0000000083a00000|100%| O|  |TAMS 0x0000000083a00000, 0x0000000083900000| Untracked 
|  58|0x0000000083a00000, 0x0000000083b00000, 0x0000000083b00000|100%| O|  |TAMS 0x0000000083b00000, 0x0000000083a00000| Untracked 
|  59|0x0000000083b00000, 0x0000000083c00000, 0x0000000083c00000|100%| O|  |TAMS 0x0000000083c00000, 0x0000000083b00000| Untracked 
|  60|0x0000000083c00000, 0x0000000083d00000, 0x0000000083d00000|100%| O|  |TAMS 0x0000000083d00000, 0x0000000083c00000| Untracked 
|  61|0x0000000083d00000, 0x0000000083e00000, 0x0000000083e00000|100%| O|  |TAMS 0x0000000083e00000, 0x0000000083d00000| Untracked 
|  62|0x0000000083e00000, 0x0000000083f00000, 0x0000000083f00000|100%| O|  |TAMS 0x0000000083f00000, 0x0000000083e00000| Untracked 
|  63|0x0000000083f00000, 0x0000000084000000, 0x0000000084000000|100%| O|  |TAMS 0x0000000084000000, 0x0000000083f00000| Untracked 
|  64|0x0000000084000000, 0x0000000084100000, 0x0000000084100000|100%| O|  |TAMS 0x0000000084100000, 0x0000000084000000| Untracked 
|  65|0x0000000084100000, 0x0000000084200000, 0x0000000084200000|100%|HS|  |TAMS 0x0000000084200000, 0x0000000084100000| Complete 
|  66|0x0000000084200000, 0x0000000084300000, 0x0000000084300000|100%| O|  |TAMS 0x0000000084300000, 0x0000000084200000| Untracked 
|  67|0x0000000084300000, 0x0000000084400000, 0x0000000084400000|100%| O|  |TAMS 0x0000000084400000, 0x0000000084300000| Complete 
|  68|0x0000000084400000, 0x0000000084500000, 0x0000000084500000|100%| O|  |TAMS 0x0000000084500000, 0x0000000084400000| Complete 
|  69|0x0000000084500000, 0x0000000084600000, 0x0000000084600000|100%| O|  |TAMS 0x0000000084600000, 0x0000000084500000| Untracked 
|  70|0x0000000084600000, 0x0000000084700000, 0x0000000084700000|100%| O|  |TAMS 0x0000000084700000, 0x0000000084600000| Untracked 
|  71|0x0000000084700000, 0x0000000084800000, 0x0000000084800000|100%| O|  |TAMS 0x0000000084800000, 0x0000000084700000| Untracked 
|  72|0x0000000084800000, 0x0000000084900000, 0x0000000084900000|100%| O|  |TAMS 0x0000000084900000, 0x0000000084800000| Untracked 
|  73|0x0000000084900000, 0x0000000084a00000, 0x0000000084a00000|100%| O|  |TAMS 0x0000000084a00000, 0x0000000084900000| Untracked 
|  74|0x0000000084a00000, 0x0000000084b00000, 0x0000000084b00000|100%| O|  |TAMS 0x0000000084b00000, 0x0000000084a00000| Untracked 
|  75|0x0000000084b00000, 0x0000000084c00000, 0x0000000084c00000|100%| O|  |TAMS 0x0000000084c00000, 0x0000000084b00000| Untracked 
|  76|0x0000000084c00000, 0x0000000084d00000, 0x0000000084d00000|100%| O|  |TAMS 0x0000000084d00000, 0x0000000084c00000| Untracked 
|  77|0x0000000084d00000, 0x0000000084e00000, 0x0000000084e00000|100%| O|  |TAMS 0x0000000084e00000, 0x0000000084d00000| Untracked 
|  78|0x0000000084e00000, 0x0000000084f00000, 0x0000000084f00000|100%| O|  |TAMS 0x0000000084f00000, 0x0000000084e00000| Untracked 
|  79|0x0000000084f00000, 0x0000000085000000, 0x0000000085000000|100%| O|  |TAMS 0x0000000085000000, 0x0000000084f00000| Untracked 
|  80|0x0000000085000000, 0x0000000085100000, 0x0000000085100000|100%| O|  |TAMS 0x0000000085100000, 0x0000000085000000| Untracked 
|  81|0x0000000085100000, 0x0000000085200000, 0x0000000085200000|100%| O|  |TAMS 0x0000000085200000, 0x0000000085100000| Complete 
|  82|0x0000000085200000, 0x0000000085300000, 0x0000000085300000|100%| O|  |TAMS 0x0000000085300000, 0x0000000085200000| Complete 
|  83|0x0000000085300000, 0x0000000085400000, 0x0000000085400000|100%| O|  |TAMS 0x0000000085400000, 0x0000000085300000| Untracked 
|  84|0x0000000085400000, 0x0000000085500000, 0x0000000085500000|100%| O|  |TAMS 0x0000000085500000, 0x0000000085400000| Untracked 
|  85|0x0000000085500000, 0x0000000085500000, 0x0000000085600000|  0%| F|  |TAMS 0x0000000085500000, 0x0000000085500000| Untracked 
|  86|0x0000000085600000, 0x0000000085700000, 0x0000000085700000|100%| O|  |TAMS 0x0000000085700000, 0x0000000085600000| Untracked 
|  87|0x0000000085700000, 0x0000000085800000, 0x0000000085800000|100%| O|  |TAMS 0x0000000085800000, 0x0000000085700000| Complete 
|  88|0x0000000085800000, 0x0000000085900000, 0x0000000085900000|100%| O|  |TAMS 0x0000000085900000, 0x0000000085800000| Untracked 
|  89|0x0000000085900000, 0x0000000085a00000, 0x0000000085a00000|100%| O|  |TAMS 0x0000000085a00000, 0x0000000085900000| Complete 
|  90|0x0000000085a00000, 0x0000000085b00000, 0x0000000085b00000|100%| O|  |TAMS 0x0000000085b00000, 0x0000000085a00000| Complete 
|  91|0x0000000085b00000, 0x0000000085c00000, 0x0000000085c00000|100%| O|  |TAMS 0x0000000085c00000, 0x0000000085b00000| Complete 
|  92|0x0000000085c00000, 0x0000000085d00000, 0x0000000085d00000|100%| O|  |TAMS 0x0000000085d00000, 0x0000000085c00000| Complete 
|  93|0x0000000085d00000, 0x0000000085e00000, 0x0000000085e00000|100%| O|  |TAMS 0x0000000085e00000, 0x0000000085d00000| Complete 
|  94|0x0000000085e00000, 0x0000000085f00000, 0x0000000085f00000|100%| O|  |TAMS 0x0000000085f00000, 0x0000000085e00000| Untracked 
|  95|0x0000000085f00000, 0x0000000086000000, 0x0000000086000000|100%| O|  |TAMS 0x0000000086000000, 0x0000000085f00000| Untracked 
|  96|0x0000000086000000, 0x0000000086100000, 0x0000000086100000|100%| O|  |TAMS 0x0000000086100000, 0x0000000086000000| Complete 
|  97|0x0000000086100000, 0x0000000086200000, 0x0000000086200000|100%| O|  |TAMS 0x0000000086200000, 0x0000000086100000| Untracked 
|  98|0x0000000086200000, 0x0000000086300000, 0x0000000086300000|100%| O|  |TAMS 0x0000000086300000, 0x0000000086200000| Complete 
|  99|0x0000000086300000, 0x0000000086400000, 0x0000000086400000|100%| O|  |TAMS 0x0000000086400000, 0x0000000086300000| Untracked 
| 100|0x0000000086400000, 0x0000000086500000, 0x0000000086500000|100%| O|  |TAMS 0x0000000086500000, 0x0000000086400000| Untracked 
| 101|0x0000000086500000, 0x0000000086600000, 0x0000000086600000|100%| O|  |TAMS 0x0000000086600000, 0x0000000086500000| Untracked 
| 102|0x0000000086600000, 0x0000000086700000, 0x0000000086700000|100%| O|  |TAMS 0x0000000086700000, 0x0000000086600000| Untracked 
| 103|0x0000000086700000, 0x0000000086800000, 0x0000000086800000|100%| O|  |TAMS 0x0000000086800000, 0x0000000086700000| Untracked 
| 104|0x0000000086800000, 0x0000000086900000, 0x0000000086900000|100%| O|  |TAMS 0x0000000086900000, 0x0000000086800000| Complete 
| 105|0x0000000086900000, 0x0000000086a00000, 0x0000000086a00000|100%| O|  |TAMS 0x0000000086a00000, 0x0000000086900000| Untracked 
| 106|0x0000000086a00000, 0x0000000086b00000, 0x0000000086b00000|100%| O|  |TAMS 0x0000000086b00000, 0x0000000086a00000| Untracked 
| 107|0x0000000086b00000, 0x0000000086c00000, 0x0000000086c00000|100%| O|  |TAMS 0x0000000086c00000, 0x0000000086b00000| Untracked 
| 108|0x0000000086c00000, 0x0000000086d00000, 0x0000000086d00000|100%| O|  |TAMS 0x0000000086d00000, 0x0000000086c00000| Untracked 
| 109|0x0000000086d00000, 0x0000000086e00000, 0x0000000086e00000|100%| O|  |TAMS 0x0000000086e00000, 0x0000000086d00000| Untracked 
| 110|0x0000000086e00000, 0x0000000086f00000, 0x0000000086f00000|100%| O|  |TAMS 0x0000000086f00000, 0x0000000086e00000| Untracked 
| 111|0x0000000086f00000, 0x0000000087000000, 0x0000000087000000|100%| O|  |TAMS 0x0000000087000000, 0x0000000086f00000| Untracked 
| 112|0x0000000087000000, 0x0000000087100000, 0x0000000087100000|100%| O|  |TAMS 0x0000000087100000, 0x0000000087000000| Untracked 
| 113|0x0000000087100000, 0x0000000087200000, 0x0000000087200000|100%| O|  |TAMS 0x0000000087200000, 0x0000000087100000| Untracked 
| 114|0x0000000087200000, 0x0000000087300000, 0x0000000087300000|100%| O|  |TAMS 0x0000000087300000, 0x0000000087200000| Complete 
| 115|0x0000000087300000, 0x0000000087400000, 0x0000000087400000|100%| O|  |TAMS 0x0000000087400000, 0x0000000087300000| Untracked 
| 116|0x0000000087400000, 0x0000000087500000, 0x0000000087500000|100%| O|  |TAMS 0x0000000087500000, 0x0000000087400000| Untracked 
| 117|0x0000000087500000, 0x0000000087500000, 0x0000000087600000|  0%| F|  |TAMS 0x0000000087500000, 0x0000000087500000| Untracked 
| 118|0x0000000087600000, 0x0000000087600000, 0x0000000087700000|  0%| F|  |TAMS 0x0000000087600000, 0x0000000087600000| Untracked 
| 119|0x0000000087700000, 0x0000000087800000, 0x0000000087800000|100%| O|  |TAMS 0x0000000087800000, 0x0000000087700000| Untracked 
| 120|0x0000000087800000, 0x0000000087900000, 0x0000000087900000|100%| O|  |TAMS 0x0000000087900000, 0x0000000087800000| Untracked 
| 121|0x0000000087900000, 0x0000000087a00000, 0x0000000087a00000|100%| O|  |TAMS 0x0000000087a00000, 0x0000000087900000| Untracked 
| 122|0x0000000087a00000, 0x0000000087b00000, 0x0000000087b00000|100%| O|  |TAMS 0x0000000087b00000, 0x0000000087a00000| Complete 
| 123|0x0000000087b00000, 0x0000000087b00000, 0x0000000087c00000|  0%| F|  |TAMS 0x0000000087b00000, 0x0000000087b00000| Untracked 
| 124|0x0000000087c00000, 0x0000000087c00000, 0x0000000087d00000|  0%| F|  |TAMS 0x0000000087c00000, 0x0000000087c00000| Untracked 
| 125|0x0000000087d00000, 0x0000000087e00000, 0x0000000087e00000|100%| O|  |TAMS 0x0000000087e00000, 0x0000000087d00000| Complete 
| 126|0x0000000087e00000, 0x0000000087f00000, 0x0000000087f00000|100%|HS|  |TAMS 0x0000000087e00000, 0x0000000087e00000| Complete 
| 127|0x0000000087f00000, 0x0000000088000000, 0x0000000088000000|100%|HS|  |TAMS 0x0000000087f00000, 0x0000000087f00000| Complete 
| 128|0x0000000088000000, 0x0000000088100000, 0x0000000088100000|100%| O|  |TAMS 0x0000000088000000, 0x0000000088000000| Untracked 
| 129|0x0000000088100000, 0x0000000088200000, 0x0000000088200000|100%| O|  |TAMS 0x0000000088100000, 0x0000000088100000| Untracked 
| 130|0x0000000088200000, 0x0000000088300000, 0x0000000088300000|100%| O|  |TAMS 0x0000000088200000, 0x0000000088200000| Untracked 
| 131|0x0000000088300000, 0x0000000088400000, 0x0000000088400000|100%| O|  |TAMS 0x0000000088300000, 0x0000000088300000| Untracked 
| 132|0x0000000088400000, 0x0000000088500000, 0x0000000088500000|100%| O|  |TAMS 0x0000000088400000, 0x0000000088400000| Untracked 
| 133|0x0000000088500000, 0x0000000088600000, 0x0000000088600000|100%| O|  |TAMS 0x0000000088600000, 0x0000000088500000| Untracked 
| 134|0x0000000088600000, 0x0000000088700000, 0x0000000088700000|100%|HS|  |TAMS 0x0000000088700000, 0x0000000088600000| Complete 
| 135|0x0000000088700000, 0x0000000088800000, 0x0000000088800000|100%|HC|  |TAMS 0x0000000088800000, 0x0000000088700000| Complete 
| 136|0x0000000088800000, 0x0000000088900000, 0x0000000088900000|100%|HC|  |TAMS 0x0000000088900000, 0x0000000088800000| Complete 
| 137|0x0000000088900000, 0x0000000088a00000, 0x0000000088a00000|100%|HC|  |TAMS 0x0000000088a00000, 0x0000000088900000| Complete 
| 138|0x0000000088a00000, 0x0000000088b00000, 0x0000000088b00000|100%|HC|  |TAMS 0x0000000088b00000, 0x0000000088a00000| Complete 
| 139|0x0000000088b00000, 0x0000000088c00000, 0x0000000088c00000|100%|HC|  |TAMS 0x0000000088c00000, 0x0000000088b00000| Complete 
| 140|0x0000000088c00000, 0x0000000088d00000, 0x0000000088d00000|100%|HC|  |TAMS 0x0000000088d00000, 0x0000000088c00000| Complete 
| 141|0x0000000088d00000, 0x0000000088e00000, 0x0000000088e00000|100%|HC|  |TAMS 0x0000000088e00000, 0x0000000088d00000| Complete 
| 142|0x0000000088e00000, 0x0000000088f00000, 0x0000000088f00000|100%| O|  |TAMS 0x0000000088f00000, 0x0000000088e00000| Complete 
| 143|0x0000000088f00000, 0x0000000089000000, 0x0000000089000000|100%| O|  |TAMS 0x0000000089000000, 0x0000000088f00000| Untracked 
| 144|0x0000000089000000, 0x0000000089100000, 0x0000000089100000|100%| O|  |TAMS 0x0000000089100000, 0x0000000089000000| Untracked 
| 145|0x0000000089100000, 0x0000000089200000, 0x0000000089200000|100%| O|  |TAMS 0x0000000089200000, 0x0000000089100000| Untracked 
| 146|0x0000000089200000, 0x0000000089300000, 0x0000000089300000|100%| O|  |TAMS 0x0000000089300000, 0x0000000089200000| Untracked 
| 147|0x0000000089300000, 0x0000000089400000, 0x0000000089400000|100%| O|  |TAMS 0x0000000089400000, 0x0000000089300000| Complete 
| 148|0x0000000089400000, 0x0000000089500000, 0x0000000089500000|100%| O|  |TAMS 0x0000000089500000, 0x0000000089400000| Complete 
| 149|0x0000000089500000, 0x0000000089600000, 0x0000000089600000|100%| O|  |TAMS 0x0000000089600000, 0x0000000089500000| Untracked 
| 150|0x0000000089600000, 0x0000000089700000, 0x0000000089700000|100%|HS|  |TAMS 0x0000000089700000, 0x0000000089600000| Complete 
| 151|0x0000000089700000, 0x0000000089800000, 0x0000000089800000|100%|HC|  |TAMS 0x0000000089800000, 0x0000000089700000| Complete 
| 152|0x0000000089800000, 0x0000000089900000, 0x0000000089900000|100%|HC|  |TAMS 0x0000000089900000, 0x0000000089800000| Complete 
| 153|0x0000000089900000, 0x0000000089a00000, 0x0000000089a00000|100%|HC|  |TAMS 0x0000000089a00000, 0x0000000089900000| Complete 
| 154|0x0000000089a00000, 0x0000000089b00000, 0x0000000089b00000|100%|HC|  |TAMS 0x0000000089b00000, 0x0000000089a00000| Complete 
| 155|0x0000000089b00000, 0x0000000089c00000, 0x0000000089c00000|100%|HC|  |TAMS 0x0000000089c00000, 0x0000000089b00000| Complete 
| 156|0x0000000089c00000, 0x0000000089d00000, 0x0000000089d00000|100%|HC|  |TAMS 0x0000000089d00000, 0x0000000089c00000| Complete 
| 157|0x0000000089d00000, 0x0000000089e00000, 0x0000000089e00000|100%|HC|  |TAMS 0x0000000089e00000, 0x0000000089d00000| Complete 
| 158|0x0000000089e00000, 0x0000000089f00000, 0x0000000089f00000|100%| O|  |TAMS 0x0000000089e00000, 0x0000000089e00000| Untracked 
| 159|0x0000000089f00000, 0x000000008a000000, 0x000000008a000000|100%| O|  |TAMS 0x0000000089f00000, 0x0000000089f00000| Untracked 
| 160|0x000000008a000000, 0x000000008a100000, 0x000000008a100000|100%| O|  |TAMS 0x000000008a000000, 0x000000008a000000| Untracked 
| 161|0x000000008a100000, 0x000000008a200000, 0x000000008a200000|100%| O|  |TAMS 0x000000008a100000, 0x000000008a100000| Untracked 
| 162|0x000000008a200000, 0x000000008a300000, 0x000000008a300000|100%| O|  |TAMS 0x000000008a200000, 0x000000008a200000| Untracked 
| 163|0x000000008a300000, 0x000000008a400000, 0x000000008a400000|100%| O|  |TAMS 0x000000008a300000, 0x000000008a300000| Untracked 
| 164|0x000000008a400000, 0x000000008a500000, 0x000000008a500000|100%| O|  |TAMS 0x000000008a500000, 0x000000008a400000| Untracked 
| 165|0x000000008a500000, 0x000000008a600000, 0x000000008a600000|100%| O|  |TAMS 0x000000008a600000, 0x000000008a500000| Complete 
| 166|0x000000008a600000, 0x000000008a700000, 0x000000008a700000|100%| O|  |TAMS 0x000000008a700000, 0x000000008a600000| Untracked 
| 167|0x000000008a700000, 0x000000008a800000, 0x000000008a800000|100%| O|  |TAMS 0x000000008a800000, 0x000000008a700000| Untracked 
| 168|0x000000008a800000, 0x000000008a900000, 0x000000008a900000|100%| O|  |TAMS 0x000000008a900000, 0x000000008a800000| Untracked 
| 169|0x000000008a900000, 0x000000008aa00000, 0x000000008aa00000|100%| O|  |TAMS 0x000000008aa00000, 0x000000008a900000| Complete 
| 170|0x000000008aa00000, 0x000000008ab00000, 0x000000008ab00000|100%| O|  |TAMS 0x000000008ab00000, 0x000000008aa00000| Untracked 
| 171|0x000000008ab00000, 0x000000008ac00000, 0x000000008ac00000|100%| O|  |TAMS 0x000000008ac00000, 0x000000008ab00000| Complete 
| 172|0x000000008ac00000, 0x000000008ad00000, 0x000000008ad00000|100%| O|  |TAMS 0x000000008ad00000, 0x000000008ac00000| Untracked 
| 173|0x000000008ad00000, 0x000000008ad00000, 0x000000008ae00000|  0%| F|  |TAMS 0x000000008ad00000, 0x000000008ad00000| Untracked 
| 174|0x000000008ae00000, 0x000000008af00000, 0x000000008af00000|100%| O|  |TAMS 0x000000008af00000, 0x000000008ae00000| Complete 
| 175|0x000000008af00000, 0x000000008b000000, 0x000000008b000000|100%| O|  |TAMS 0x000000008af00000, 0x000000008af00000| Untracked 
| 176|0x000000008b000000, 0x000000008b100000, 0x000000008b100000|100%| O|  |TAMS 0x000000008b000000, 0x000000008b000000| Untracked 
| 177|0x000000008b100000, 0x000000008b200000, 0x000000008b200000|100%| O|  |TAMS 0x000000008b100000, 0x000000008b100000| Untracked 
| 178|0x000000008b200000, 0x000000008b300000, 0x000000008b300000|100%| O|  |TAMS 0x000000008b200000, 0x000000008b200000| Untracked 
| 179|0x000000008b300000, 0x000000008b400000, 0x000000008b400000|100%| O|  |TAMS 0x000000008b300000, 0x000000008b300000| Untracked 
| 180|0x000000008b400000, 0x000000008b500000, 0x000000008b500000|100%| O|  |TAMS 0x000000008b400000, 0x000000008b400000| Untracked 
| 181|0x000000008b500000, 0x000000008b600000, 0x000000008b600000|100%| O|  |TAMS 0x000000008b500000, 0x000000008b500000| Untracked 
| 182|0x000000008b600000, 0x000000008b700000, 0x000000008b700000|100%| O|  |TAMS 0x000000008b600000, 0x000000008b600000| Untracked 
| 183|0x000000008b700000, 0x000000008b800000, 0x000000008b800000|100%| O|  |TAMS 0x000000008b700000, 0x000000008b700000| Untracked 
| 184|0x000000008b800000, 0x000000008b900000, 0x000000008b900000|100%| O|  |TAMS 0x000000008b800000, 0x000000008b800000| Untracked 
| 185|0x000000008b900000, 0x000000008ba00000, 0x000000008ba00000|100%| O|  |TAMS 0x000000008b900000, 0x000000008b900000| Untracked 
| 186|0x000000008ba00000, 0x000000008bb00000, 0x000000008bb00000|100%| O|  |TAMS 0x000000008ba00000, 0x000000008ba00000| Untracked 
| 187|0x000000008bb00000, 0x000000008bc00000, 0x000000008bc00000|100%| O|  |TAMS 0x000000008bb00000, 0x000000008bb00000| Untracked 
| 188|0x000000008bc00000, 0x000000008bd00000, 0x000000008bd00000|100%| O|  |TAMS 0x000000008bc00000, 0x000000008bc00000| Untracked 
| 189|0x000000008bd00000, 0x000000008bdb8c00, 0x000000008be00000| 72%| O|  |TAMS 0x000000008bd00000, 0x000000008bd00000| Untracked 
| 190|0x000000008be00000, 0x000000008be00000, 0x000000008bf00000|  0%| F|  |TAMS 0x000000008be00000, 0x000000008be00000| Untracked 
| 191|0x000000008bf00000, 0x000000008bf00000, 0x000000008c000000|  0%| F|  |TAMS 0x000000008bf00000, 0x000000008bf00000| Untracked 
| 192|0x000000008c000000, 0x000000008c000000, 0x000000008c100000|  0%| F|  |TAMS 0x000000008c000000, 0x000000008c000000| Untracked 
| 193|0x000000008c100000, 0x000000008c100000, 0x000000008c200000|  0%| F|  |TAMS 0x000000008c100000, 0x000000008c100000| Untracked 
| 194|0x000000008c200000, 0x000000008c200000, 0x000000008c300000|  0%| F|  |TAMS 0x000000008c200000, 0x000000008c200000| Untracked 
| 195|0x000000008c300000, 0x000000008c300000, 0x000000008c400000|  0%| F|  |TAMS 0x000000008c300000, 0x000000008c300000| Untracked 
| 196|0x000000008c400000, 0x000000008c400000, 0x000000008c500000|  0%| F|  |TAMS 0x000000008c400000, 0x000000008c400000| Untracked 
| 197|0x000000008c500000, 0x000000008c500000, 0x000000008c600000|  0%| F|  |TAMS 0x000000008c500000, 0x000000008c500000| Untracked 
| 198|0x000000008c600000, 0x000000008c600000, 0x000000008c700000|  0%| F|  |TAMS 0x000000008c600000, 0x000000008c600000| Untracked 
| 199|0x000000008c700000, 0x000000008c700000, 0x000000008c800000|  0%| F|  |TAMS 0x000000008c700000, 0x000000008c700000| Untracked 
| 200|0x000000008c800000, 0x000000008c800000, 0x000000008c900000|  0%| F|  |TAMS 0x000000008c800000, 0x000000008c800000| Untracked 
| 201|0x000000008c900000, 0x000000008c900000, 0x000000008ca00000|  0%| F|  |TAMS 0x000000008c900000, 0x000000008c900000| Untracked 
| 202|0x000000008ca00000, 0x000000008ca00000, 0x000000008cb00000|  0%| F|  |TAMS 0x000000008ca00000, 0x000000008ca00000| Untracked 
| 203|0x000000008cb00000, 0x000000008cb00000, 0x000000008cc00000|  0%| F|  |TAMS 0x000000008cb00000, 0x000000008cb00000| Untracked 
| 204|0x000000008cc00000, 0x000000008cc00000, 0x000000008cd00000|  0%| F|  |TAMS 0x000000008cc00000, 0x000000008cc00000| Untracked 
| 205|0x000000008cd00000, 0x000000008cd00000, 0x000000008ce00000|  0%| F|  |TAMS 0x000000008cd00000, 0x000000008cd00000| Untracked 
| 206|0x000000008ce00000, 0x000000008ce00000, 0x000000008cf00000|  0%| F|  |TAMS 0x000000008ce00000, 0x000000008ce00000| Untracked 
| 207|0x000000008cf00000, 0x000000008cf00000, 0x000000008d000000|  0%| F|  |TAMS 0x000000008cf00000, 0x000000008cf00000| Untracked 
| 208|0x000000008d000000, 0x000000008d000000, 0x000000008d100000|  0%| F|  |TAMS 0x000000008d000000, 0x000000008d000000| Untracked 
| 209|0x000000008d100000, 0x000000008d100000, 0x000000008d200000|  0%| F|  |TAMS 0x000000008d100000, 0x000000008d100000| Untracked 
| 210|0x000000008d200000, 0x000000008d200000, 0x000000008d300000|  0%| F|  |TAMS 0x000000008d200000, 0x000000008d200000| Untracked 
| 211|0x000000008d300000, 0x000000008d300000, 0x000000008d400000|  0%| F|  |TAMS 0x000000008d300000, 0x000000008d300000| Untracked 
| 212|0x000000008d400000, 0x000000008d400000, 0x000000008d500000|  0%| F|  |TAMS 0x000000008d400000, 0x000000008d400000| Untracked 
| 213|0x000000008d500000, 0x000000008d500000, 0x000000008d600000|  0%| F|  |TAMS 0x000000008d500000, 0x000000008d500000| Untracked 
| 214|0x000000008d600000, 0x000000008d600000, 0x000000008d700000|  0%| F|  |TAMS 0x000000008d600000, 0x000000008d600000| Untracked 
| 215|0x000000008d700000, 0x000000008d700000, 0x000000008d800000|  0%| F|  |TAMS 0x000000008d700000, 0x000000008d700000| Untracked 
| 216|0x000000008d800000, 0x000000008d800000, 0x000000008d900000|  0%| F|  |TAMS 0x000000008d800000, 0x000000008d800000| Untracked 
| 217|0x000000008d900000, 0x000000008d900000, 0x000000008da00000|  0%| F|  |TAMS 0x000000008d900000, 0x000000008d900000| Untracked 
| 218|0x000000008da00000, 0x000000008da00000, 0x000000008db00000|  0%| F|  |TAMS 0x000000008da00000, 0x000000008da00000| Untracked 
| 219|0x000000008db00000, 0x000000008db00000, 0x000000008dc00000|  0%| F|  |TAMS 0x000000008db00000, 0x000000008db00000| Untracked 
| 220|0x000000008dc00000, 0x000000008dc00000, 0x000000008dd00000|  0%| F|  |TAMS 0x000000008dc00000, 0x000000008dc00000| Untracked 
| 221|0x000000008dd00000, 0x000000008dd00000, 0x000000008de00000|  0%| F|  |TAMS 0x000000008dd00000, 0x000000008dd00000| Untracked 
| 222|0x000000008de00000, 0x000000008de00000, 0x000000008df00000|  0%| F|  |TAMS 0x000000008de00000, 0x000000008de00000| Untracked 
| 223|0x000000008df00000, 0x000000008df00000, 0x000000008e000000|  0%| F|  |TAMS 0x000000008df00000, 0x000000008df00000| Untracked 
| 224|0x000000008e000000, 0x000000008e000000, 0x000000008e100000|  0%| F|  |TAMS 0x000000008e000000, 0x000000008e000000| Untracked 
| 225|0x000000008e100000, 0x000000008e100000, 0x000000008e200000|  0%| F|  |TAMS 0x000000008e100000, 0x000000008e100000| Untracked 
| 226|0x000000008e200000, 0x000000008e200000, 0x000000008e300000|  0%| F|  |TAMS 0x000000008e200000, 0x000000008e200000| Untracked 
| 227|0x000000008e300000, 0x000000008e300000, 0x000000008e400000|  0%| F|  |TAMS 0x000000008e300000, 0x000000008e300000| Untracked 
| 228|0x000000008e400000, 0x000000008e400000, 0x000000008e500000|  0%| F|  |TAMS 0x000000008e400000, 0x000000008e400000| Untracked 
| 229|0x000000008e500000, 0x000000008e500000, 0x000000008e600000|  0%| F|  |TAMS 0x000000008e500000, 0x000000008e500000| Untracked 
| 230|0x000000008e600000, 0x000000008e600000, 0x000000008e700000|  0%| F|  |TAMS 0x000000008e600000, 0x000000008e600000| Untracked 
| 231|0x000000008e700000, 0x000000008e700000, 0x000000008e800000|  0%| F|  |TAMS 0x000000008e700000, 0x000000008e700000| Untracked 
| 232|0x000000008e800000, 0x000000008e800000, 0x000000008e900000|  0%| F|  |TAMS 0x000000008e800000, 0x000000008e800000| Untracked 
| 233|0x000000008e900000, 0x000000008e900000, 0x000000008ea00000|  0%| F|  |TAMS 0x000000008e900000, 0x000000008e900000| Untracked 
| 234|0x000000008ea00000, 0x000000008ea00000, 0x000000008eb00000|  0%| F|  |TAMS 0x000000008ea00000, 0x000000008ea00000| Untracked 
| 235|0x000000008eb00000, 0x000000008eb00000, 0x000000008ec00000|  0%| F|  |TAMS 0x000000008eb00000, 0x000000008eb00000| Untracked 
| 236|0x000000008ec00000, 0x000000008ec00000, 0x000000008ed00000|  0%| F|  |TAMS 0x000000008ec00000, 0x000000008ec00000| Untracked 
| 237|0x000000008ed00000, 0x000000008ed00000, 0x000000008ee00000|  0%| F|  |TAMS 0x000000008ed00000, 0x000000008ed00000| Untracked 
| 238|0x000000008ee00000, 0x000000008ee00000, 0x000000008ef00000|  0%| F|  |TAMS 0x000000008ee00000, 0x000000008ee00000| Untracked 
| 239|0x000000008ef00000, 0x000000008ef00000, 0x000000008f000000|  0%| F|  |TAMS 0x000000008ef00000, 0x000000008ef00000| Untracked 
| 240|0x000000008f000000, 0x000000008f000000, 0x000000008f100000|  0%| F|  |TAMS 0x000000008f000000, 0x000000008f000000| Untracked 
| 241|0x000000008f100000, 0x000000008f100000, 0x000000008f200000|  0%| F|  |TAMS 0x000000008f100000, 0x000000008f100000| Untracked 
| 242|0x000000008f200000, 0x000000008f200000, 0x000000008f300000|  0%| F|  |TAMS 0x000000008f200000, 0x000000008f200000| Untracked 
| 243|0x000000008f300000, 0x000000008f300000, 0x000000008f400000|  0%| F|  |TAMS 0x000000008f300000, 0x000000008f300000| Untracked 
| 244|0x000000008f400000, 0x000000008f500000, 0x000000008f500000|100%| S|CS|TAMS 0x000000008f400000, 0x000000008f400000| Complete 
| 245|0x000000008f500000, 0x000000008f600000, 0x000000008f600000|100%| S|CS|TAMS 0x000000008f500000, 0x000000008f500000| Complete 
| 246|0x000000008f600000, 0x000000008f600000, 0x000000008f700000|  0%| F|  |TAMS 0x000000008f600000, 0x000000008f600000| Untracked 
| 247|0x000000008f700000, 0x000000008f700000, 0x000000008f800000|  0%| F|  |TAMS 0x000000008f700000, 0x000000008f700000| Untracked 
| 248|0x000000008f800000, 0x000000008f800000, 0x000000008f900000|  0%| F|  |TAMS 0x000000008f800000, 0x000000008f800000| Untracked 
| 249|0x000000008f900000, 0x000000008f900000, 0x000000008fa00000|  0%| F|  |TAMS 0x000000008f900000, 0x000000008f900000| Untracked 
| 250|0x000000008fa00000, 0x000000008fa00000, 0x000000008fb00000|  0%| F|  |TAMS 0x000000008fa00000, 0x000000008fa00000| Untracked 
| 251|0x000000008fb00000, 0x000000008fb00000, 0x000000008fc00000|  0%| F|  |TAMS 0x000000008fb00000, 0x000000008fb00000| Untracked 
| 252|0x000000008fc00000, 0x000000008fc00000, 0x000000008fd00000|  0%| F|  |TAMS 0x000000008fc00000, 0x000000008fc00000| Untracked 
| 253|0x000000008fd00000, 0x000000008fd00000, 0x000000008fe00000|  0%| F|  |TAMS 0x000000008fd00000, 0x000000008fd00000| Untracked 

Card table byte_map: [0x0000027400000000,0x0000027400400000] _byte_map_base: 0x00000273ffc00000

Marking Bits (Prev, Next): (CMBitMap*) 0x000002746c5eadb0, (CMBitMap*) 0x000002746c5ead78
 Prev Bits: [0x0000027402800000, 0x0000027404800000)
 Next Bits: [0x0000027400800000, 0x0000027402800000)

Polling page: 0x000002746ad30000

Metaspace:

Usage:
  Non-class:     97.39 MB capacity,    95.76 MB ( 98%) used,     1.32 MB (  1%) free+waste,   321.19 KB ( <1%) overhead. 
      Class:     14.67 MB capacity,    13.70 MB ( 93%) used,   852.84 KB (  6%) free+waste,   144.00 KB ( <1%) overhead. 
       Both:    112.07 MB capacity,   109.46 MB ( 98%) used,     2.15 MB (  2%) free+waste,   465.19 KB ( <1%) overhead. 

Virtual space:
  Non-class space:      100.00 MB reserved,      99.46 MB (>99%) committed 
      Class space:        1.00 GB reserved,      16.20 MB (  2%) committed 
             Both:        1.10 GB reserved,     115.66 MB ( 10%) committed 

Chunk freelists:
   Non-Class:  2.01 MB
       Class:  1.45 MB
        Both:  3.46 MB

MaxMetaspaceSize: 17179869184.00 GB
CompressedClassSpaceSize: 1.00 GB

CodeHeap 'non-profiled nmethods': size=120000Kb used=11376Kb max_used=11376Kb free=108623Kb
 bounds [0x0000027477a00000, 0x0000027478520000, 0x000002747ef30000]
CodeHeap 'profiled nmethods': size=120000Kb used=36854Kb max_used=36854Kb free=83145Kb
 bounds [0x00000274704d0000, 0x00000274728e0000, 0x0000027477a00000]
CodeHeap 'non-nmethods': size=5760Kb used=2309Kb max_used=2361Kb free=3450Kb
 bounds [0x000002746ff30000, 0x00000274701a0000, 0x00000274704d0000]
 total_blobs=18303 nmethods=17380 adapters=833
 compilation: enabled
              stopped_count=0, restarted_count=0
 full_count=0

Compilation events (20 events):
Event: 32.581 Thread 0x0000027407e19000 18432       2       com.android.tools.r8.code.a0::D (8 bytes)
Event: 32.581 Thread 0x0000027407e19000 nmethod 18432 0x00000274728d7590 code [0x00000274728d7740, 0x00000274728d7878]
Event: 32.585 Thread 0x0000027410d55000 nmethod 18426 0x0000027478516f10 code [0x0000027478517120, 0x00000274785176d8]
Event: 32.585 Thread 0x0000027410d55000 18356       4       com.android.tools.r8.code.U::a (1 bytes)
Event: 32.586 Thread 0x0000027410d55000 nmethod 18356 0x0000027478517f90 code [0x0000027478518120, 0x0000027478518178]
Event: 32.586 Thread 0x0000027410d55000 18368       4       com.android.tools.r8.code.g3::a (1 bytes)
Event: 32.586 Thread 0x0000027410d55000 nmethod 18368 0x0000027478518210 code [0x00000274785183a0, 0x00000274785183f8]
Event: 32.586 Thread 0x0000027410d55000 18371       4       com.android.tools.r8.code.O1::D (4 bytes)
Event: 32.586 Thread 0x0000027410d55000 nmethod 18371 0x0000027478518490 code [0x0000027478518620, 0x0000027478518698]
Event: 32.586 Thread 0x0000027410d55000 18377       4       java.util.stream.SpinedBuffer::accept (94 bytes)
Event: 32.586 Thread 0x0000027407e18000 nmethod 18431% 0x0000027478518710 code [0x0000027478518900, 0x0000027478518e98]
Event: 32.586 Thread 0x0000027407e18000 18376       4       java.util.stream.Nodes$SpinedNodeBuilder::accept (29 bytes)
Event: 32.596 Thread 0x0000027407e19000 18436       2       com.android.tools.r8.graph.O$b$a::a (13 bytes)
Event: 32.596 Thread 0x0000027407e19000 nmethod 18436 0x00000274728d7910 code [0x00000274728d7b00, 0x00000274728d7cd8]
Event: 32.602 Thread 0x0000027410d55000 nmethod 18377 0x0000027478519510 code [0x0000027478519700, 0x000002747851a458]
Event: 32.602 Thread 0x0000027410d55000 18434       4       com.android.tools.r8.graph.O::a (275 bytes)
Event: 32.604 Thread 0x0000027407e19000 18437       2       com.android.tools.r8.graph.t0$o::a (12 bytes)
Event: 32.604 Thread 0x0000027407e19000 nmethod 18437 0x00000274728d7e90 code [0x00000274728d8040, 0x00000274728d8188]
Event: 32.604 Thread 0x0000027407e18000 nmethod 18376 0x000002747851ab10 code [0x000002747851ad00, 0x000002747851ba38]
Event: 32.604 Thread 0x0000027407e18000 18435       4       java.util.stream.AbstractPipeline::evaluateToArrayNode (78 bytes)

GC Heap History (20 events):
Event: 30.695 GC heap after
{Heap after GC invocations=24 (full 0):
 garbage-first heap   total 260096K, used 145785K [0x0000000080000000, 0x0000000100000000)
  region size 1024K, 10 young (10240K), 10 survivors (10240K)
 Metaspace       used 112667K, capacity 116550K, committed 116772K, reserved 1148928K
  class space    used 14701K, capacity 16351K, committed 16460K, reserved 1048576K
}
Event: 31.588 GC heap before
{Heap before GC invocations=25 (full 0):
 garbage-first heap   total 260096K, used 230777K [0x0000000080000000, 0x0000000100000000)
  region size 1024K, 69 young (70656K), 10 survivors (10240K)
 Metaspace       used 113000K, capacity 116544K, committed 117540K, reserved 1150976K
  class space    used 14581K, capacity 16097K, committed 16460K, reserved 1048576K
}
Event: 31.596 GC heap after
{Heap after GC invocations=26 (full 0):
 garbage-first heap   total 260096K, used 160336K [0x0000000080000000, 0x0000000100000000)
  region size 1024K, 5 young (5120K), 5 survivors (5120K)
 Metaspace       used 113000K, capacity 116544K, committed 117540K, reserved 1150976K
  class space    used 14581K, capacity 16097K, committed 16460K, reserved 1048576K
}
Event: 31.639 GC heap before
{Heap before GC invocations=26 (full 0):
 garbage-first heap   total 260096K, used 166480K [0x0000000080000000, 0x0000000100000000)
  region size 1024K, 12 young (12288K), 5 survivors (5120K)
 Metaspace       used 113076K, capacity 116647K, committed 117540K, reserved 1150976K
  class space    used 14586K, capacity 16131K, committed 16460K, reserved 1048576K
}
Event: 31.645 GC heap after
{Heap after GC invocations=27 (full 0):
 garbage-first heap   total 260096K, used 159744K [0x0000000080000000, 0x0000000100000000)
  region size 1024K, 2 young (2048K), 2 survivors (2048K)
 Metaspace       used 113076K, capacity 116647K, committed 117540K, reserved 1150976K
  class space    used 14586K, capacity 16131K, committed 16460K, reserved 1048576K
}
Event: 31.668 GC heap before
{Heap before GC invocations=27 (full 0):
 garbage-first heap   total 260096K, used 164864K [0x0000000080000000, 0x0000000100000000)
  region size 1024K, 8 young (8192K), 2 survivors (2048K)
 Metaspace       used 113076K, capacity 116647K, committed 117540K, reserved 1150976K
  class space    used 14586K, capacity 16131K, committed 16460K, reserved 1048576K
}
Event: 31.673 GC heap after
{Heap after GC invocations=28 (full 0):
 garbage-first heap   total 260096K, used 162900K [0x0000000080000000, 0x0000000100000000)
  region size 1024K, 6 young (6144K), 6 survivors (6144K)
 Metaspace       used 113076K, capacity 116647K, committed 117540K, reserved 1150976K
  class space    used 14586K, capacity 16131K, committed 16460K, reserved 1048576K
}
Event: 31.864 GC heap before
{Heap before GC invocations=29 (full 0):
 garbage-first heap   total 260096K, used 194644K [0x0000000080000000, 0x0000000100000000)
  region size 1024K, 37 young (37888K), 6 survivors (6144K)
 Metaspace       used 111789K, capacity 114545K, committed 118180K, reserved 1150976K
  class space    used 14058K, capacity 15080K, committed 16588K, reserved 1048576K
}
Event: 31.880 GC heap after
{Heap after GC invocations=30 (full 0):
 garbage-first heap   total 260096K, used 174396K [0x0000000080000000, 0x0000000100000000)
  region size 1024K, 5 young (5120K), 5 survivors (5120K)
 Metaspace       used 111789K, capacity 114545K, committed 118180K, reserved 1150976K
  class space    used 14058K, capacity 15080K, committed 16588K, reserved 1048576K
}
Event: 31.937 GC heap before
{Heap before GC invocations=30 (full 0):
 garbage-first heap   total 260096K, used 181564K [0x0000000080000000, 0x0000000100000000)
  region size 1024K, 12 young (12288K), 5 survivors (5120K)
 Metaspace       used 111967K, capacity 114682K, committed 118180K, reserved 1150976K
  class space    used 14058K, capacity 15080K, committed 16588K, reserved 1048576K
}
Event: 31.947 GC heap after
{Heap after GC invocations=31 (full 0):
 garbage-first heap   total 260096K, used 153902K [0x0000000080000000, 0x0000000100000000)
  region size 1024K, 2 young (2048K), 2 survivors (2048K)
 Metaspace       used 111967K, capacity 114682K, committed 118180K, reserved 1150976K
  class space    used 14058K, capacity 15080K, committed 16588K, reserved 1048576K
}
Event: 31.999 GC heap before
{Heap before GC invocations=31 (full 0):
 garbage-first heap   total 260096K, used 163118K [0x0000000080000000, 0x0000000100000000)
  region size 1024K, 12 young (12288K), 2 survivors (2048K)
 Metaspace       used 112000K, capacity 114684K, committed 118180K, reserved 1150976K
  class space    used 14058K, capacity 15080K, committed 16588K, reserved 1048576K
}
Event: 32.007 GC heap after
{Heap after GC invocations=32 (full 0):
 garbage-first heap   total 260096K, used 148449K [0x0000000080000000, 0x0000000100000000)
  region size 1024K, 2 young (2048K), 2 survivors (2048K)
 Metaspace       used 112000K, capacity 114684K, committed 118180K, reserved 1150976K
  class space    used 14058K, capacity 15080K, committed 16588K, reserved 1048576K
}
Event: 32.162 GC heap before
{Heap before GC invocations=32 (full 0):
 garbage-first heap   total 260096K, used 186337K [0x0000000080000000, 0x0000000100000000)
  region size 1024K, 40 young (40960K), 2 survivors (2048K)
 Metaspace       used 112015K, capacity 114748K, committed 118436K, reserved 1150976K
  class space    used 14058K, capacity 15080K, committed 16588K, reserved 1048576K
}
Event: 32.178 GC heap after
{Heap after GC invocations=33 (full 0):
 garbage-first heap   total 260096K, used 171008K [0x0000000080000000, 0x0000000100000000)
  region size 1024K, 5 young (5120K), 5 survivors (5120K)
 Metaspace       used 112015K, capacity 114748K, committed 118436K, reserved 1150976K
  class space    used 14058K, capacity 15080K, committed 16588K, reserved 1048576K
}
Event: 32.308 GC heap before
{Heap before GC invocations=33 (full 0):
 garbage-first heap   total 260096K, used 199680K [0x0000000080000000, 0x0000000100000000)
  region size 1024K, 31 young (31744K), 5 survivors (5120K)
 Metaspace       used 112089K, capacity 114818K, committed 118436K, reserved 1150976K
  class space    used 14058K, capacity 15080K, committed 16588K, reserved 1048576K
}
Event: 32.322 GC heap after
{Heap after GC invocations=34 (full 0):
 garbage-first heap   total 260096K, used 184576K [0x0000000080000000, 0x0000000100000000)
  region size 1024K, 4 young (4096K), 4 survivors (4096K)
 Metaspace       used 112089K, capacity 114818K, committed 118436K, reserved 1150976K
  class space    used 14058K, capacity 15080K, committed 16588K, reserved 1048576K
}
Event: 32.533 GC heap before
{Heap before GC invocations=35 (full 0):
 garbage-first heap   total 260096K, used 207104K [0x0000000080000000, 0x0000000100000000)
  region size 1024K, 25 young (25600K), 4 survivors (4096K)
 Metaspace       used 112087K, capacity 114756K, committed 118436K, reserved 1150976K
  class space    used 14030K, capacity 15027K, committed 16588K, reserved 1048576K
}
Event: 32.545 GC heap after
{Heap after GC invocations=36 (full 0):
 garbage-first heap   total 260096K, used 191724K [0x0000000080000000, 0x0000000100000000)
  region size 1024K, 4 young (4096K), 4 survivors (4096K)
 Metaspace       used 112087K, capacity 114756K, committed 118436K, reserved 1150976K
  class space    used 14030K, capacity 15027K, committed 16588K, reserved 1048576K
}
Event: 32.607 GC heap before
{Heap before GC invocations=36 (full 0):
 garbage-first heap   total 260096K, used 198892K [0x0000000080000000, 0x0000000100000000)
  region size 1024K, 12 young (12288K), 4 survivors (4096K)
 Metaspace       used 112090K, capacity 114756K, committed 118436K, reserved 1150976K
  class space    used 14030K, capacity 15027K, committed 16588K, reserved 1048576K
}

Deoptimization events (20 events):
Event: 32.360 Thread 0x0000027410d5a800 Uncommon trap: trap_request=0xffffff4d fr.pc=0x00000274784a7f94 relative=0x0000000000000154
Event: 32.360 Thread 0x0000027410d5a800 Uncommon trap: reason=unstable_if action=reinterpret pc=0x00000274784a7f94 method=com.android.tools.r8.s.a.b.h.a(Ljava/lang/Object;)V @ 28 c2
Event: 32.360 Thread 0x0000027410d5a800 DEOPT PACKING pc=0x00000274784a7f94 sp=0x000000ef5dbfd9c0
Event: 32.360 Thread 0x0000027410d5a800 DEOPT UNPACKING pc=0x000002746ff574af sp=0x000000ef5dbfd960 mode 2
Event: 32.447 Thread 0x0000027410d5a800 DEOPT PACKING pc=0x0000027471b15019 sp=0x000000ef5dbfd900
Event: 32.447 Thread 0x0000027410d5a800 DEOPT UNPACKING pc=0x000002746ff572ce sp=0x000000ef5dbfcdc8 mode 0
Event: 32.466 Thread 0x0000027410d5a800 Uncommon trap: trap_request=0xffffff4d fr.pc=0x0000027477acdc24 relative=0x00000000000002e4
Event: 32.466 Thread 0x0000027410d5a800 Uncommon trap: reason=unstable_if action=reinterpret pc=0x0000027477acdc24 method=com.android.tools.r8.graph.q0.b(Lcom/android/tools/r8/graph/q0;)I @ 83 c2
Event: 32.466 Thread 0x0000027410d5a800 DEOPT PACKING pc=0x0000027477acdc24 sp=0x000000ef5dbfd430
Event: 32.466 Thread 0x0000027410d5a800 DEOPT UNPACKING pc=0x000002746ff574af sp=0x000000ef5dbfd3c8 mode 2
Event: 32.498 Thread 0x0000027410d5a800 DEOPT PACKING pc=0x00000274728cb7bf sp=0x000000ef5dbfd4b0
Event: 32.498 Thread 0x0000027410d5a800 DEOPT UNPACKING pc=0x000002746ff572ce sp=0x000000ef5dbfc918 mode 0
Event: 32.570 Thread 0x0000027410d5a800 Uncommon trap: trap_request=0xfffffff4 fr.pc=0x000002747850f7b8 relative=0x00000000000006d8
Event: 32.570 Thread 0x0000027410d5a800 Uncommon trap: reason=null_check action=make_not_entrant pc=0x000002747850f7b8 method=com.android.tools.r8.graph.S0.a()Lcom/android/tools/r8/graph/R0$d; @ 15 c2
Event: 32.570 Thread 0x0000027410d5a800 DEOPT PACKING pc=0x000002747850f7b8 sp=0x000000ef5dbfd450
Event: 32.570 Thread 0x0000027410d5a800 DEOPT UNPACKING pc=0x000002746ff574af sp=0x000000ef5dbfd2d0 mode 2
Event: 32.580 Thread 0x0000027410d5a800 Uncommon trap: trap_request=0xffffffcc fr.pc=0x00000274785143b4 relative=0x0000000000002514
Event: 32.580 Thread 0x0000027410d5a800 Uncommon trap: reason=intrinsic_or_type_checked_inlining action=make_not_entrant pc=0x00000274785143b4 method=java.util.stream.SpinedBuffer.copyInto([Ljava/lang/Object;I)V @ 51 c2
Event: 32.580 Thread 0x0000027410d5a800 DEOPT PACKING pc=0x00000274785143b4 sp=0x000000ef5dbfd590
Event: 32.580 Thread 0x0000027410d5a800 DEOPT UNPACKING pc=0x000002746ff574af sp=0x000000ef5dbfd228 mode 2

Classes redefined (0 events):
No events

Internal exceptions (20 events):
Event: 30.806 Thread 0x0000027412889800 Exception <a 'sun/nio/fs/WindowsException'{0x000000008e1f6f28}> (0x000000008e1f6f28) thrown at [./src/hotspot/share/prims/jni.cpp, line 615]
Event: 30.806 Thread 0x0000027412888000 Exception <a 'sun/nio/fs/WindowsException'{0x000000008e1c7ce0}> (0x000000008e1c7ce0) thrown at [./src/hotspot/share/prims/jni.cpp, line 615]
Event: 30.806 Thread 0x0000027410d5c000 Exception <a 'sun/nio/fs/WindowsException'{0x000000008e2fdbb8}> (0x000000008e2fdbb8) thrown at [./src/hotspot/share/prims/jni.cpp, line 615]
Event: 30.808 Thread 0x0000027412889800 Exception <a 'sun/nio/fs/WindowsException'{0x000000008e1fe328}> (0x000000008e1fe328) thrown at [./src/hotspot/share/prims/jni.cpp, line 615]
Event: 30.808 Thread 0x0000027412888000 Exception <a 'sun/nio/fs/WindowsException'{0x000000008e1cf3b0}> (0x000000008e1cf3b0) thrown at [./src/hotspot/share/prims/jni.cpp, line 615]
Event: 30.812 Thread 0x0000027410d5c000 Exception <a 'sun/nio/fs/WindowsException'{0x000000008dfa27e8}> (0x000000008dfa27e8) thrown at [./src/hotspot/share/prims/jni.cpp, line 615]
Event: 30.829 Thread 0x0000027412889800 Exception <a 'sun/nio/fs/WindowsException'{0x000000008e0de908}> (0x000000008e0de908) thrown at [./src/hotspot/share/prims/jni.cpp, line 615]
Event: 30.846 Thread 0x0000027410d5b800 Exception <a 'sun/nio/fs/WindowsException'{0x000000008e2e7bd8}> (0x000000008e2e7bd8) thrown at [./src/hotspot/share/prims/jni.cpp, line 615]
Event: 30.848 Thread 0x0000027410d5c000 Exception <a 'sun/nio/fs/WindowsException'{0x000000008dfaba40}> (0x000000008dfaba40) thrown at [./src/hotspot/share/prims/jni.cpp, line 615]
Event: 30.849 Thread 0x0000027410d5b800 Exception <a 'sun/nio/fs/WindowsException'{0x000000008e2ee820}> (0x000000008e2ee820) thrown at [./src/hotspot/share/prims/jni.cpp, line 615]
Event: 30.850 Thread 0x0000027410d5b800 Exception <a 'sun/nio/fs/WindowsException'{0x000000008e2f56c0}> (0x000000008e2f56c0) thrown at [./src/hotspot/share/prims/jni.cpp, line 615]
Event: 30.852 Thread 0x0000027410d5b800 Exception <a 'sun/nio/fs/WindowsException'{0x000000008da0af98}> (0x000000008da0af98) thrown at [./src/hotspot/share/prims/jni.cpp, line 615]
Event: 30.854 Thread 0x0000027410d5c000 Exception <a 'sun/nio/fs/WindowsException'{0x000000008dbc7a68}> (0x000000008dbc7a68) thrown at [./src/hotspot/share/prims/jni.cpp, line 615]
Event: 30.856 Thread 0x0000027410d5c000 Exception <a 'sun/nio/fs/WindowsException'{0x000000008dbd22b0}> (0x000000008dbd22b0) thrown at [./src/hotspot/share/prims/jni.cpp, line 615]
Event: 30.871 Thread 0x0000027410d5c000 Exception <a 'sun/nio/fs/WindowsException'{0x000000008dbd8d68}> (0x000000008dbd8d68) thrown at [./src/hotspot/share/prims/jni.cpp, line 615]
Event: 30.875 Thread 0x0000027410d5b800 Exception <a 'sun/nio/fs/WindowsException'{0x000000008da14998}> (0x000000008da14998) thrown at [./src/hotspot/share/prims/jni.cpp, line 615]
Event: 31.024 Thread 0x0000027412881800 Exception <a 'java/lang/NoSuchMethodError'{0x000000008cbd9d40}: <clinit>> (0x000000008cbd9d40) thrown at [./src/hotspot/share/prims/jni.cpp, line 1362]
Event: 31.569 Thread 0x0000027410d5a800 Exception <a 'sun/nio/fs/WindowsException'{0x000000008c518528}> (0x000000008c518528) thrown at [./src/hotspot/share/prims/jni.cpp, line 615]
Event: 32.360 Thread 0x0000027410d5a800 Implicit null exception at 0x00000274784a6f9c to 0x00000274784a79c2
Event: 32.570 Thread 0x0000027410d5a800 Implicit null exception at 0x000002747850f2a4 to 0x000002747850f7a4

Events (20 events):
Event: 32.281 Executing coalesced safepoint VM operation: RevokeBias
Event: 32.281 Executing coalesced safepoint VM operation: RevokeBias done
Event: 32.281 Executing VM operation: RevokeBias done
Event: 32.291 Executing VM operation: RevokeBias
Event: 32.292 Executing VM operation: RevokeBias done
Event: 32.308 Executing VM operation: G1CollectForAllocation
Event: 32.322 Executing VM operation: G1CollectForAllocation done
Event: 32.324 Executing VM operation: RevokeBias
Event: 32.324 Executing VM operation: RevokeBias done
Event: 32.338 Executing VM operation: CGC_Operation
Event: 32.354 Executing VM operation: CGC_Operation done
Event: 32.362 Executing VM operation: RevokeBias
Event: 32.363 Executing VM operation: RevokeBias done
Event: 32.436 Executing VM operation: RevokeBias
Event: 32.436 Executing VM operation: RevokeBias done
Event: 32.437 Executing VM operation: CGC_Operation
Event: 32.438 Executing VM operation: CGC_Operation done
Event: 32.532 Executing VM operation: G1CollectForAllocation
Event: 32.545 Executing VM operation: G1CollectForAllocation done
Event: 32.606 Executing VM operation: G1CollectForAllocation


Dynamic libraries:
0x00007ff6c86a0000 - 0x00007ff6c86aa000 	D:\programas\androidStudio\jre\bin\java.exe
0x00007ffd581f0000 - 0x00007ffd583e5000 	C:\Windows\SYSTEM32\ntdll.dll
0x00007ffd567e0000 - 0x00007ffd5689d000 	C:\Windows\System32\KERNEL32.DLL
0x00007ffd55a30000 - 0x00007ffd55cf8000 	C:\Windows\System32\KERNELBASE.dll
0x00007ffd55f10000 - 0x00007ffd56010000 	C:\Windows\System32\ucrtbase.dll
0x00007ffd4aee0000 - 0x00007ffd4aef9000 	D:\programas\androidStudio\jre\bin\jli.dll
0x00007ffd49350000 - 0x00007ffd49367000 	D:\programas\androidStudio\jre\bin\VCRUNTIME140.dll
0x00007ffd57ff0000 - 0x00007ffd58190000 	C:\Windows\System32\USER32.dll
0x00007ffd55a00000 - 0x00007ffd55a22000 	C:\Windows\System32\win32u.dll
0x00007ffd41700000 - 0x00007ffd4199a000 	C:\Windows\WinSxS\amd64_microsoft.windows.common-controls_6595b64144ccf1df_6.0.19041.844_none_ca00b6081b84eb1d\COMCTL32.dll
0x00007ffd56ef0000 - 0x00007ffd56f1a000 	C:\Windows\System32\GDI32.dll
0x00007ffd56660000 - 0x00007ffd566fe000 	C:\Windows\System32\msvcrt.dll
0x00007ffd56140000 - 0x00007ffd5624b000 	C:\Windows\System32\gdi32full.dll
0x00007ffd55960000 - 0x00007ffd559fd000 	C:\Windows\System32\msvcp_win.dll
0x00007ffd568a0000 - 0x00007ffd568d0000 	C:\Windows\System32\IMM32.DLL
0x00007ffd1b890000 - 0x00007ffd1b92d000 	D:\programas\androidStudio\jre\bin\msvcp140.dll
0x00007ffcf8120000 - 0x00007ffcf8bdc000 	D:\programas\androidStudio\jre\bin\server\jvm.dll
0x00007ffd565b0000 - 0x00007ffd5665c000 	C:\Windows\System32\ADVAPI32.dll
0x00007ffd57c90000 - 0x00007ffd57d2b000 	C:\Windows\System32\sechost.dll
0x00007ffd56b10000 - 0x00007ffd56c3b000 	C:\Windows\System32\RPCRT4.dll
0x00007ffd56ca0000 - 0x00007ffd56ca8000 	C:\Windows\System32\PSAPI.DLL
0x00007ffd36f50000 - 0x00007ffd36f59000 	C:\Windows\SYSTEM32\WSOCK32.dll
0x00007ffd36e00000 - 0x00007ffd36e27000 	C:\Windows\SYSTEM32\WINMM.dll
0x00007ffd4e2b0000 - 0x00007ffd4e2ba000 	C:\Windows\SYSTEM32\VERSION.dll
0x00007ffd56a90000 - 0x00007ffd56afb000 	C:\Windows\System32\WS2_32.dll
0x00007ffd54200000 - 0x00007ffd54212000 	C:\Windows\SYSTEM32\kernel.appcore.dll
0x00007ffd4e680000 - 0x00007ffd4e691000 	D:\programas\androidStudio\jre\bin\verify.dll
0x00007ffd53790000 - 0x00007ffd53974000 	C:\Windows\SYSTEM32\DBGHELP.DLL
0x00007ffd36650000 - 0x00007ffd3667c000 	C:\Windows\SYSTEM32\dbgcore.DLL
0x00007ffd56010000 - 0x00007ffd56090000 	C:\Windows\System32\bcryptPrimitives.dll
0x00007ffd48f20000 - 0x00007ffd48f49000 	D:\programas\androidStudio\jre\bin\java.dll
0x00007ffd4de40000 - 0x00007ffd4de4b000 	D:\programas\androidStudio\jre\bin\jimage.dll
0x00007ffd4ddc0000 - 0x00007ffd4ddd8000 	D:\programas\androidStudio\jre\bin\zip.dll
0x00007ffd56f20000 - 0x00007ffd57662000 	C:\Windows\System32\SHELL32.dll
0x00007ffd53a60000 - 0x00007ffd541f0000 	C:\Windows\SYSTEM32\windows.storage.dll
0x00007ffd56250000 - 0x00007ffd565a5000 	C:\Windows\System32\combase.dll
0x00007ffd553a0000 - 0x00007ffd553cc000 	C:\Windows\SYSTEM32\Wldp.dll
0x00007ffd57db0000 - 0x00007ffd57e5e000 	C:\Windows\System32\SHCORE.dll
0x00007ffd56c40000 - 0x00007ffd56c95000 	C:\Windows\System32\shlwapi.dll
0x00007ffd55870000 - 0x00007ffd5588f000 	C:\Windows\SYSTEM32\profapi.dll
0x00007ffd49330000 - 0x00007ffd4934a000 	D:\programas\androidStudio\jre\bin\net.dll
0x00007ffd48d10000 - 0x00007ffd48e1b000 	C:\Windows\SYSTEM32\WINHTTP.dll
0x00007ffd55110000 - 0x00007ffd5517a000 	C:\Windows\system32\mswsock.dll
0x00007ffd48f00000 - 0x00007ffd48f14000 	D:\programas\androidStudio\jre\bin\nio.dll
0x00007ffd4b3a0000 - 0x00007ffd4b3c7000 	C:\Users\Marcelo\.gradle\native\fdc75f09e3144964f2cf3f50f0aa648679c211496f362492102eb8c894070792\windows-amd64\native-platform.dll
0x00007ffd1afb0000 - 0x00007ffd1b146000 	C:\Users\Marcelo\.gradle\native\12488b8bf47d2d4c9fbf2f6322a914ad602e24e48041cd04a747c6da556b65c4\windows-amd64\native-platform-file-events.dll
0x00007ffd4b130000 - 0x00007ffd4b13a000 	D:\programas\androidStudio\jre\bin\management.dll
0x00007ffd492f0000 - 0x00007ffd492fc000 	D:\programas\androidStudio\jre\bin\management_ext.dll
0x00007ffd552f0000 - 0x00007ffd55308000 	C:\Windows\SYSTEM32\CRYPTSP.dll
0x00007ffd54a40000 - 0x00007ffd54a74000 	C:\Windows\system32\rsaenh.dll
0x00007ffd55930000 - 0x00007ffd55957000 	C:\Windows\System32\bcrypt.dll
0x00007ffd557f0000 - 0x00007ffd5581e000 	C:\Windows\SYSTEM32\USERENV.dll
0x00007ffd552e0000 - 0x00007ffd552ec000 	C:\Windows\SYSTEM32\CRYPTBASE.dll
0x00007ffd54db0000 - 0x00007ffd54deb000 	C:\Windows\SYSTEM32\IPHLPAPI.DLL
0x00007ffd56ee0000 - 0x00007ffd56ee8000 	C:\Windows\System32\NSI.dll
0x00007ffd4d180000 - 0x00007ffd4d197000 	C:\Windows\SYSTEM32\dhcpcsvc6.DLL
0x00007ffd4d160000 - 0x00007ffd4d17d000 	C:\Windows\SYSTEM32\dhcpcsvc.DLL
0x00007ffd54df0000 - 0x00007ffd54ebc000 	C:\Windows\SYSTEM32\DNSAPI.dll
0x00007ffd4df00000 - 0x00007ffd4df0b000 	C:\Windows\SYSTEM32\WINNSI.DLL

dbghelp: loaded successfully - version: 4.0.5 - missing functions: none
symbol engine: initialized successfully - sym options: 0x614 - pdb path: .;D:\programas\androidStudio\jre\bin;C:\Windows\SYSTEM32;C:\Windows\WinSxS\amd64_microsoft.windows.common-controls_6595b64144ccf1df_6.0.19041.844_none_ca00b6081b84eb1d;D:\programas\androidStudio\jre\bin\server;C:\Users\Marcelo\.gradle\native\fdc75f09e3144964f2cf3f50f0aa648679c211496f362492102eb8c894070792\windows-amd64;C:\Users\Marcelo\.gradle\native\12488b8bf47d2d4c9fbf2f6322a914ad602e24e48041cd04a747c6da556b65c4\windows-amd64

VM Arguments:
jvm_args: --add-opens=java.base/java.util=ALL-UNNAMED --add-opens=java.base/java.lang=ALL-UNNAMED --add-opens=java.base/java.lang.invoke=ALL-UNNAMED --add-opens=java.prefs/java.util.prefs=ALL-UNNAMED -Xmx2048m -Dfile.encoding=UTF-8 -Duser.country=BR -Duser.language=pt -Duser.variant 
java_command: org.gradle.launcher.daemon.bootstrap.GradleDaemon 6.7.1
java_class_path (initial): C:\Users\Marcelo\.gradle\wrapper\dists\gradle-6.7.1-all\2moa8rlfac5eqlcfgk98k0deb\gradle-6.7.1\lib\gradle-launcher-6.7.1.jar
Launcher Type: SUN_STANDARD

[Global flags]
     intx CICompilerCount                          = 4                                         {product} {ergonomic}
     uint ConcGCThreads                            = 3                                         {product} {ergonomic}
     uint G1ConcRefinementThreads                  = 10                                        {product} {ergonomic}
   size_t G1HeapRegionSize                         = 1048576                                   {product} {ergonomic}
    uintx GCDrainStackTargetSize                   = 64                                        {product} {ergonomic}
   size_t InitialHeapSize                          = 266338304                                 {product} {ergonomic}
   size_t MarkStackSize                            = 4194304                                   {product} {ergonomic}
   size_t MaxHeapSize                              = 2147483648                                {product} {command line}
   size_t MaxNewSize                               = 1287651328                                {product} {ergonomic}
   size_t MinHeapDeltaBytes                        = 1048576                                   {product} {ergonomic}
    uintx NonNMethodCodeHeapSize                   = 5836300                                {pd product} {ergonomic}
    uintx NonProfiledCodeHeapSize                  = 122910970                              {pd product} {ergonomic}
    uintx ProfiledCodeHeapSize                     = 122910970                              {pd product} {ergonomic}
    uintx ReservedCodeCacheSize                    = 251658240                              {pd product} {ergonomic}
     bool SegmentedCodeCache                       = true                                      {product} {ergonomic}
     bool UseCompressedClassPointers               = true                                 {lp64_product} {ergonomic}
     bool UseCompressedOops                        = true                                 {lp64_product} {ergonomic}
     bool UseG1GC                                  = true                                      {product} {ergonomic}
     bool UseLargePagesIndividualAllocation        = false                                  {pd product} {ergonomic}

Logging:
Log output configuration:
 #0: stdout all=warning uptime,level,tags
 #1: stderr all=off uptime,level,tags

Environment Variables:
PATH=C:\Windows\system32;C:\Windows;C:\Windows\System32\Wbem;C:\Windows\System32\WindowsPowerShell\v1.0\;C:\Windows\System32\OpenSSH\;C:\Program Files\MySQL\MySQL Server 8.0\bin;D:\Program Files\Git\cmd;C:\Program Files (x86)\NVIDIA Corporation\PhysX\Common;C:\Program Files\NVIDIA Corporation\NVIDIA NvDLISR;C:\Program Files\MySQL\MySQL Shell 8.0\bin\;C:\Users\Marcelo\AppData\Local\Microsoft\WindowsApps;
USERNAME=Marcelo
OS=Windows_NT
PROCESSOR_IDENTIFIER=Intel64 Family 6 Model 158 Stepping 10, GenuineIntel



---------------  S Y S T E M  ---------------

OS: Windows 10 , 64 bit Build 19041 (10.0.19041.928)
OS uptime: 18 days 9:37 hours

CPU:total 12 (initial active 12) (6 cores per cpu, 2 threads per core) family 6 model 158 stepping 10, cmov, cx8, fxsr, mmx, sse, sse2, sse3, ssse3, sse4.1, sse4.2, popcnt, avx, avx2, aes, clmul, erms, 3dnowpref, lzcnt, ht, tsc, tscinvbit, bmi1, bmi2, adx, fma

Memory: 4k page, system-wide physical 16223M (1024M free)
TotalPageFile size 46668M (AvailPageFile size 108M)
current process WorkingSet (physical memory assigned to process): 591M, peak: 597M
current process commit charge ("private bytes"): 633M, peak: 743M

vm_info: OpenJDK 64-Bit Server VM (11.0.8+10-b944.6842174) for windows-amd64 JRE (11.0.8+10-b944.6842174), built on Sep 19 2020 01:11:42 by "builder" with MS VC++ 14.0 (VS2015)

END.
