#
# There is insufficient memory for the Java Runtime Environment to continue.
# Native memory allocation (malloc) failed to allocate 995216 bytes for Chunk::new
# Possible reasons:
#   The system is out of physical RAM or swap space
#   The process is running with CompressedOops enabled, and the Java Heap may be blocking the growth of the native heap
# Possible solutions:
#   Reduce memory load on the system
#   Increase physical memory or swap space
#   Check if swap backing store is full
#   Decrease Java heap size (-Xmx/-Xms)
#   Decrease number of Java threads
#   Decrease Java thread stack sizes (-Xss)
#   Set larger code cache with -XX:ReservedCodeCacheSize=
#   JVM is running with Unscaled Compressed Oops mode in which the Java heap is
#     placed in the first 4GB address space. The Java Heap base address is the
#     maximum limit for the native heap growth. Please use -XX:HeapBaseMinAddress
#     to set the Java Heap base and to place the Java Heap above 4GB virtual address.
# This output file may be truncated or incomplete.
#
#  Out of Memory Error (./src/hotspot/share/memory/arena.cpp:197), pid=7644, tid=15708
#
# JRE version: OpenJDK Runtime Environment (11.0.8+10) (build 11.0.8+10-b944.6842174)
# Java VM: OpenJDK 64-Bit Server VM (11.0.8+10-b944.6842174, mixed mode, tiered, compressed oops, g1 gc, windows-amd64)
# No core dump will be written. Minidumps are not enabled by default on client versions of Windows
#

---------------  S U M M A R Y ------------

Command Line: --add-opens=java.base/java.util=ALL-UNNAMED --add-opens=java.base/java.lang=ALL-UNNAMED --add-opens=java.base/java.lang.invoke=ALL-UNNAMED --add-opens=java.prefs/java.util.prefs=ALL-UNNAMED -Xmx2048m -Dfile.encoding=UTF-8 -Duser.country=BR -Duser.language=pt -Duser.variant org.gradle.launcher.daemon.bootstrap.GradleDaemon 6.7.1

Host: Intel(R) Core(TM) i7-9750H CPU @ 2.60GHz, 12 cores, 15G,  Windows 10 , 64 bit Build 19041 (10.0.19041.928)
Time: Mon May 31 18:04:22 2021 Hora oficial do Brasil elapsed time: 4 seconds (0d 0h 0m 4s)

---------------  T H R E A D  ---------------

Current thread (0x000002b6de951800):  JavaThread "C2 CompilerThread1" daemon [_thread_in_native, id=15708, stack(0x000000fab7500000,0x000000fab7600000)]


Current CompileTask:
C2:   4873 4518       4       java.lang.invoke.LambdaForm$Name::replaceNames (174 bytes)

Stack: [0x000000fab7500000,0x000000fab7600000]
Native frames: (J=compiled Java code, j=interpreted, Vv=VM code, C=native code)
V  [jvm.dll+0x5de50a]
V  [jvm.dll+0x7122f5]
V  [jvm.dll+0x71384d]
V  [jvm.dll+0x713f03]
V  [jvm.dll+0x23e728]
V  [jvm.dll+0xb899c]
V  [jvm.dll+0xb8e9c]
V  [jvm.dll+0x35024d]
V  [jvm.dll+0x193ebc]
V  [jvm.dll+0x1f780e]
V  [jvm.dll+0x1f68d4]
V  [jvm.dll+0x17f32c]
V  [jvm.dll+0x205047]
V  [jvm.dll+0x203891]
V  [jvm.dll+0x6dad3f]
V  [jvm.dll+0x6d3895]
V  [jvm.dll+0x5dd4a6]
C  [ucrtbase.dll+0x21bb2]
C  [KERNEL32.DLL+0x17034]
C  [ntdll.dll+0x52651]


---------------  P R O C E S S  ---------------

Threads class SMR info:
_java_thread_list=0x000002b6de09ff20, length=143, elements={
0x000002b6bbab5800, 0x000002b6d7277000, 0x000002b6d7281000, 0x000002b6d72d4800,
0x000002b6d72d6000, 0x000002b6d72d9000, 0x000002b6d72dc000, 0x000002b6d72df800,
0x000002b6d7462000, 0x000002b6d7465800, 0x000002b6d976b000, 0x000002b6d9aca800,
0x000002b6d9411800, 0x000002b6d8e1b800, 0x000002b6d8c94000, 0x000002b6d96d2800,
0x000002b6d8c95000, 0x000002b6d9570800, 0x000002b6d8e10000, 0x000002b6d8e10800,
0x000002b6d97c6800, 0x000002b6d97c5000, 0x000002b6d97c4800, 0x000002b6d97c7800,
0x000002b6d97c8800, 0x000002b6d97ca000, 0x000002b6d97c9000, 0x000002b6d97cb000,
0x000002b6d97c6000, 0x000002b6dbbaf800, 0x000002b6dbbb0800, 0x000002b6dbbb2000,
0x000002b6dbbb1800, 0x000002b6dbbb3000, 0x000002b6dbbae000, 0x000002b6dbbad000,
0x000002b6dbbb7000, 0x000002b6dbbb8000, 0x000002b6dbbb9800, 0x000002b6dbbb8800,
0x000002b6dbbb4000, 0x000002b6dbbb5800, 0x000002b6dbbba800, 0x000002b6dbbb4800,
0x000002b6dbbbc000, 0x000002b6dbbbb000, 0x000002b6dbbb6000, 0x000002b6d9b94800,
0x000002b6d9b91000, 0x000002b6d9b92800, 0x000002b6d9b92000, 0x000002b6d9b93800,
0x000002b6d9b95000, 0x000002b6d9b96000, 0x000002b6d9b90000, 0x000002b6d9b97000,
0x000002b6db649800, 0x000002b6db64a800, 0x000002b6db64b800, 0x000002b6db64c000,
0x000002b6db647800, 0x000002b6db648000, 0x000002b6db649000, 0x000002b6db64e800,
0x000002b6db64e000, 0x000002b6db650800, 0x000002b6db64d000, 0x000002b6db652800,
0x000002b6db652000, 0x000002b6db653800, 0x000002b6db655000, 0x000002b6db64f800,
0x000002b6db656000, 0x000002b6db654800, 0x000002b6db651000, 0x000002b6dcf7a800,
0x000002b6dcf7d800, 0x000002b6dcf7c000, 0x000002b6dcf7e800, 0x000002b6dcf80000,
0x000002b6dcf7c800, 0x000002b6dcf81000, 0x000002b6dcf7f000, 0x000002b6dcf7b000,
0x000002b6dcf85800, 0x000002b6dcf84000, 0x000002b6dcf81800, 0x000002b6dcf83000,
0x000002b6dcf85000, 0x000002b6dcf88000, 0x000002b6dcf86800, 0x000002b6dcf82800,
0x000002b6dcf87800, 0x000002b6dcf89000, 0x000002b6d9fdd800, 0x000002b6d9fe1800,
0x000002b6d9fdf000, 0x000002b6d9fe1000, 0x000002b6d9fe2800, 0x000002b6d9fe0000,
0x000002b6d9fdd000, 0x000002b6d9fe3800, 0x000002b6d9fde800, 0x000002b6d9fe4000,
0x000002b6d9fe5000, 0x000002b6d9fea800, 0x000002b6d9feb800, 0x000002b6d9fe6800,
0x000002b6d9fe7800, 0x000002b6d9fea000, 0x000002b6d9fe6000, 0x000002b6d9fe8000,
0x000002b6d9fe9000, 0x000002b6db7f5800, 0x000002b6db7f4800, 0x000002b6db7f7000,
0x000002b6db7f6000, 0x000002b6db7f8000, 0x000002b6db7f2000, 0x000002b6db7f3000,
0x000002b6db7f8800, 0x000002b6db7f9800, 0x000002b6db7f3800, 0x000002b6db7fc800,
0x000002b6db7fc000, 0x000002b6db800000, 0x000002b6db7fb000, 0x000002b6db7fd800,
0x000002b6db7fe800, 0x000002b6db7fa000, 0x000002b6db7ff000, 0x000002b6db800800,
0x000002b6de5c8800, 0x000002b6de5c9800, 0x000002b6de5c3800, 0x000002b6de5c5800,
0x000002b6de5ca000, 0x000002b6de5c7800, 0x000002b6de5c4800, 0x000002b6de5cb000,
0x000002b6de5cc000, 0x000002b6de951800, 0x000002b6dee71800
}

Java Threads: ( => current thread )
  0x000002b6bbab5800 JavaThread "main" [_thread_blocked, id=6088, stack(0x000000fab4a00000,0x000000fab4b00000)]
  0x000002b6d7277000 JavaThread "Reference Handler" daemon [_thread_blocked, id=3524, stack(0x000000fab5100000,0x000000fab5200000)]
  0x000002b6d7281000 JavaThread "Finalizer" daemon [_thread_blocked, id=15604, stack(0x000000fab5200000,0x000000fab5300000)]
  0x000002b6d72d4800 JavaThread "Signal Dispatcher" daemon [_thread_blocked, id=19152, stack(0x000000fab5300000,0x000000fab5400000)]
  0x000002b6d72d6000 JavaThread "Attach Listener" daemon [_thread_blocked, id=6416, stack(0x000000fab5400000,0x000000fab5500000)]
  0x000002b6d72d9000 JavaThread "C2 CompilerThread0" daemon [_thread_blocked, id=11844, stack(0x000000fab5500000,0x000000fab5600000)]
  0x000002b6d72dc000 JavaThread "C1 CompilerThread0" daemon [_thread_in_vm, id=16744, stack(0x000000fab5600000,0x000000fab5700000)]
  0x000002b6d72df800 JavaThread "Sweeper thread" daemon [_thread_blocked, id=18404, stack(0x000000fab5700000,0x000000fab5800000)]
  0x000002b6d7462000 JavaThread "Common-Cleaner" daemon [_thread_blocked, id=8088, stack(0x000000fab5800000,0x000000fab5900000)]
  0x000002b6d7465800 JavaThread "Service Thread" daemon [_thread_blocked, id=5464, stack(0x000000fab5900000,0x000000fab5a00000)]
  0x000002b6d976b000 JavaThread "Daemon health stats" [_thread_blocked, id=4788, stack(0x000000fab6200000,0x000000fab6300000)]
  0x000002b6d9aca800 JavaThread "Incoming local TCP Connector on port 54633" [_thread_in_native, id=21536, stack(0x000000fab6300000,0x000000fab6400000)]
  0x000002b6d9411800 JavaThread "Daemon periodic checks" [_thread_blocked, id=508, stack(0x000000fab6400000,0x000000fab6500000)]
  0x000002b6d8e1b800 JavaThread "Daemon" [_thread_blocked, id=17896, stack(0x000000fab6500000,0x000000fab6600000)]
  0x000002b6d8c94000 JavaThread "Handler for socket connection from /127.0.0.1:54633 to /127.0.0.1:54634" [_thread_in_native, id=5532, stack(0x000000fab6600000,0x000000fab6700000)]
  0x000002b6d96d2800 JavaThread "Cancel handler" [_thread_blocked, id=700, stack(0x000000fab6700000,0x000000fab6800000)]
  0x000002b6d8c95000 JavaThread "Daemon worker" [_thread_in_vm, id=18852, stack(0x000000fab6800000,0x000000fab6900000)]
  0x000002b6d9570800 JavaThread "Asynchronous log dispatcher for DefaultDaemonConnection: socket connection from /127.0.0.1:54633 to /127.0.0.1:54634" [_thread_blocked, id=8640, stack(0x000000fab6900000,0x000000fab6a00000)]
  0x000002b6d8e10000 JavaThread "Stdin handler" [_thread_blocked, id=8772, stack(0x000000fab6a00000,0x000000fab6b00000)]
  0x000002b6d8e10800 JavaThread "Thread-8" [_thread_blocked, id=12724, stack(0x000000fab6b00000,0x000000fab6c00000)]
  0x000002b6d97c6800 JavaThread "Cache worker for file hash cache (C:\Users\Marcelo\.gradle\caches\6.7.1\fileHashes)" [_thread_blocked, id=8764, stack(0x000000fab6c00000,0x000000fab6d00000)]
  0x000002b6d97c5000 JavaThread "File lock request listener" [_thread_in_native, id=8716, stack(0x000000fab6d00000,0x000000fab6e00000)]
  0x000002b6d97c4800 JavaThread "Cache worker for journal cache (C:\Users\Marcelo\.gradle\caches\journal-1)" [_thread_blocked, id=11432, stack(0x000000fab7400000,0x000000fab7500000)]
  0x000002b6d97c7800 JavaThread "Cache worker for file hash cache (D:\Marcelo\FlashCards\.gradle\6.7.1\fileHashes)" [_thread_blocked, id=13796, stack(0x000000fab7600000,0x000000fab7700000)]
  0x000002b6d97c8800 JavaThread "Cache worker for checksums cache (D:\Marcelo\FlashCards\.gradle\checksums)" [_thread_blocked, id=10364, stack(0x000000fab7700000,0x000000fab7800000)]
  0x000002b6d97ca000 JavaThread "Cache worker for cache directory md-supplier (C:\Users\Marcelo\.gradle\caches\6.7.1\md-supplier)" [_thread_blocked, id=20764, stack(0x000000fab7800000,0x000000fab7900000)]
  0x000002b6d97c9000 JavaThread "Cache worker for cache directory md-rule (C:\Users\Marcelo\.gradle\caches\6.7.1\md-rule)" [_thread_blocked, id=12072, stack(0x000000fab7900000,0x000000fab7a00000)]
  0x000002b6d97cb000 JavaThread "Cache worker for execution history cache (C:\Users\Marcelo\.gradle\caches\6.7.1\executionHistory)" [_thread_blocked, id=18700, stack(0x000000fab7a00000,0x000000fab7b00000)]
  0x000002b6d97c6000 JavaThread "jar transforms" [_thread_blocked, id=1560, stack(0x000000fab7c00000,0x000000fab7d00000)]
  0x000002b6dbbaf800 JavaThread "Cache worker for file content cache (C:\Users\Marcelo\.gradle\caches\6.7.1\fileContent)" [_thread_blocked, id=18656, stack(0x000000fab7d00000,0x000000fab7e00000)]
  0x000002b6dbbb0800 JavaThread "Cache worker for Build Output Cleanup Cache (D:\Marcelo\FlashCards\.gradle\buildOutputCleanup)" [_thread_blocked, id=3280, stack(0x000000fab7e00000,0x000000fab7f00000)]
  0x000002b6dbbb2000 JavaThread "Build operations" [_thread_blocked, id=14508, stack(0x000000fab7f00000,0x000000fab8000000)]
  0x000002b6dbbb1800 JavaThread "Build operations Thread 2" [_thread_blocked, id=20732, stack(0x000000fab8000000,0x000000fab8100000)]
  0x000002b6dbbb3000 JavaThread "Build operations Thread 3" [_thread_blocked, id=21416, stack(0x000000fab8100000,0x000000fab8200000)]
  0x000002b6dbbae000 JavaThread "Build operations Thread 4" [_thread_blocked, id=21648, stack(0x000000fab8200000,0x000000fab8300000)]
  0x000002b6dbbad000 JavaThread "Build operations Thread 5" [_thread_blocked, id=19480, stack(0x000000fab8300000,0x000000fab8400000)]
  0x000002b6dbbb7000 JavaThread "Build operations Thread 6" [_thread_blocked, id=6272, stack(0x000000fab8400000,0x000000fab8500000)]
  0x000002b6dbbb8000 JavaThread "Build operations Thread 7" [_thread_blocked, id=11416, stack(0x000000fab8500000,0x000000fab8600000)]
  0x000002b6dbbb9800 JavaThread "Build operations Thread 8" [_thread_blocked, id=2336, stack(0x000000fab8600000,0x000000fab8700000)]
  0x000002b6dbbb8800 JavaThread "Build operations Thread 9" [_thread_blocked, id=11604, stack(0x000000fab8700000,0x000000fab8800000)]
  0x000002b6dbbb4000 JavaThread "Build operations Thread 10" [_thread_blocked, id=5000, stack(0x000000fab8800000,0x000000fab8900000)]
  0x000002b6dbbb5800 JavaThread "Build operations Thread 11" [_thread_blocked, id=13900, stack(0x000000fab8900000,0x000000fab8a00000)]
  0x000002b6dbbba800 JavaThread "Build operations Thread 12" [_thread_blocked, id=8000, stack(0x000000fab8a00000,0x000000fab8b00000)]
  0x000002b6dbbb4800 JavaThread "jar transforms Thread 2" [_thread_blocked, id=10128, stack(0x000000fab8b00000,0x000000fab8c00000)]
  0x000002b6dbbbc000 JavaThread "jar transforms Thread 3" [_thread_blocked, id=4708, stack(0x000000fab8c00000,0x000000fab8d00000)]
  0x000002b6dbbbb000 JavaThread "jar transforms Thread 4" [_thread_blocked, id=18732, stack(0x000000fab8d00000,0x000000fab8e00000)]
  0x000002b6dbbb6000 JavaThread "jar transforms Thread 5" [_thread_blocked, id=14276, stack(0x000000fab8e00000,0x000000fab8f00000)]
  0x000002b6d9b94800 JavaThread "jar transforms Thread 6" [_thread_blocked, id=2400, stack(0x000000fab8f00000,0x000000fab9000000)]
  0x000002b6d9b91000 JavaThread "jar transforms Thread 7" [_thread_blocked, id=21132, stack(0x000000fab9000000,0x000000fab9100000)]
  0x000002b6d9b92800 JavaThread "jar transforms Thread 8" [_thread_blocked, id=3164, stack(0x000000fab9100000,0x000000fab9200000)]
  0x000002b6d9b92000 JavaThread "jar transforms Thread 9" [_thread_blocked, id=18908, stack(0x000000fab9200000,0x000000fab9300000)]
  0x000002b6d9b93800 JavaThread "jar transforms Thread 10" [_thread_blocked, id=14588, stack(0x000000fab9300000,0x000000fab9400000)]
  0x000002b6d9b95000 JavaThread "jar transforms Thread 11" [_thread_blocked, id=1224, stack(0x000000fab9400000,0x000000fab9500000)]
  0x000002b6d9b96000 JavaThread "jar transforms Thread 12" [_thread_blocked, id=15748, stack(0x000000fab9500000,0x000000fab9600000)]
  0x000002b6d9b90000 JavaThread "jar transforms Thread 13" [_thread_blocked, id=15644, stack(0x000000fab9600000,0x000000fab9700000)]
  0x000002b6d9b97000 JavaThread "jar transforms Thread 14" [_thread_blocked, id=16452, stack(0x000000fab9700000,0x000000fab9800000)]
  0x000002b6db649800 JavaThread "jar transforms Thread 15" [_thread_blocked, id=19620, stack(0x000000fab9800000,0x000000fab9900000)]
  0x000002b6db64a800 JavaThread "jar transforms Thread 16" [_thread_blocked, id=21432, stack(0x000000fab9900000,0x000000fab9a00000)]
  0x000002b6db64b800 JavaThread "jar transforms Thread 17" [_thread_blocked, id=16628, stack(0x000000fab9a00000,0x000000fab9b00000)]
  0x000002b6db64c000 JavaThread "jar transforms Thread 18" [_thread_blocked, id=11072, stack(0x000000fab9b00000,0x000000fab9c00000)]
  0x000002b6db647800 JavaThread "jar transforms Thread 19" [_thread_blocked, id=20152, stack(0x000000fab9c00000,0x000000fab9d00000)]
  0x000002b6db648000 JavaThread "jar transforms Thread 20" [_thread_blocked, id=2508, stack(0x000000fab9d00000,0x000000fab9e00000)]
  0x000002b6db649000 JavaThread "jar transforms Thread 21" [_thread_blocked, id=1324, stack(0x000000fab9e00000,0x000000fab9f00000)]
  0x000002b6db64e800 JavaThread "jar transforms Thread 22" [_thread_blocked, id=5184, stack(0x000000fab9f00000,0x000000faba000000)]
  0x000002b6db64e000 JavaThread "jar transforms Thread 23" [_thread_blocked, id=2312, stack(0x000000faba000000,0x000000faba100000)]
  0x000002b6db650800 JavaThread "jar transforms Thread 24" [_thread_blocked, id=18160, stack(0x000000faba100000,0x000000faba200000)]
  0x000002b6db64d000 JavaThread "jar transforms Thread 25" [_thread_blocked, id=14812, stack(0x000000faba200000,0x000000faba300000)]
  0x000002b6db652800 JavaThread "jar transforms Thread 26" [_thread_blocked, id=8804, stack(0x000000faba300000,0x000000faba400000)]
  0x000002b6db652000 JavaThread "jar transforms Thread 27" [_thread_blocked, id=15120, stack(0x000000faba400000,0x000000faba500000)]
  0x000002b6db653800 JavaThread "jar transforms Thread 28" [_thread_blocked, id=2600, stack(0x000000faba500000,0x000000faba600000)]
  0x000002b6db655000 JavaThread "jar transforms Thread 29" [_thread_blocked, id=10040, stack(0x000000faba600000,0x000000faba700000)]
  0x000002b6db64f800 JavaThread "jar transforms Thread 30" [_thread_blocked, id=22520, stack(0x000000faba700000,0x000000faba800000)]
  0x000002b6db656000 JavaThread "jar transforms Thread 31" [_thread_blocked, id=4324, stack(0x000000faba800000,0x000000faba900000)]
  0x000002b6db654800 JavaThread "jar transforms Thread 32" [_thread_blocked, id=4392, stack(0x000000faba900000,0x000000fabaa00000)]
  0x000002b6db651000 JavaThread "jar transforms Thread 33" [_thread_blocked, id=11244, stack(0x000000fabaa00000,0x000000fabab00000)]
  0x000002b6dcf7a800 JavaThread "jar transforms Thread 34" [_thread_blocked, id=17456, stack(0x000000fabab00000,0x000000fabac00000)]
  0x000002b6dcf7d800 JavaThread "jar transforms Thread 35" [_thread_blocked, id=15132, stack(0x000000fabac00000,0x000000fabad00000)]
  0x000002b6dcf7c000 JavaThread "jar transforms Thread 36" [_thread_blocked, id=5588, stack(0x000000fabad00000,0x000000fabae00000)]
  0x000002b6dcf7e800 JavaThread "jar transforms Thread 37" [_thread_blocked, id=15808, stack(0x000000fabae00000,0x000000fabaf00000)]
  0x000002b6dcf80000 JavaThread "jar transforms Thread 38" [_thread_blocked, id=4192, stack(0x000000fabaf00000,0x000000fabb000000)]
  0x000002b6dcf7c800 JavaThread "jar transforms Thread 39" [_thread_blocked, id=20860, stack(0x000000fabb000000,0x000000fabb100000)]
  0x000002b6dcf81000 JavaThread "jar transforms Thread 40" [_thread_blocked, id=11364, stack(0x000000fabb100000,0x000000fabb200000)]
  0x000002b6dcf7f000 JavaThread "jar transforms Thread 41" [_thread_blocked, id=21660, stack(0x000000fabb200000,0x000000fabb300000)]
  0x000002b6dcf7b000 JavaThread "jar transforms Thread 42" [_thread_blocked, id=22204, stack(0x000000fabb300000,0x000000fabb400000)]
  0x000002b6dcf85800 JavaThread "jar transforms Thread 43" [_thread_blocked, id=9376, stack(0x000000fabb400000,0x000000fabb500000)]
  0x000002b6dcf84000 JavaThread "jar transforms Thread 44" [_thread_blocked, id=21012, stack(0x000000fabb500000,0x000000fabb600000)]
  0x000002b6dcf81800 JavaThread "jar transforms Thread 45" [_thread_blocked, id=11344, stack(0x000000fabb600000,0x000000fabb700000)]
  0x000002b6dcf83000 JavaThread "jar transforms Thread 46" [_thread_blocked, id=19504, stack(0x000000fabb700000,0x000000fabb800000)]
  0x000002b6dcf85000 JavaThread "jar transforms Thread 47" [_thread_blocked, id=21388, stack(0x000000fabb800000,0x000000fabb900000)]
  0x000002b6dcf88000 JavaThread "jar transforms Thread 48" [_thread_blocked, id=17380, stack(0x000000fabb900000,0x000000fabba00000)]
  0x000002b6dcf86800 JavaThread "jar transforms Thread 49" [_thread_blocked, id=20136, stack(0x000000fabba00000,0x000000fabbb00000)]
  0x000002b6dcf82800 JavaThread "jar transforms Thread 50" [_thread_blocked, id=544, stack(0x000000fabbb00000,0x000000fabbc00000)]
  0x000002b6dcf87800 JavaThread "jar transforms Thread 51" [_thread_blocked, id=20992, stack(0x000000fabbc00000,0x000000fabbd00000)]
  0x000002b6dcf89000 JavaThread "jar transforms Thread 52" [_thread_blocked, id=13408, stack(0x000000fabbd00000,0x000000fabbe00000)]
  0x000002b6d9fdd800 JavaThread "jar transforms Thread 53" [_thread_blocked, id=15200, stack(0x000000fabbe00000,0x000000fabbf00000)]
  0x000002b6d9fe1800 JavaThread "jar transforms Thread 54" [_thread_blocked, id=8024, stack(0x000000fabbf00000,0x000000fabc000000)]
  0x000002b6d9fdf000 JavaThread "jar transforms Thread 55" [_thread_blocked, id=21560, stack(0x000000fabc000000,0x000000fabc100000)]
  0x000002b6d9fe1000 JavaThread "jar transforms Thread 56" [_thread_blocked, id=10076, stack(0x000000fabc100000,0x000000fabc200000)]
  0x000002b6d9fe2800 JavaThread "jar transforms Thread 57" [_thread_blocked, id=22524, stack(0x000000fabc200000,0x000000fabc300000)]
  0x000002b6d9fe0000 JavaThread "jar transforms Thread 58" [_thread_blocked, id=2696, stack(0x000000fabc300000,0x000000fabc400000)]
  0x000002b6d9fdd000 JavaThread "jar transforms Thread 59" [_thread_blocked, id=2420, stack(0x000000fabc400000,0x000000fabc500000)]
  0x000002b6d9fe3800 JavaThread "jar transforms Thread 60" [_thread_blocked, id=20924, stack(0x000000fabc500000,0x000000fabc600000)]
  0x000002b6d9fde800 JavaThread "jar transforms Thread 61" [_thread_blocked, id=8560, stack(0x000000fabc600000,0x000000fabc700000)]
  0x000002b6d9fe4000 JavaThread "jar transforms Thread 62" [_thread_blocked, id=19884, stack(0x000000fabc700000,0x000000fabc800000)]
  0x000002b6d9fe5000 JavaThread "jar transforms Thread 63" [_thread_blocked, id=15340, stack(0x000000fabc800000,0x000000fabc900000)]
  0x000002b6d9fea800 JavaThread "jar transforms Thread 64" [_thread_blocked, id=14052, stack(0x000000fabc900000,0x000000fabca00000)]
  0x000002b6d9feb800 JavaThread "jar transforms Thread 65" [_thread_blocked, id=5728, stack(0x000000fabca00000,0x000000fabcb00000)]
  0x000002b6d9fe6800 JavaThread "jar transforms Thread 66" [_thread_blocked, id=11324, stack(0x000000fabcb00000,0x000000fabcc00000)]
  0x000002b6d9fe7800 JavaThread "jar transforms Thread 67" [_thread_blocked, id=1012, stack(0x000000fabcc00000,0x000000fabcd00000)]
  0x000002b6d9fea000 JavaThread "jar transforms Thread 68" [_thread_blocked, id=20412, stack(0x000000fabcd00000,0x000000fabce00000)]
  0x000002b6d9fe6000 JavaThread "jar transforms Thread 69" [_thread_blocked, id=1304, stack(0x000000fabce00000,0x000000fabcf00000)]
  0x000002b6d9fe8000 JavaThread "jar transforms Thread 70" [_thread_blocked, id=3548, stack(0x000000fabcf00000,0x000000fabd000000)]
  0x000002b6d9fe9000 JavaThread "jar transforms Thread 71" [_thread_blocked, id=5808, stack(0x000000fabd000000,0x000000fabd100000)]
  0x000002b6db7f5800 JavaThread "jar transforms Thread 72" [_thread_blocked, id=19264, stack(0x000000fabd100000,0x000000fabd200000)]
  0x000002b6db7f4800 JavaThread "jar transforms Thread 73" [_thread_blocked, id=12740, stack(0x000000fabd200000,0x000000fabd300000)]
  0x000002b6db7f7000 JavaThread "jar transforms Thread 74" [_thread_blocked, id=3572, stack(0x000000fabd300000,0x000000fabd400000)]
  0x000002b6db7f6000 JavaThread "jar transforms Thread 75" [_thread_blocked, id=16468, stack(0x000000fabd400000,0x000000fabd500000)]
  0x000002b6db7f8000 JavaThread "jar transforms Thread 76" [_thread_blocked, id=7712, stack(0x000000fabd500000,0x000000fabd600000)]
  0x000002b6db7f2000 JavaThread "jar transforms Thread 77" [_thread_blocked, id=17544, stack(0x000000fabd600000,0x000000fabd700000)]
  0x000002b6db7f3000 JavaThread "jar transforms Thread 78" [_thread_blocked, id=18840, stack(0x000000fabd700000,0x000000fabd800000)]
  0x000002b6db7f8800 JavaThread "jar transforms Thread 79" [_thread_blocked, id=18600, stack(0x000000fabd800000,0x000000fabd900000)]
  0x000002b6db7f9800 JavaThread "jar transforms Thread 80" [_thread_blocked, id=19920, stack(0x000000fabd900000,0x000000fabda00000)]
  0x000002b6db7f3800 JavaThread "jar transforms Thread 81" [_thread_blocked, id=9340, stack(0x000000fabda00000,0x000000fabdb00000)]
  0x000002b6db7fc800 JavaThread "jar transforms Thread 82" [_thread_blocked, id=21184, stack(0x000000fabdb00000,0x000000fabdc00000)]
  0x000002b6db7fc000 JavaThread "jar transforms Thread 83" [_thread_blocked, id=20264, stack(0x000000fabdc00000,0x000000fabdd00000)]
  0x000002b6db800000 JavaThread "jar transforms Thread 84" [_thread_blocked, id=21744, stack(0x000000fabdd00000,0x000000fabde00000)]
  0x000002b6db7fb000 JavaThread "jar transforms Thread 85" [_thread_blocked, id=21508, stack(0x000000fabde00000,0x000000fabdf00000)]
  0x000002b6db7fd800 JavaThread "jar transforms Thread 86" [_thread_blocked, id=6772, stack(0x000000fabdf00000,0x000000fabe000000)]
  0x000002b6db7fe800 JavaThread "jar transforms Thread 87" [_thread_blocked, id=9540, stack(0x000000fabe000000,0x000000fabe100000)]
  0x000002b6db7fa000 JavaThread "jar transforms Thread 88" [_thread_blocked, id=18320, stack(0x000000fabe100000,0x000000fabe200000)]
  0x000002b6db7ff000 JavaThread "jar transforms Thread 89" [_thread_blocked, id=6828, stack(0x000000fabe200000,0x000000fabe300000)]
  0x000002b6db800800 JavaThread "jar transforms Thread 90" [_thread_blocked, id=4340, stack(0x000000fabe300000,0x000000fabe400000)]
  0x000002b6de5c8800 JavaThread "jar transforms Thread 91" [_thread_blocked, id=13428, stack(0x000000fabe400000,0x000000fabe500000)]
  0x000002b6de5c9800 JavaThread "jar transforms Thread 92" [_thread_blocked, id=2972, stack(0x000000fabe500000,0x000000fabe600000)]
  0x000002b6de5c3800 JavaThread "jar transforms Thread 93" [_thread_blocked, id=21376, stack(0x000000fabe600000,0x000000fabe700000)]
  0x000002b6de5c5800 JavaThread "jar transforms Thread 94" [_thread_blocked, id=20196, stack(0x000000fabe700000,0x000000fabe800000)]
  0x000002b6de5ca000 JavaThread "jar transforms Thread 95" [_thread_blocked, id=6360, stack(0x000000fabe800000,0x000000fabe900000)]
  0x000002b6de5c7800 JavaThread "jar transforms Thread 96" [_thread_blocked, id=19616, stack(0x000000fabe900000,0x000000fabea00000)]
  0x000002b6de5c4800 JavaThread "jar transforms Thread 97" [_thread_blocked, id=21900, stack(0x000000fabea00000,0x000000fabeb00000)]
  0x000002b6de5cb000 JavaThread "jar transforms Thread 98" [_thread_blocked, id=15284, stack(0x000000fabeb00000,0x000000fabec00000)]
  0x000002b6de5cc000 JavaThread "jar transforms Thread 99" [_thread_blocked, id=13064, stack(0x000000fabec00000,0x000000fabed00000)]
=>0x000002b6de951800 JavaThread "C2 CompilerThread1" daemon [_thread_in_native, id=15708, stack(0x000000fab7500000,0x000000fab7600000)]
  0x000002b6dee71800 JavaThread "C2 CompilerThread2" daemon [_thread_blocked, id=1556, stack(0x000000fab7b00000,0x000000fab7c00000)]

Other Threads:
  0x000002b6d7275000 VMThread "VM Thread" [stack: 0x000000fab5000000,0x000000fab5100000] [id=9560]
  0x000002b6d7479000 WatcherThread [stack: 0x000000fab5a00000,0x000000fab5b00000] [id=21000]
  0x000002b6bbace000 GCTaskThread "GC Thread#0" [stack: 0x000000fab4b00000,0x000000fab4c00000] [id=4360]
  0x000002b6d84e7800 GCTaskThread "GC Thread#1" [stack: 0x000000fab5d00000,0x000000fab5e00000] [id=4952]
  0x000002b6d81f2800 GCTaskThread "GC Thread#2" [stack: 0x000000fab5e00000,0x000000fab5f00000] [id=14168]
  0x000002b6d7f23800 GCTaskThread "GC Thread#3" [stack: 0x000000fab5f00000,0x000000fab6000000] [id=10744]
  0x000002b6d7f24000 GCTaskThread "GC Thread#4" [stack: 0x000000fab6000000,0x000000fab6100000] [id=6792]
  0x000002b6d8010800 GCTaskThread "GC Thread#5" [stack: 0x000000fab6100000,0x000000fab6200000] [id=13996]
  0x000002b6d8274800 GCTaskThread "GC Thread#6" [stack: 0x000000fab6e00000,0x000000fab6f00000] [id=13424]
  0x000002b6d898b000 GCTaskThread "GC Thread#7" [stack: 0x000000fab6f00000,0x000000fab7000000] [id=16144]
  0x000002b6d8b1e800 GCTaskThread "GC Thread#8" [stack: 0x000000fab7000000,0x000000fab7100000] [id=17076]
  0x000002b6d8728000 GCTaskThread "GC Thread#9" [stack: 0x000000fab7100000,0x000000fab7200000] [id=19820]
  0x000002b6bbb01800 ConcurrentGCThread "G1 Main Marker" [stack: 0x000000fab4c00000,0x000000fab4d00000] [id=4100]
  0x000002b6bbb05000 ConcurrentGCThread "G1 Conc#0" [stack: 0x000000fab4d00000,0x000000fab4e00000] [id=6896]
  0x000002b6d8ec3800 ConcurrentGCThread "G1 Conc#1" [stack: 0x000000fab7200000,0x000000fab7300000] [id=8536]
  0x000002b6d9760000 ConcurrentGCThread "G1 Conc#2" [stack: 0x000000fab7300000,0x000000fab7400000] [id=9876]
  0x000002b6d68bf800 ConcurrentGCThread "G1 Refine#0" [stack: 0x000000fab4e00000,0x000000fab4f00000] [id=22164]
  0x000002b6d68c0800 ConcurrentGCThread "G1 Young RemSet Sampling" [stack: 0x000000fab4f00000,0x000000fab5000000] [id=16076]

Threads with active compile tasks:
C2 CompilerThread1   4938 4518       4       java.lang.invoke.LambdaForm$Name::replaceNames (174 bytes)

VM state:not at safepoint (normal execution)

VM Mutex/Monitor currently owned by a thread:  ([mutex/lock_event])
[0x000002b6bbab3820] AdapterHandlerLibrary_lock - owner thread: 0x0000000000000000

Heap address: 0x0000000080000000, size: 2048 MB, Compressed Oops mode: 32-bit
Narrow klass base: 0x0000000000000000, Narrow klass shift: 3
Compressed class space size: 1073741824 Address: 0x0000000100000000

Heap:
 garbage-first heap   total 260096K, used 116443K [0x0000000080000000, 0x0000000100000000)
  region size 1024K, 98 young (100352K), 11 survivors (11264K)
 Metaspace       used 52328K, capacity 53702K, committed 53760K, reserved 1095680K
  class space    used 6670K, capacity 7131K, committed 7168K, reserved 1048576K
Heap Regions: E=young(eden), S=young(survivor), O=old, HS=humongous(starts), HC=humongous(continues), CS=collection set, F=free, A=archive, TAMS=top-at-mark-start (previous, next)
|   0|0x0000000080000000, 0x0000000080100000, 0x0000000080100000|100%| O|  |TAMS 0x0000000080100000, 0x0000000080000000| Untracked 
|   1|0x0000000080100000, 0x0000000080200000, 0x0000000080200000|100%| O|  |TAMS 0x0000000080200000, 0x0000000080100000| Untracked 
|   2|0x0000000080200000, 0x0000000080300000, 0x0000000080300000|100%| O|  |TAMS 0x0000000080300000, 0x0000000080200000| Untracked 
|   3|0x0000000080300000, 0x0000000080400000, 0x0000000080400000|100%|HS|  |TAMS 0x0000000080400000, 0x0000000080300000| Complete 
|   4|0x0000000080400000, 0x0000000080500000, 0x0000000080500000|100%|HC|  |TAMS 0x0000000080500000, 0x0000000080400000| Complete 
|   5|0x0000000080500000, 0x0000000080600000, 0x0000000080600000|100%|HC|  |TAMS 0x0000000080600000, 0x0000000080500000| Complete 
|   6|0x0000000080600000, 0x0000000080700000, 0x0000000080700000|100%| O|  |TAMS 0x0000000080700000, 0x0000000080600000| Untracked 
|   7|0x0000000080700000, 0x0000000080800000, 0x0000000080800000|100%| O|  |TAMS 0x0000000080800000, 0x0000000080700000| Untracked 
|   8|0x0000000080800000, 0x0000000080900000, 0x0000000080900000|100%| O|  |TAMS 0x0000000080900000, 0x0000000080800000| Untracked 
|   9|0x0000000080900000, 0x0000000080a00000, 0x0000000080a00000|100%| O|  |TAMS 0x0000000080a00000, 0x0000000080900000| Untracked 
|  10|0x0000000080a00000, 0x0000000080b00000, 0x0000000080b00000|100%| O|  |TAMS 0x0000000080b00000, 0x0000000080a00000| Untracked 
|  11|0x0000000080b00000, 0x0000000080c00000, 0x0000000080c00000|100%| O|  |TAMS 0x0000000080c00000, 0x0000000080b00000| Untracked 
|  12|0x0000000080c00000, 0x0000000080d00000, 0x0000000080d00000|100%| O|  |TAMS 0x0000000080d00000, 0x0000000080c00000| Untracked 
|  13|0x0000000080d00000, 0x0000000080e00000, 0x0000000080e00000|100%| O|  |TAMS 0x0000000080e00000, 0x0000000080d00000| Untracked 
|  14|0x0000000080e00000, 0x0000000080f00000, 0x0000000080f00000|100%| O|  |TAMS 0x0000000080f00000, 0x0000000080e00000| Untracked 
|  15|0x0000000080f00000, 0x0000000080f49e00, 0x0000000081000000| 28%| O|  |TAMS 0x0000000080f49e00, 0x0000000080f00000| Untracked 
|  16|0x0000000081000000, 0x0000000081100000, 0x0000000081100000|100%|HS|  |TAMS 0x0000000081000000, 0x0000000081000000| Complete 
|  17|0x0000000081100000, 0x0000000081200000, 0x0000000081200000|100%|HS|  |TAMS 0x0000000081100000, 0x0000000081100000| Complete 
|  18|0x0000000081200000, 0x0000000081300000, 0x0000000081300000|100%|HC|  |TAMS 0x0000000081200000, 0x0000000081200000| Complete 
|  19|0x0000000081300000, 0x0000000081300000, 0x0000000081400000|  0%| F|  |TAMS 0x0000000081300000, 0x0000000081300000| Untracked 
|  20|0x0000000081400000, 0x0000000081400000, 0x0000000081500000|  0%| F|  |TAMS 0x0000000081400000, 0x0000000081400000| Untracked 
|  21|0x0000000081500000, 0x0000000081500000, 0x0000000081600000|  0%| F|  |TAMS 0x0000000081500000, 0x0000000081500000| Untracked 
|  22|0x0000000081600000, 0x0000000081600000, 0x0000000081700000|  0%| F|  |TAMS 0x0000000081600000, 0x0000000081600000| Untracked 
|  23|0x0000000081700000, 0x0000000081700000, 0x0000000081800000|  0%| F|  |TAMS 0x0000000081700000, 0x0000000081700000| Untracked 
|  24|0x0000000081800000, 0x0000000081800000, 0x0000000081900000|  0%| F|  |TAMS 0x0000000081800000, 0x0000000081800000| Untracked 
|  25|0x0000000081900000, 0x0000000081900000, 0x0000000081a00000|  0%| F|  |TAMS 0x0000000081900000, 0x0000000081900000| Untracked 
|  26|0x0000000081a00000, 0x0000000081a00000, 0x0000000081b00000|  0%| F|  |TAMS 0x0000000081a00000, 0x0000000081a00000| Untracked 
|  27|0x0000000081b00000, 0x0000000081b00000, 0x0000000081c00000|  0%| F|  |TAMS 0x0000000081b00000, 0x0000000081b00000| Untracked 
|  28|0x0000000081c00000, 0x0000000081c00000, 0x0000000081d00000|  0%| F|  |TAMS 0x0000000081c00000, 0x0000000081c00000| Untracked 
|  29|0x0000000081d00000, 0x0000000081d00000, 0x0000000081e00000|  0%| F|  |TAMS 0x0000000081d00000, 0x0000000081d00000| Untracked 
|  30|0x0000000081e00000, 0x0000000081e00000, 0x0000000081f00000|  0%| F|  |TAMS 0x0000000081e00000, 0x0000000081e00000| Untracked 
|  31|0x0000000081f00000, 0x0000000081f00000, 0x0000000082000000|  0%| F|  |TAMS 0x0000000081f00000, 0x0000000081f00000| Untracked 
|  32|0x0000000082000000, 0x0000000082000000, 0x0000000082100000|  0%| F|  |TAMS 0x0000000082000000, 0x0000000082000000| Untracked 
|  33|0x0000000082100000, 0x0000000082100000, 0x0000000082200000|  0%| F|  |TAMS 0x0000000082100000, 0x0000000082100000| Untracked 
|  34|0x0000000082200000, 0x0000000082200000, 0x0000000082300000|  0%| F|  |TAMS 0x0000000082200000, 0x0000000082200000| Untracked 
|  35|0x0000000082300000, 0x0000000082300000, 0x0000000082400000|  0%| F|  |TAMS 0x0000000082300000, 0x0000000082300000| Untracked 
|  36|0x0000000082400000, 0x0000000082400000, 0x0000000082500000|  0%| F|  |TAMS 0x0000000082400000, 0x0000000082400000| Untracked 
|  37|0x0000000082500000, 0x0000000082500000, 0x0000000082600000|  0%| F|  |TAMS 0x0000000082500000, 0x0000000082500000| Untracked 
|  38|0x0000000082600000, 0x0000000082600000, 0x0000000082700000|  0%| F|  |TAMS 0x0000000082600000, 0x0000000082600000| Untracked 
|  39|0x0000000082700000, 0x0000000082700000, 0x0000000082800000|  0%| F|  |TAMS 0x0000000082700000, 0x0000000082700000| Untracked 
|  40|0x0000000082800000, 0x0000000082800000, 0x0000000082900000|  0%| F|  |TAMS 0x0000000082800000, 0x0000000082800000| Untracked 
|  41|0x0000000082900000, 0x0000000082900000, 0x0000000082a00000|  0%| F|  |TAMS 0x0000000082900000, 0x0000000082900000| Untracked 
|  42|0x0000000082a00000, 0x0000000082a00000, 0x0000000082b00000|  0%| F|  |TAMS 0x0000000082a00000, 0x0000000082a00000| Untracked 
|  43|0x0000000082b00000, 0x0000000082b00000, 0x0000000082c00000|  0%| F|  |TAMS 0x0000000082b00000, 0x0000000082b00000| Untracked 
|  44|0x0000000082c00000, 0x0000000082c00000, 0x0000000082d00000|  0%| F|  |TAMS 0x0000000082c00000, 0x0000000082c00000| Untracked 
|  45|0x0000000082d00000, 0x0000000082d00000, 0x0000000082e00000|  0%| F|  |TAMS 0x0000000082d00000, 0x0000000082d00000| Untracked 
|  46|0x0000000082e00000, 0x0000000082e00000, 0x0000000082f00000|  0%| F|  |TAMS 0x0000000082e00000, 0x0000000082e00000| Untracked 
|  47|0x0000000082f00000, 0x0000000082f00000, 0x0000000083000000|  0%| F|  |TAMS 0x0000000082f00000, 0x0000000082f00000| Untracked 
|  48|0x0000000083000000, 0x0000000083000000, 0x0000000083100000|  0%| F|  |TAMS 0x0000000083000000, 0x0000000083000000| Untracked 
|  49|0x0000000083100000, 0x0000000083100000, 0x0000000083200000|  0%| F|  |TAMS 0x0000000083100000, 0x0000000083100000| Untracked 
|  50|0x0000000083200000, 0x0000000083200000, 0x0000000083300000|  0%| F|  |TAMS 0x0000000083200000, 0x0000000083200000| Untracked 
|  51|0x0000000083300000, 0x0000000083300000, 0x0000000083400000|  0%| F|  |TAMS 0x0000000083300000, 0x0000000083300000| Untracked 
|  52|0x0000000083400000, 0x0000000083400000, 0x0000000083500000|  0%| F|  |TAMS 0x0000000083400000, 0x0000000083400000| Untracked 
|  53|0x0000000083500000, 0x0000000083500000, 0x0000000083600000|  0%| F|  |TAMS 0x0000000083500000, 0x0000000083500000| Untracked 
|  54|0x0000000083600000, 0x0000000083600000, 0x0000000083700000|  0%| F|  |TAMS 0x0000000083600000, 0x0000000083600000| Untracked 
|  55|0x0000000083700000, 0x0000000083700000, 0x0000000083800000|  0%| F|  |TAMS 0x0000000083700000, 0x0000000083700000| Untracked 
|  56|0x0000000083800000, 0x0000000083800000, 0x0000000083900000|  0%| F|  |TAMS 0x0000000083800000, 0x0000000083800000| Untracked 
|  57|0x0000000083900000, 0x0000000083900000, 0x0000000083a00000|  0%| F|  |TAMS 0x0000000083900000, 0x0000000083900000| Untracked 
|  58|0x0000000083a00000, 0x0000000083a00000, 0x0000000083b00000|  0%| F|  |TAMS 0x0000000083a00000, 0x0000000083a00000| Untracked 
|  59|0x0000000083b00000, 0x0000000083b00000, 0x0000000083c00000|  0%| F|  |TAMS 0x0000000083b00000, 0x0000000083b00000| Untracked 
|  60|0x0000000083c00000, 0x0000000083c00000, 0x0000000083d00000|  0%| F|  |TAMS 0x0000000083c00000, 0x0000000083c00000| Untracked 
|  61|0x0000000083d00000, 0x0000000083d00000, 0x0000000083e00000|  0%| F|  |TAMS 0x0000000083d00000, 0x0000000083d00000| Untracked 
|  62|0x0000000083e00000, 0x0000000083e00000, 0x0000000083f00000|  0%| F|  |TAMS 0x0000000083e00000, 0x0000000083e00000| Untracked 
|  63|0x0000000083f00000, 0x0000000083f00000, 0x0000000084000000|  0%| F|  |TAMS 0x0000000083f00000, 0x0000000083f00000| Untracked 
|  64|0x0000000084000000, 0x0000000084000000, 0x0000000084100000|  0%| F|  |TAMS 0x0000000084000000, 0x0000000084000000| Untracked 
|  65|0x0000000084100000, 0x0000000084100000, 0x0000000084200000|  0%| F|  |TAMS 0x0000000084100000, 0x0000000084100000| Untracked 
|  66|0x0000000084200000, 0x0000000084200000, 0x0000000084300000|  0%| F|  |TAMS 0x0000000084200000, 0x0000000084200000| Untracked 
|  67|0x0000000084300000, 0x0000000084300000, 0x0000000084400000|  0%| F|  |TAMS 0x0000000084300000, 0x0000000084300000| Untracked 
|  68|0x0000000084400000, 0x0000000084400000, 0x0000000084500000|  0%| F|  |TAMS 0x0000000084400000, 0x0000000084400000| Untracked 
|  69|0x0000000084500000, 0x0000000084500000, 0x0000000084600000|  0%| F|  |TAMS 0x0000000084500000, 0x0000000084500000| Untracked 
|  70|0x0000000084600000, 0x0000000084600000, 0x0000000084700000|  0%| F|  |TAMS 0x0000000084600000, 0x0000000084600000| Untracked 
|  71|0x0000000084700000, 0x0000000084700000, 0x0000000084800000|  0%| F|  |TAMS 0x0000000084700000, 0x0000000084700000| Untracked 
|  72|0x0000000084800000, 0x0000000084800000, 0x0000000084900000|  0%| F|  |TAMS 0x0000000084800000, 0x0000000084800000| Untracked 
|  73|0x0000000084900000, 0x0000000084900000, 0x0000000084a00000|  0%| F|  |TAMS 0x0000000084900000, 0x0000000084900000| Untracked 
|  74|0x0000000084a00000, 0x0000000084a00000, 0x0000000084b00000|  0%| F|  |TAMS 0x0000000084a00000, 0x0000000084a00000| Untracked 
|  75|0x0000000084b00000, 0x0000000084b00000, 0x0000000084c00000|  0%| F|  |TAMS 0x0000000084b00000, 0x0000000084b00000| Untracked 
|  76|0x0000000084c00000, 0x0000000084c00000, 0x0000000084d00000|  0%| F|  |TAMS 0x0000000084c00000, 0x0000000084c00000| Untracked 
|  77|0x0000000084d00000, 0x0000000084d00000, 0x0000000084e00000|  0%| F|  |TAMS 0x0000000084d00000, 0x0000000084d00000| Untracked 
|  78|0x0000000084e00000, 0x0000000084e00000, 0x0000000084f00000|  0%| F|  |TAMS 0x0000000084e00000, 0x0000000084e00000| Untracked 
|  79|0x0000000084f00000, 0x0000000084f00000, 0x0000000085000000|  0%| F|  |TAMS 0x0000000084f00000, 0x0000000084f00000| Untracked 
|  80|0x0000000085000000, 0x0000000085000000, 0x0000000085100000|  0%| F|  |TAMS 0x0000000085000000, 0x0000000085000000| Untracked 
|  81|0x0000000085100000, 0x0000000085100000, 0x0000000085200000|  0%| F|  |TAMS 0x0000000085100000, 0x0000000085100000| Untracked 
|  82|0x0000000085200000, 0x0000000085200000, 0x0000000085300000|  0%| F|  |TAMS 0x0000000085200000, 0x0000000085200000| Untracked 
|  83|0x0000000085300000, 0x0000000085300000, 0x0000000085400000|  0%| F|  |TAMS 0x0000000085300000, 0x0000000085300000| Untracked 
|  84|0x0000000085400000, 0x0000000085400000, 0x0000000085500000|  0%| F|  |TAMS 0x0000000085400000, 0x0000000085400000| Untracked 
|  85|0x0000000085500000, 0x0000000085500000, 0x0000000085600000|  0%| F|  |TAMS 0x0000000085500000, 0x0000000085500000| Untracked 
|  86|0x0000000085600000, 0x0000000085600000, 0x0000000085700000|  0%| F|  |TAMS 0x0000000085600000, 0x0000000085600000| Untracked 
|  87|0x0000000085700000, 0x0000000085700000, 0x0000000085800000|  0%| F|  |TAMS 0x0000000085700000, 0x0000000085700000| Untracked 
|  88|0x0000000085800000, 0x0000000085800000, 0x0000000085900000|  0%| F|  |TAMS 0x0000000085800000, 0x0000000085800000| Untracked 
|  89|0x0000000085900000, 0x0000000085900000, 0x0000000085a00000|  0%| F|  |TAMS 0x0000000085900000, 0x0000000085900000| Untracked 
|  90|0x0000000085a00000, 0x0000000085a00000, 0x0000000085b00000|  0%| F|  |TAMS 0x0000000085a00000, 0x0000000085a00000| Untracked 
|  91|0x0000000085b00000, 0x0000000085b00000, 0x0000000085c00000|  0%| F|  |TAMS 0x0000000085b00000, 0x0000000085b00000| Untracked 
|  92|0x0000000085c00000, 0x0000000085c00000, 0x0000000085d00000|  0%| F|  |TAMS 0x0000000085c00000, 0x0000000085c00000| Untracked 
|  93|0x0000000085d00000, 0x0000000085d00000, 0x0000000085e00000|  0%| F|  |TAMS 0x0000000085d00000, 0x0000000085d00000| Untracked 
|  94|0x0000000085e00000, 0x0000000085e00000, 0x0000000085f00000|  0%| F|  |TAMS 0x0000000085e00000, 0x0000000085e00000| Untracked 
|  95|0x0000000085f00000, 0x0000000085f00000, 0x0000000086000000|  0%| F|  |TAMS 0x0000000085f00000, 0x0000000085f00000| Untracked 
|  96|0x0000000086000000, 0x0000000086000000, 0x0000000086100000|  0%| F|  |TAMS 0x0000000086000000, 0x0000000086000000| Untracked 
|  97|0x0000000086100000, 0x0000000086100000, 0x0000000086200000|  0%| F|  |TAMS 0x0000000086100000, 0x0000000086100000| Untracked 
|  98|0x0000000086200000, 0x0000000086200000, 0x0000000086300000|  0%| F|  |TAMS 0x0000000086200000, 0x0000000086200000| Untracked 
|  99|0x0000000086300000, 0x0000000086300000, 0x0000000086400000|  0%| F|  |TAMS 0x0000000086300000, 0x0000000086300000| Untracked 
| 100|0x0000000086400000, 0x0000000086400000, 0x0000000086500000|  0%| F|  |TAMS 0x0000000086400000, 0x0000000086400000| Untracked 
| 101|0x0000000086500000, 0x0000000086500000, 0x0000000086600000|  0%| F|  |TAMS 0x0000000086500000, 0x0000000086500000| Untracked 
| 102|0x0000000086600000, 0x0000000086600000, 0x0000000086700000|  0%| F|  |TAMS 0x0000000086600000, 0x0000000086600000| Untracked 
| 103|0x0000000086700000, 0x0000000086700000, 0x0000000086800000|  0%| F|  |TAMS 0x0000000086700000, 0x0000000086700000| Untracked 
| 104|0x0000000086800000, 0x0000000086800000, 0x0000000086900000|  0%| F|  |TAMS 0x0000000086800000, 0x0000000086800000| Untracked 
| 105|0x0000000086900000, 0x0000000086900000, 0x0000000086a00000|  0%| F|  |TAMS 0x0000000086900000, 0x0000000086900000| Untracked 
| 106|0x0000000086a00000, 0x0000000086a00000, 0x0000000086b00000|  0%| F|  |TAMS 0x0000000086a00000, 0x0000000086a00000| Untracked 
| 107|0x0000000086b00000, 0x0000000086b00000, 0x0000000086c00000|  0%| F|  |TAMS 0x0000000086b00000, 0x0000000086b00000| Untracked 
| 108|0x0000000086c00000, 0x0000000086c00000, 0x0000000086d00000|  0%| F|  |TAMS 0x0000000086c00000, 0x0000000086c00000| Untracked 
| 109|0x0000000086d00000, 0x0000000086d00000, 0x0000000086e00000|  0%| F|  |TAMS 0x0000000086d00000, 0x0000000086d00000| Untracked 
| 110|0x0000000086e00000, 0x0000000086e00000, 0x0000000086f00000|  0%| F|  |TAMS 0x0000000086e00000, 0x0000000086e00000| Untracked 
| 111|0x0000000086f00000, 0x0000000086f00000, 0x0000000087000000|  0%| F|  |TAMS 0x0000000086f00000, 0x0000000086f00000| Untracked 
| 112|0x0000000087000000, 0x0000000087000000, 0x0000000087100000|  0%| F|  |TAMS 0x0000000087000000, 0x0000000087000000| Untracked 
| 113|0x0000000087100000, 0x0000000087100000, 0x0000000087200000|  0%| F|  |TAMS 0x0000000087100000, 0x0000000087100000| Untracked 
| 114|0x0000000087200000, 0x0000000087200000, 0x0000000087300000|  0%| F|  |TAMS 0x0000000087200000, 0x0000000087200000| Untracked 
| 115|0x0000000087300000, 0x0000000087300000, 0x0000000087400000|  0%| F|  |TAMS 0x0000000087300000, 0x0000000087300000| Untracked 
| 116|0x0000000087400000, 0x0000000087400000, 0x0000000087500000|  0%| F|  |TAMS 0x0000000087400000, 0x0000000087400000| Untracked 
| 117|0x0000000087500000, 0x0000000087500000, 0x0000000087600000|  0%| F|  |TAMS 0x0000000087500000, 0x0000000087500000| Untracked 
| 118|0x0000000087600000, 0x0000000087600000, 0x0000000087700000|  0%| F|  |TAMS 0x0000000087600000, 0x0000000087600000| Untracked 
| 119|0x0000000087700000, 0x0000000087700000, 0x0000000087800000|  0%| F|  |TAMS 0x0000000087700000, 0x0000000087700000| Untracked 
| 120|0x0000000087800000, 0x0000000087800000, 0x0000000087900000|  0%| F|  |TAMS 0x0000000087800000, 0x0000000087800000| Untracked 
| 121|0x0000000087900000, 0x0000000087900000, 0x0000000087a00000|  0%| F|  |TAMS 0x0000000087900000, 0x0000000087900000| Untracked 
| 122|0x0000000087a00000, 0x0000000087a00000, 0x0000000087b00000|  0%| F|  |TAMS 0x0000000087a00000, 0x0000000087a00000| Untracked 
| 123|0x0000000087b00000, 0x0000000087b00000, 0x0000000087c00000|  0%| F|  |TAMS 0x0000000087b00000, 0x0000000087b00000| Untracked 
| 124|0x0000000087c00000, 0x0000000087c00000, 0x0000000087d00000|  0%| F|  |TAMS 0x0000000087c00000, 0x0000000087c00000| Untracked 
| 125|0x0000000087d00000, 0x0000000087d00000, 0x0000000087e00000|  0%| F|  |TAMS 0x0000000087d00000, 0x0000000087d00000| Untracked 
| 126|0x0000000087e00000, 0x0000000087e00000, 0x0000000087f00000|  0%| F|  |TAMS 0x0000000087e00000, 0x0000000087e00000| Untracked 
| 127|0x0000000087f00000, 0x0000000087f00000, 0x0000000088000000|  0%| F|  |TAMS 0x0000000087f00000, 0x0000000087f00000| Untracked 
| 128|0x0000000088000000, 0x0000000088000000, 0x0000000088100000|  0%| F|  |TAMS 0x0000000088000000, 0x0000000088000000| Untracked 
| 129|0x0000000088100000, 0x0000000088100000, 0x0000000088200000|  0%| F|  |TAMS 0x0000000088100000, 0x0000000088100000| Untracked 
| 130|0x0000000088200000, 0x0000000088200000, 0x0000000088300000|  0%| F|  |TAMS 0x0000000088200000, 0x0000000088200000| Untracked 
| 131|0x0000000088300000, 0x0000000088300000, 0x0000000088400000|  0%| F|  |TAMS 0x0000000088300000, 0x0000000088300000| Untracked 
| 132|0x0000000088400000, 0x0000000088400000, 0x0000000088500000|  0%| F|  |TAMS 0x0000000088400000, 0x0000000088400000| Untracked 
| 133|0x0000000088500000, 0x0000000088500000, 0x0000000088600000|  0%| F|  |TAMS 0x0000000088500000, 0x0000000088500000| Untracked 
| 134|0x0000000088600000, 0x0000000088600000, 0x0000000088700000|  0%| F|  |TAMS 0x0000000088600000, 0x0000000088600000| Untracked 
| 135|0x0000000088700000, 0x000000008876ce80, 0x0000000088800000| 42%| S|CS|TAMS 0x0000000088700000, 0x0000000088700000| Complete 
| 136|0x0000000088800000, 0x0000000088900000, 0x0000000088900000|100%| S|CS|TAMS 0x0000000088800000, 0x0000000088800000| Complete 
| 137|0x0000000088900000, 0x0000000088a00000, 0x0000000088a00000|100%| S|CS|TAMS 0x0000000088900000, 0x0000000088900000| Complete 
| 138|0x0000000088a00000, 0x0000000088b00000, 0x0000000088b00000|100%| S|CS|TAMS 0x0000000088a00000, 0x0000000088a00000| Complete 
| 139|0x0000000088b00000, 0x0000000088c00000, 0x0000000088c00000|100%| S|CS|TAMS 0x0000000088b00000, 0x0000000088b00000| Complete 
| 140|0x0000000088c00000, 0x0000000088d00000, 0x0000000088d00000|100%| S|CS|TAMS 0x0000000088c00000, 0x0000000088c00000| Complete 
| 141|0x0000000088d00000, 0x0000000088e00000, 0x0000000088e00000|100%| S|CS|TAMS 0x0000000088d00000, 0x0000000088d00000| Complete 
| 142|0x0000000088e00000, 0x0000000088f00000, 0x0000000088f00000|100%| S|CS|TAMS 0x0000000088e00000, 0x0000000088e00000| Complete 
| 143|0x0000000088f00000, 0x0000000089000000, 0x0000000089000000|100%| S|CS|TAMS 0x0000000088f00000, 0x0000000088f00000| Complete 
| 144|0x0000000089000000, 0x0000000089100000, 0x0000000089100000|100%| S|CS|TAMS 0x0000000089000000, 0x0000000089000000| Complete 
| 145|0x0000000089100000, 0x0000000089200000, 0x0000000089200000|100%| S|CS|TAMS 0x0000000089100000, 0x0000000089100000| Complete 
| 146|0x0000000089200000, 0x0000000089200000, 0x0000000089300000|  0%| F|  |TAMS 0x0000000089200000, 0x0000000089200000| Untracked 
| 147|0x0000000089300000, 0x0000000089300000, 0x0000000089400000|  0%| F|  |TAMS 0x0000000089300000, 0x0000000089300000| Untracked 
| 148|0x0000000089400000, 0x0000000089400000, 0x0000000089500000|  0%| F|  |TAMS 0x0000000089400000, 0x0000000089400000| Untracked 
| 149|0x0000000089500000, 0x0000000089500000, 0x0000000089600000|  0%| F|  |TAMS 0x0000000089500000, 0x0000000089500000| Untracked 
| 150|0x0000000089600000, 0x0000000089600000, 0x0000000089700000|  0%| F|  |TAMS 0x0000000089600000, 0x0000000089600000| Untracked 
| 151|0x0000000089700000, 0x0000000089700000, 0x0000000089800000|  0%| F|  |TAMS 0x0000000089700000, 0x0000000089700000| Untracked 
| 152|0x0000000089800000, 0x0000000089800000, 0x0000000089900000|  0%| F|  |TAMS 0x0000000089800000, 0x0000000089800000| Untracked 
| 153|0x0000000089900000, 0x0000000089900000, 0x0000000089a00000|  0%| F|  |TAMS 0x0000000089900000, 0x0000000089900000| Untracked 
| 154|0x0000000089a00000, 0x0000000089a00000, 0x0000000089b00000|  0%| F|  |TAMS 0x0000000089a00000, 0x0000000089a00000| Untracked 
| 155|0x0000000089b00000, 0x0000000089b00000, 0x0000000089c00000|  0%| F|  |TAMS 0x0000000089b00000, 0x0000000089b00000| Untracked 
| 156|0x0000000089c00000, 0x0000000089c00000, 0x0000000089d00000|  0%| F|  |TAMS 0x0000000089c00000, 0x0000000089c00000| Untracked 
| 157|0x0000000089d00000, 0x0000000089d00000, 0x0000000089e00000|  0%| F|  |TAMS 0x0000000089d00000, 0x0000000089d00000| Untracked 
| 158|0x0000000089e00000, 0x0000000089e00000, 0x0000000089f00000|  0%| F|  |TAMS 0x0000000089e00000, 0x0000000089e00000| Untracked 
| 159|0x0000000089f00000, 0x0000000089f00000, 0x000000008a000000|  0%| F|  |TAMS 0x0000000089f00000, 0x0000000089f00000| Untracked 
| 160|0x000000008a000000, 0x000000008a000000, 0x000000008a100000|  0%| F|  |TAMS 0x000000008a000000, 0x000000008a000000| Untracked 
| 161|0x000000008a100000, 0x000000008a100000, 0x000000008a200000|  0%| F|  |TAMS 0x000000008a100000, 0x000000008a100000| Untracked 
| 162|0x000000008a200000, 0x000000008a200000, 0x000000008a300000|  0%| F|  |TAMS 0x000000008a200000, 0x000000008a200000| Untracked 
| 163|0x000000008a300000, 0x000000008a300000, 0x000000008a400000|  0%| F|  |TAMS 0x000000008a300000, 0x000000008a300000| Untracked 
| 164|0x000000008a400000, 0x000000008a400000, 0x000000008a500000|  0%| F|  |TAMS 0x000000008a400000, 0x000000008a400000| Untracked 
| 165|0x000000008a500000, 0x000000008a500000, 0x000000008a600000|  0%| F|  |TAMS 0x000000008a500000, 0x000000008a500000| Untracked 
| 166|0x000000008a600000, 0x000000008a600000, 0x000000008a700000|  0%| F|  |TAMS 0x000000008a600000, 0x000000008a600000| Untracked 
| 167|0x000000008a700000, 0x000000008a800000, 0x000000008a800000|100%| E|  |TAMS 0x000000008a700000, 0x000000008a700000| Complete 
| 168|0x000000008a800000, 0x000000008a900000, 0x000000008a900000|100%| E|CS|TAMS 0x000000008a800000, 0x000000008a800000| Complete 
| 169|0x000000008a900000, 0x000000008aa00000, 0x000000008aa00000|100%| E|CS|TAMS 0x000000008a900000, 0x000000008a900000| Complete 
| 170|0x000000008aa00000, 0x000000008ab00000, 0x000000008ab00000|100%| E|CS|TAMS 0x000000008aa00000, 0x000000008aa00000| Complete 
| 171|0x000000008ab00000, 0x000000008ac00000, 0x000000008ac00000|100%| E|CS|TAMS 0x000000008ab00000, 0x000000008ab00000| Complete 
| 172|0x000000008ac00000, 0x000000008ad00000, 0x000000008ad00000|100%| E|CS|TAMS 0x000000008ac00000, 0x000000008ac00000| Complete 
| 173|0x000000008ad00000, 0x000000008ae00000, 0x000000008ae00000|100%| E|CS|TAMS 0x000000008ad00000, 0x000000008ad00000| Complete 
| 174|0x000000008ae00000, 0x000000008af00000, 0x000000008af00000|100%| E|CS|TAMS 0x000000008ae00000, 0x000000008ae00000| Complete 
| 175|0x000000008af00000, 0x000000008b000000, 0x000000008b000000|100%| E|CS|TAMS 0x000000008af00000, 0x000000008af00000| Complete 
| 176|0x000000008b000000, 0x000000008b100000, 0x000000008b100000|100%| E|CS|TAMS 0x000000008b000000, 0x000000008b000000| Complete 
| 177|0x000000008b100000, 0x000000008b200000, 0x000000008b200000|100%| E|CS|TAMS 0x000000008b100000, 0x000000008b100000| Complete 
| 178|0x000000008b200000, 0x000000008b300000, 0x000000008b300000|100%| E|CS|TAMS 0x000000008b200000, 0x000000008b200000| Complete 
| 179|0x000000008b300000, 0x000000008b400000, 0x000000008b400000|100%| E|CS|TAMS 0x000000008b300000, 0x000000008b300000| Complete 
| 180|0x000000008b400000, 0x000000008b500000, 0x000000008b500000|100%| E|CS|TAMS 0x000000008b400000, 0x000000008b400000| Complete 
| 181|0x000000008b500000, 0x000000008b600000, 0x000000008b600000|100%| E|CS|TAMS 0x000000008b500000, 0x000000008b500000| Complete 
| 182|0x000000008b600000, 0x000000008b700000, 0x000000008b700000|100%| E|CS|TAMS 0x000000008b600000, 0x000000008b600000| Complete 
| 183|0x000000008b700000, 0x000000008b800000, 0x000000008b800000|100%| E|CS|TAMS 0x000000008b700000, 0x000000008b700000| Complete 
| 184|0x000000008b800000, 0x000000008b900000, 0x000000008b900000|100%| E|CS|TAMS 0x000000008b800000, 0x000000008b800000| Complete 
| 185|0x000000008b900000, 0x000000008ba00000, 0x000000008ba00000|100%| E|CS|TAMS 0x000000008b900000, 0x000000008b900000| Complete 
| 186|0x000000008ba00000, 0x000000008bb00000, 0x000000008bb00000|100%| E|CS|TAMS 0x000000008ba00000, 0x000000008ba00000| Complete 
| 187|0x000000008bb00000, 0x000000008bc00000, 0x000000008bc00000|100%| E|CS|TAMS 0x000000008bb00000, 0x000000008bb00000| Complete 
| 188|0x000000008bc00000, 0x000000008bd00000, 0x000000008bd00000|100%| E|CS|TAMS 0x000000008bc00000, 0x000000008bc00000| Complete 
| 189|0x000000008bd00000, 0x000000008be00000, 0x000000008be00000|100%| E|CS|TAMS 0x000000008bd00000, 0x000000008bd00000| Complete 
| 190|0x000000008be00000, 0x000000008bf00000, 0x000000008bf00000|100%| E|CS|TAMS 0x000000008be00000, 0x000000008be00000| Complete 
| 191|0x000000008bf00000, 0x000000008c000000, 0x000000008c000000|100%| E|CS|TAMS 0x000000008bf00000, 0x000000008bf00000| Complete 
| 192|0x000000008c000000, 0x000000008c100000, 0x000000008c100000|100%| E|CS|TAMS 0x000000008c000000, 0x000000008c000000| Complete 
| 193|0x000000008c100000, 0x000000008c200000, 0x000000008c200000|100%| E|CS|TAMS 0x000000008c100000, 0x000000008c100000| Complete 
| 194|0x000000008c200000, 0x000000008c300000, 0x000000008c300000|100%| E|CS|TAMS 0x000000008c200000, 0x000000008c200000| Complete 
| 195|0x000000008c300000, 0x000000008c400000, 0x000000008c400000|100%| E|CS|TAMS 0x000000008c300000, 0x000000008c300000| Complete 
| 196|0x000000008c400000, 0x000000008c500000, 0x000000008c500000|100%| E|CS|TAMS 0x000000008c400000, 0x000000008c400000| Complete 
| 197|0x000000008c500000, 0x000000008c600000, 0x000000008c600000|100%| E|CS|TAMS 0x000000008c500000, 0x000000008c500000| Complete 
| 198|0x000000008c600000, 0x000000008c700000, 0x000000008c700000|100%| E|CS|TAMS 0x000000008c600000, 0x000000008c600000| Complete 
| 199|0x000000008c700000, 0x000000008c800000, 0x000000008c800000|100%| E|CS|TAMS 0x000000008c700000, 0x000000008c700000| Complete 
| 200|0x000000008c800000, 0x000000008c900000, 0x000000008c900000|100%| E|CS|TAMS 0x000000008c800000, 0x000000008c800000| Complete 
| 201|0x000000008c900000, 0x000000008ca00000, 0x000000008ca00000|100%| E|CS|TAMS 0x000000008c900000, 0x000000008c900000| Complete 
| 202|0x000000008ca00000, 0x000000008cb00000, 0x000000008cb00000|100%| E|CS|TAMS 0x000000008ca00000, 0x000000008ca00000| Complete 
| 203|0x000000008cb00000, 0x000000008cc00000, 0x000000008cc00000|100%| E|CS|TAMS 0x000000008cb00000, 0x000000008cb00000| Complete 
| 204|0x000000008cc00000, 0x000000008cd00000, 0x000000008cd00000|100%| E|CS|TAMS 0x000000008cc00000, 0x000000008cc00000| Complete 
| 205|0x000000008cd00000, 0x000000008ce00000, 0x000000008ce00000|100%| E|CS|TAMS 0x000000008cd00000, 0x000000008cd00000| Complete 
| 206|0x000000008ce00000, 0x000000008cf00000, 0x000000008cf00000|100%| E|CS|TAMS 0x000000008ce00000, 0x000000008ce00000| Complete 
| 207|0x000000008cf00000, 0x000000008d000000, 0x000000008d000000|100%| E|CS|TAMS 0x000000008cf00000, 0x000000008cf00000| Complete 
| 208|0x000000008d000000, 0x000000008d100000, 0x000000008d100000|100%| E|CS|TAMS 0x000000008d000000, 0x000000008d000000| Complete 
| 209|0x000000008d100000, 0x000000008d200000, 0x000000008d200000|100%| E|CS|TAMS 0x000000008d100000, 0x000000008d100000| Complete 
| 210|0x000000008d200000, 0x000000008d300000, 0x000000008d300000|100%| E|CS|TAMS 0x000000008d200000, 0x000000008d200000| Complete 
| 211|0x000000008d300000, 0x000000008d400000, 0x000000008d400000|100%| E|CS|TAMS 0x000000008d300000, 0x000000008d300000| Complete 
| 212|0x000000008d400000, 0x000000008d500000, 0x000000008d500000|100%| E|CS|TAMS 0x000000008d400000, 0x000000008d400000| Complete 
| 213|0x000000008d500000, 0x000000008d600000, 0x000000008d600000|100%| E|CS|TAMS 0x000000008d500000, 0x000000008d500000| Complete 
| 214|0x000000008d600000, 0x000000008d700000, 0x000000008d700000|100%| E|CS|TAMS 0x000000008d600000, 0x000000008d600000| Complete 
| 215|0x000000008d700000, 0x000000008d800000, 0x000000008d800000|100%| E|CS|TAMS 0x000000008d700000, 0x000000008d700000| Complete 
| 216|0x000000008d800000, 0x000000008d900000, 0x000000008d900000|100%| E|CS|TAMS 0x000000008d800000, 0x000000008d800000| Complete 
| 217|0x000000008d900000, 0x000000008da00000, 0x000000008da00000|100%| E|CS|TAMS 0x000000008d900000, 0x000000008d900000| Complete 
| 218|0x000000008da00000, 0x000000008db00000, 0x000000008db00000|100%| E|CS|TAMS 0x000000008da00000, 0x000000008da00000| Complete 
| 219|0x000000008db00000, 0x000000008dc00000, 0x000000008dc00000|100%| E|CS|TAMS 0x000000008db00000, 0x000000008db00000| Complete 
| 220|0x000000008dc00000, 0x000000008dd00000, 0x000000008dd00000|100%| E|CS|TAMS 0x000000008dc00000, 0x000000008dc00000| Complete 
| 221|0x000000008dd00000, 0x000000008de00000, 0x000000008de00000|100%| E|CS|TAMS 0x000000008dd00000, 0x000000008dd00000| Complete 
| 222|0x000000008de00000, 0x000000008df00000, 0x000000008df00000|100%| E|CS|TAMS 0x000000008de00000, 0x000000008de00000| Complete 
| 223|0x000000008df00000, 0x000000008e000000, 0x000000008e000000|100%| E|CS|TAMS 0x000000008df00000, 0x000000008df00000| Complete 
| 224|0x000000008e000000, 0x000000008e100000, 0x000000008e100000|100%| E|CS|TAMS 0x000000008e000000, 0x000000008e000000| Complete 
| 225|0x000000008e100000, 0x000000008e200000, 0x000000008e200000|100%| E|CS|TAMS 0x000000008e100000, 0x000000008e100000| Complete 
| 226|0x000000008e200000, 0x000000008e300000, 0x000000008e300000|100%| E|CS|TAMS 0x000000008e200000, 0x000000008e200000| Complete 
| 227|0x000000008e300000, 0x000000008e400000, 0x000000008e400000|100%| E|CS|TAMS 0x000000008e300000, 0x000000008e300000| Complete 
| 228|0x000000008e400000, 0x000000008e500000, 0x000000008e500000|100%| E|CS|TAMS 0x000000008e400000, 0x000000008e400000| Complete 
| 229|0x000000008e500000, 0x000000008e600000, 0x000000008e600000|100%| E|CS|TAMS 0x000000008e500000, 0x000000008e500000| Complete 
| 230|0x000000008e600000, 0x000000008e700000, 0x000000008e700000|100%| E|CS|TAMS 0x000000008e600000, 0x000000008e600000| Complete 
| 231|0x000000008e700000, 0x000000008e800000, 0x000000008e800000|100%| E|  |TAMS 0x000000008e700000, 0x000000008e700000| Complete 
| 232|0x000000008e800000, 0x000000008e900000, 0x000000008e900000|100%| E|CS|TAMS 0x000000008e800000, 0x000000008e800000| Complete 
| 233|0x000000008e900000, 0x000000008ea00000, 0x000000008ea00000|100%| E|CS|TAMS 0x000000008e900000, 0x000000008e900000| Complete 
| 234|0x000000008ea00000, 0x000000008eb00000, 0x000000008eb00000|100%| E|CS|TAMS 0x000000008ea00000, 0x000000008ea00000| Complete 
| 235|0x000000008eb00000, 0x000000008ec00000, 0x000000008ec00000|100%| E|CS|TAMS 0x000000008eb00000, 0x000000008eb00000| Complete 
| 236|0x000000008ec00000, 0x000000008ed00000, 0x000000008ed00000|100%| E|CS|TAMS 0x000000008ec00000, 0x000000008ec00000| Complete 
| 237|0x000000008ed00000, 0x000000008ee00000, 0x000000008ee00000|100%| E|CS|TAMS 0x000000008ed00000, 0x000000008ed00000| Complete 
| 238|0x000000008ee00000, 0x000000008ef00000, 0x000000008ef00000|100%| E|CS|TAMS 0x000000008ee00000, 0x000000008ee00000| Complete 
| 239|0x000000008ef00000, 0x000000008f000000, 0x000000008f000000|100%| E|CS|TAMS 0x000000008ef00000, 0x000000008ef00000| Complete 
| 240|0x000000008f000000, 0x000000008f100000, 0x000000008f100000|100%| E|CS|TAMS 0x000000008f000000, 0x000000008f000000| Complete 
| 241|0x000000008f100000, 0x000000008f200000, 0x000000008f200000|100%| E|CS|TAMS 0x000000008f100000, 0x000000008f100000| Complete 
| 242|0x000000008f200000, 0x000000008f300000, 0x000000008f300000|100%| E|CS|TAMS 0x000000008f200000, 0x000000008f200000| Complete 
| 243|0x000000008f300000, 0x000000008f400000, 0x000000008f400000|100%| E|CS|TAMS 0x000000008f300000, 0x000000008f300000| Complete 
| 244|0x000000008f400000, 0x000000008f500000, 0x000000008f500000|100%| E|CS|TAMS 0x000000008f400000, 0x000000008f400000| Complete 
| 245|0x000000008f500000, 0x000000008f600000, 0x000000008f600000|100%| E|CS|TAMS 0x000000008f500000, 0x000000008f500000| Complete 
| 246|0x000000008f600000, 0x000000008f700000, 0x000000008f700000|100%| E|CS|TAMS 0x000000008f600000, 0x000000008f600000| Complete 
| 247|0x000000008f700000, 0x000000008f800000, 0x000000008f800000|100%| E|CS|TAMS 0x000000008f700000, 0x000000008f700000| Complete 
| 248|0x000000008f800000, 0x000000008f900000, 0x000000008f900000|100%| E|CS|TAMS 0x000000008f800000, 0x000000008f800000| Complete 
| 249|0x000000008f900000, 0x000000008fa00000, 0x000000008fa00000|100%| E|CS|TAMS 0x000000008f900000, 0x000000008f900000| Complete 
| 250|0x000000008fa00000, 0x000000008fb00000, 0x000000008fb00000|100%| E|CS|TAMS 0x000000008fa00000, 0x000000008fa00000| Complete 
| 251|0x000000008fb00000, 0x000000008fc00000, 0x000000008fc00000|100%| E|CS|TAMS 0x000000008fb00000, 0x000000008fb00000| Complete 
| 252|0x000000008fc00000, 0x000000008fd00000, 0x000000008fd00000|100%| E|CS|TAMS 0x000000008fc00000, 0x000000008fc00000| Complete 
| 253|0x000000008fd00000, 0x000000008fe00000, 0x000000008fe00000|100%| E|CS|TAMS 0x000000008fd00000, 0x000000008fd00000| Complete 

Card table byte_map: [0x000002b6cf4e0000,0x000002b6cf8e0000] _byte_map_base: 0x000002b6cf0e0000

Marking Bits (Prev, Next): (CMBitMap*) 0x000002b6bbaf8d98, (CMBitMap*) 0x000002b6bbaf8dd0
 Prev Bits: [0x000002b6cfce0000, 0x000002b6d1ce0000)
 Next Bits: [0x000002b6d1ce0000, 0x000002b6d3ce0000)

Polling page: 0x000002b6ba260000

Metaspace:

Usage:
  Non-class:     45.48 MB capacity,    44.62 MB ( 98%) used,   762.65 KB (  2%) free+waste,   118.81 KB ( <1%) overhead. 
      Class:      6.96 MB capacity,     6.52 MB ( 94%) used,   401.36 KB (  6%) free+waste,    56.88 KB ( <1%) overhead. 
       Both:     52.44 MB capacity,    51.14 MB ( 98%) used,     1.14 MB (  2%) free+waste,   175.69 KB ( <1%) overhead. 

Virtual space:
  Non-class space:       46.00 MB reserved,      45.50 MB ( 99%) committed 
      Class space:        1.00 GB reserved,       7.00 MB ( <1%) committed 
             Both:        1.04 GB reserved,      52.50 MB (  5%) committed 

Chunk freelists:
   Non-Class:  21.00 KB
       Class:  5.00 KB
        Both:  26.00 KB

MaxMetaspaceSize: 17179869184.00 GB
CompressedClassSpaceSize: 1.00 GB

CodeHeap 'non-profiled nmethods': size=120000Kb used=2477Kb max_used=2477Kb free=117522Kb
 bounds [0x000002b6c6f10000, 0x000002b6c7180000, 0x000002b6ce440000]
CodeHeap 'profiled nmethods': size=120000Kb used=9361Kb max_used=9361Kb free=110638Kb
 bounds [0x000002b6bf9e0000, 0x000002b6c0310000, 0x000002b6c6f10000]
CodeHeap 'non-nmethods': size=5760Kb used=2209Kb max_used=2248Kb free=3550Kb
 bounds [0x000002b6bf440000, 0x000002b6bf6b0000, 0x000002b6bf9e0000]
 total_blobs=5365 nmethods=4586 adapters=690
 compilation: enabled
              stopped_count=0, restarted_count=0
 full_count=0

Compilation events (20 events):
Event: 4.827 Thread 0x000002b6d72dc000 nmethod 4688 0x000002b6c02bdf90 code [0x000002b6c02be160, 0x000002b6c02be498]
Event: 4.842 Thread 0x000002b6d72dc000 4690       3       java.util.stream.Sink::end (1 bytes)
Event: 4.842 Thread 0x000002b6d72dc000 nmethod 4690 0x000002b6c02be590 code [0x000002b6c02be740, 0x000002b6c02be838]
Event: 4.845 Thread 0x000002b6d72dc000 4691       3       com.google.common.collect.ImmutableMap$Builder::put (53 bytes)
Event: 4.845 Thread 0x000002b6d72dc000 nmethod 4691 0x000002b6c02be910 code [0x000002b6c02beb00, 0x000002b6c02befb8]
Event: 4.853 Thread 0x000002b6d72dc000 4692       3       sun.reflect.generics.scope.AbstractScope::lookup (66 bytes)
Event: 4.854 Thread 0x000002b6d72dc000 nmethod 4692 0x000002b6c02bf190 code [0x000002b6c02bf3c0, 0x000002b6c02bfb68]
Event: 4.854 Thread 0x000002b6d72dc000 4693       3       java.util.HashMap::entrySet (27 bytes)
Event: 4.855 Thread 0x000002b6d72dc000 nmethod 4693 0x000002b6c02bfe10 code [0x000002b6c02bffe0, 0x000002b6c02c03b8]
Event: 4.855 Thread 0x000002b6d72dc000 4694       3       java.util.stream.ReferencePipeline$StatelessOp::<init> (29 bytes)
Event: 4.855 Thread 0x000002b6d72dc000 nmethod 4694 0x000002b6c02c0510 code [0x000002b6c02c06e0, 0x000002b6c02c0888]
Event: 4.856 Thread 0x000002b6d72dc000 4695       3       java.util.Collections$SingletonSet::contains (9 bytes)
Event: 4.856 Thread 0x000002b6d72dc000 nmethod 4695 0x000002b6c02c0990 code [0x000002b6c02c0b60, 0x000002b6c02c0e48]
Event: 4.862 Thread 0x000002b6d72dc000 4696       1       org.gradle.internal.service.DefaultServiceRegistry$ManagedObjectServiceProvider::setInstance (6 bytes)
Event: 4.863 Thread 0x000002b6d72dc000 nmethod 4696 0x000002b6c716ef90 code [0x000002b6c716f140, 0x000002b6c716f258]
Event: 4.863 Thread 0x000002b6d72dc000 4697       3       com.google.common.collect.ImmutableSet$Builder::build (165 bytes)
Event: 4.864 Thread 0x000002b6d72dc000 nmethod 4697 0x000002b6c02c0f10 code [0x000002b6c02c11e0, 0x000002b6c02c2028]
Event: 4.864 Thread 0x000002b6d72dc000 4698   !   3       org.gradle.internal.instantiation.generator.DependencyInjectingInstantiator::doCreate (64 bytes)
Event: 4.864 Thread 0x000002b6d72dc000 nmethod 4698 0x000002b6c02c2590 code [0x000002b6c02c27c0, 0x000002b6c02c2d68]
Event: 4.864 Thread 0x000002b6d72dc000 4699       3       java.util.TreeMap$Values::iterator (19 bytes)

GC Heap History (10 events):
Event: 0.474 GC heap before
{Heap before GC invocations=0 (full 0):
 garbage-first heap   total 260096K, used 29696K [0x0000000080000000, 0x0000000100000000)
  region size 1024K, 24 young (24576K), 0 survivors (0K)
 Metaspace       used 10642K, capacity 10880K, committed 11008K, reserved 1058816K
  class space    used 1127K, capacity 1200K, committed 1280K, reserved 1048576K
}
Event: 0.478 GC heap after
{Heap after GC invocations=1 (full 0):
 garbage-first heap   total 260096K, used 8496K [0x0000000080000000, 0x0000000100000000)
  region size 1024K, 3 young (3072K), 3 survivors (3072K)
 Metaspace       used 10642K, capacity 10880K, committed 11008K, reserved 1058816K
  class space    used 1127K, capacity 1200K, committed 1280K, reserved 1048576K
}
Event: 2.037 GC heap before
{Heap before GC invocations=1 (full 0):
 garbage-first heap   total 260096K, used 93488K [0x0000000080000000, 0x0000000100000000)
  region size 1024K, 88 young (90112K), 3 survivors (3072K)
 Metaspace       used 20576K, capacity 21107K, committed 21248K, reserved 1067008K
  class space    used 2525K, capacity 2712K, committed 2816K, reserved 1048576K
}
Event: 2.044 GC heap after
{Heap after GC invocations=2 (full 0):
 garbage-first heap   total 260096K, used 15797K [0x0000000080000000, 0x0000000100000000)
  region size 1024K, 11 young (11264K), 11 survivors (11264K)
 Metaspace       used 20576K, capacity 21107K, committed 21248K, reserved 1067008K
  class space    used 2525K, capacity 2712K, committed 2816K, reserved 1048576K
}
Event: 2.308 GC heap before
{Heap before GC invocations=3 (full 0):
 garbage-first heap   total 260096K, used 49589K [0x0000000080000000, 0x0000000100000000)
  region size 1024K, 44 young (45056K), 11 survivors (11264K)
 Metaspace       used 24465K, capacity 25062K, committed 25216K, reserved 1071104K
  class space    used 3136K, capacity 3331K, committed 3456K, reserved 1048576K
}
Event: 2.313 GC heap after
{Heap after GC invocations=4 (full 0):
 garbage-first heap   total 260096K, used 17542K [0x0000000080000000, 0x0000000100000000)
  region size 1024K, 2 young (2048K), 2 survivors (2048K)
 Metaspace       used 24465K, capacity 25062K, committed 25216K, reserved 1071104K
  class space    used 3136K, capacity 3331K, committed 3456K, reserved 1048576K
}
Event: 2.914 GC heap before
{Heap before GC invocations=4 (full 0):
 garbage-first heap   total 260096K, used 83078K [0x0000000080000000, 0x0000000100000000)
  region size 1024K, 67 young (68608K), 2 survivors (2048K)
 Metaspace       used 35117K, capacity 35825K, committed 35840K, reserved 1081344K
  class space    used 4567K, capacity 4856K, committed 4864K, reserved 1048576K
}
Event: 2.920 GC heap after
{Heap after GC invocations=5 (full 0):
 garbage-first heap   total 260096K, used 21128K [0x0000000080000000, 0x0000000100000000)
  region size 1024K, 6 young (6144K), 6 survivors (6144K)
 Metaspace       used 35117K, capacity 35825K, committed 35840K, reserved 1081344K
  class space    used 4567K, capacity 4856K, committed 4864K, reserved 1048576K
}
Event: 3.782 GC heap before
{Heap before GC invocations=6 (full 0):
 garbage-first heap   total 260096K, used 128648K [0x0000000080000000, 0x0000000100000000)
  region size 1024K, 108 young (110592K), 6 survivors (6144K)
 Metaspace       used 44111K, capacity 45166K, committed 45312K, reserved 1089536K
  class space    used 5676K, capacity 6071K, committed 6144K, reserved 1048576K
}
Event: 3.791 GC heap after
{Heap after GC invocations=7 (full 0):
 garbage-first heap   total 260096K, used 26331K [0x0000000080000000, 0x0000000100000000)
  region size 1024K, 11 young (11264K), 11 survivors (11264K)
 Metaspace       used 44111K, capacity 45166K, committed 45312K, reserved 1089536K
  class space    used 5676K, capacity 6071K, committed 6144K, reserved 1048576K
}

Deoptimization events (20 events):
Event: 4.610 Thread 0x000002b6d8c95000 DEOPT PACKING pc=0x000002b6c0209a62 sp=0x000000fab68f32e0
Event: 4.610 Thread 0x000002b6d8c95000 DEOPT UNPACKING pc=0x000002b6bf4672ce sp=0x000000fab68f2770 mode 0
Event: 4.765 Thread 0x000002b6d8c95000 DEOPT PACKING pc=0x000002b6bfc61797 sp=0x000000fab68f6f90
Event: 4.765 Thread 0x000002b6d8c95000 DEOPT UNPACKING pc=0x000002b6bf4672ce sp=0x000000fab68f6518 mode 0
Event: 4.767 Thread 0x000002b6d8c95000 DEOPT PACKING pc=0x000002b6bfc61797 sp=0x000000fab68f7170
Event: 4.767 Thread 0x000002b6d8c95000 DEOPT UNPACKING pc=0x000002b6bf4672ce sp=0x000000fab68f66f8 mode 0
Event: 4.769 Thread 0x000002b6d8c95000 DEOPT PACKING pc=0x000002b6bfc61797 sp=0x000000fab68f6f70
Event: 4.769 Thread 0x000002b6d8c95000 DEOPT UNPACKING pc=0x000002b6bf4672ce sp=0x000000fab68f64f8 mode 0
Event: 4.771 Thread 0x000002b6d8c95000 DEOPT PACKING pc=0x000002b6bfc61797 sp=0x000000fab68f6f70
Event: 4.771 Thread 0x000002b6d8c95000 DEOPT UNPACKING pc=0x000002b6bf4672ce sp=0x000000fab68f64f8 mode 0
Event: 4.772 Thread 0x000002b6d8c95000 DEOPT PACKING pc=0x000002b6bfc61797 sp=0x000000fab68f7160
Event: 4.772 Thread 0x000002b6d8c95000 DEOPT UNPACKING pc=0x000002b6bf4672ce sp=0x000000fab68f66e8 mode 0
Event: 4.773 Thread 0x000002b6d8c95000 DEOPT PACKING pc=0x000002b6bfc61797 sp=0x000000fab68f7050
Event: 4.773 Thread 0x000002b6d8c95000 DEOPT UNPACKING pc=0x000002b6bf4672ce sp=0x000000fab68f65d8 mode 0
Event: 4.775 Thread 0x000002b6d8c95000 DEOPT PACKING pc=0x000002b6bfc61797 sp=0x000000fab68f6f80
Event: 4.775 Thread 0x000002b6d8c95000 DEOPT UNPACKING pc=0x000002b6bf4672ce sp=0x000000fab68f6508 mode 0
Event: 4.776 Thread 0x000002b6d8c95000 DEOPT PACKING pc=0x000002b6bfc61797 sp=0x000000fab68f6f80
Event: 4.776 Thread 0x000002b6d8c95000 DEOPT UNPACKING pc=0x000002b6bf4672ce sp=0x000000fab68f6508 mode 0
Event: 4.777 Thread 0x000002b6d8c95000 DEOPT PACKING pc=0x000002b6bfc61797 sp=0x000000fab68f6f80
Event: 4.777 Thread 0x000002b6d8c95000 DEOPT UNPACKING pc=0x000002b6bf4672ce sp=0x000000fab68f6508 mode 0

Classes redefined (0 events):
No events

Internal exceptions (20 events):
Event: 4.196 Thread 0x000002b6d8e10800 Exception <a 'java/lang/NoSuchMethodError'{0x000000008d916ec8}: <clinit>> (0x000000008d916ec8) thrown at [./src/hotspot/share/prims/jni.cpp, line 1362]
Event: 4.196 Thread 0x000002b6d8e10800 Exception <a 'java/lang/NoSuchMethodError'{0x000000008d917fd8}: <clinit>> (0x000000008d917fd8) thrown at [./src/hotspot/share/prims/jni.cpp, line 1362]
Event: 4.196 Thread 0x000002b6d8e10800 Exception <a 'java/lang/NoSuchMethodError'{0x000000008d9192e0}: <clinit>> (0x000000008d9192e0) thrown at [./src/hotspot/share/prims/jni.cpp, line 1362]
Event: 4.196 Thread 0x000002b6d8e10800 Exception <a 'java/lang/NoSuchMethodError'{0x000000008d91a300}: <clinit>> (0x000000008d91a300) thrown at [./src/hotspot/share/prims/jni.cpp, line 1362]
Event: 4.197 Thread 0x000002b6d8e10800 Exception <a 'java/lang/NoSuchMethodError'{0x000000008d9241b8}: <clinit>> (0x000000008d9241b8) thrown at [./src/hotspot/share/prims/jni.cpp, line 1362]
Event: 4.198 Thread 0x000002b6d8e10800 Exception <a 'java/lang/NoSuchMethodError'{0x000000008d92e3d0}: <clinit>> (0x000000008d92e3d0) thrown at [./src/hotspot/share/prims/jni.cpp, line 1362]
Event: 4.199 Thread 0x000002b6d8e10800 Exception <a 'java/lang/NoSuchMethodError'{0x000000008d941f78}: <clinit>> (0x000000008d941f78) thrown at [./src/hotspot/share/prims/jni.cpp, line 1362]
Event: 4.224 Thread 0x000002b6d8c95000 Exception <a 'java/lang/ClassNotFoundException'{0x000000008d9aa848}: build_4fvjbo8p92afa1uqbnbilgq8hBeanInfo> (0x000000008d9aa848) thrown at [./src/hotspot/share/classfile/systemDictionary.cpp, line 231]
Event: 4.224 Thread 0x000002b6d8c95000 Exception <a 'java/lang/ClassNotFoundException'{0x000000008d9b3650}: build_4fvjbo8p92afa1uqbnbilgq8hCustomizer> (0x000000008d9b3650) thrown at [./src/hotspot/share/classfile/systemDictionary.cpp, line 231]
Event: 4.230 Thread 0x000002b6d8c95000 Exception <a 'java/lang/ClassNotFoundException'{0x000000008d822c28}: org/gradle/plugin/use/internal/PluginRequestCollector$PluginDependenciesSpecImplBeanInfo> (0x000000008d822c28) thrown at [./src/hotspot/share/classfile/systemDictionary.cpp, line 231]
Event: 4.230 Thread 0x000002b6d8c95000 Exception <a 'java/lang/ClassNotFoundException'{0x000000008d848998}: org/gradle/plugin/use/internal/PluginRequestCollector$PluginDependenciesSpecImplCustomizer> (0x000000008d848998) thrown at [./src/hotspot/share/classfile/systemDictionary.cpp, line 231]
Event: 4.235 Thread 0x000002b6d8c95000 Exception <a 'java/lang/NoSuchMethodError'{0x000000008d8ba4e0}: 'void java.lang.invoke.DirectMethodHandle$Holder.invokeInterface(java.lang.Object, java.lang.Object)'> (0x000000008d8ba4e0) thrown at [./src/hotspot/share/interpreter/linkResolver.cpp, line 773]
Event: 4.252 Thread 0x000002b6d8c95000 Exception <a 'java/lang/ClassNotFoundException'{0x000000008d679d68}: org/gradle/api/internal/plugins/DefaultObjectConfigurationActionBeanInfo> (0x000000008d679d68) thrown at [./src/hotspot/share/classfile/systemDictionary.cpp, line 231]
Event: 4.254 Thread 0x000002b6d8c95000 Exception <a 'java/lang/ClassNotFoundException'{0x000000008d6a5fa0}: org/gradle/api/internal/plugins/DefaultObjectConfigurationActionCustomizer> (0x000000008d6a5fa0) thrown at [./src/hotspot/share/classfile/systemDictionary.cpp, line 231]
Event: 4.365 Thread 0x000002b6d8c95000 Exception <a 'java/lang/NoSuchMethodError'{0x000000008cd76f20}: 'java.lang.Object java.lang.invoke.DirectMethodHandle$Holder.invokeStatic(java.lang.Object, java.lang.Object, java.lang.Object, java.lang.Object, int)'> (0x000000008cd76f20) thrown at [./src/hotspot/share/interpreter/linkResolver.cpp, line 773]
Event: 4.365 Thread 0x000002b6d8c95000 Exception <a 'java/lang/NoSuchMethodError'{0x000000008cd7b918}: 'java.lang.Object java.lang.invoke.DirectMethodHandle$Holder.invokeSpecial(java.lang.Object, java.lang.Object, java.lang.Object, java.lang.Object, java.lang.Object, int)'> (0x000000008cd7b918) thrown at [./src/hotspot/share/interpreter/linkResolver.cpp, line 773]
Event: 4.365 Thread 0x000002b6d8c95000 Exception <a 'java/lang/NoSuchMethodError'{0x000000008cd7ff58}: 'java.lang.Object java.lang.invoke.Invokers$Holder.linkToTargetMethod(java.lang.Object, java.lang.Object, java.lang.Object, int, java.lang.Object)'> (0x000000008cd7ff58) thrown at [./src/hotspot/share/interpreter/linkResolver.cpp, line 773]
Event: 4.602 Thread 0x000002b6d8c95000 Exception <a 'java/lang/NoSuchMethodError'{0x000000008ba9b090}: 'java.lang.Object java.lang.invoke.DirectMethodHandle$Holder.invokeSpecial(java.lang.Object, java.lang.Object, int, int, java.lang.Object, java.lang.Object, java.lang.Object)'> (0x000000008ba9b090) thrown at [./src/hotspot/share/interpreter/linkResolver.cpp, line 773]
Event: 4.602 Thread 0x000002b6d8c95000 Exception <a 'java/lang/NoSuchMethodError'{0x000000008ba9f610}: 'java.lang.Object java.lang.invoke.DelegatingMethodHandle$Holder.reinvoke_L(java.lang.Object, int, int, java.lang.Object, java.lang.Object, java.lang.Object)'> (0x000000008ba9f610) thrown at [./src/hotspot/share/interpreter/linkResolver.cpp, line 773]
Event: 4.840 Thread 0x000002b6d8c95000 Exception <a 'java/lang/NoSuchMethodError'{0x000000008ad1f000}: 'int java.lang.invoke.DirectMethodHandle$Holder.invokeInterface(java.lang.Object, java.lang.Object, java.lang.Object, java.lang.Object)'> (0x000000008ad1f000) thrown at [./src/hotspot/share/interpreter/linkResolver.cpp, line 773]

Events (20 events):
Event: 4.861 loading class org/gradle/StartParameter
Event: 4.861 loading class org/gradle/StartParameter done
Event: 4.861 loading class org/gradle/api/Project
Event: 4.861 loading class org/gradle/api/Project done
Event: 4.861 loading class kotlin/jvm/functions/Function1
Event: 4.861 loading class kotlin/jvm/functions/Function1 done
Event: 4.861 loading class com/android/build/gradle/internal/DependencyResolutionChecks
Event: 4.861 loading class com/android/build/gradle/internal/DependencyResolutionChecks done
Event: 4.862 loading class org/gradle/api/internal/plugins/DslObject
Event: 4.862 loading class org/gradle/api/internal/plugins/DslObject done
Event: 4.863 loading class com/android/build/gradle/internal/DependencyResolutionChecks$registerDependencyCheck$1
Event: 4.863 loading class com/android/build/gradle/internal/DependencyResolutionChecks$registerDependencyCheck$1 done
Event: 4.863 loading class org/gradle/configuration/internal/DefaultListenerBuildOperationDecorator$BuildOperationEmittingAction
Event: 4.863 loading class org/gradle/configuration/internal/DefaultListenerBuildOperationDecorator$BuildOperationEmittingAction done
Event: 4.863 loading class com/android/build/gradle/internal/DependencyResolutionChecks$registerDependencyCheck$2
Event: 4.863 loading class com/android/build/gradle/internal/DependencyResolutionChecks$registerDependencyCheck$2 done
Event: 4.864 loading class com/android/build/gradle/api/AndroidBasePlugin
Event: 4.864 loading class com/android/build/gradle/api/AndroidBasePlugin done
Event: 4.864 loading class org/gradle/api/plugins/PluginManager
Event: 4.864 loading class org/gradle/api/plugins/PluginManager done


Dynamic libraries:
0x00007ff6c86a0000 - 0x00007ff6c86aa000 	D:\programas\androidStudio\jre\bin\java.exe
0x00007ffd581f0000 - 0x00007ffd583e5000 	C:\Windows\SYSTEM32\ntdll.dll
0x00007ffd567e0000 - 0x00007ffd5689d000 	C:\Windows\System32\KERNEL32.DLL
0x00007ffd55a30000 - 0x00007ffd55cf8000 	C:\Windows\System32\KERNELBASE.dll
0x00007ffd55f10000 - 0x00007ffd56010000 	C:\Windows\System32\ucrtbase.dll
0x00007ffd47ed0000 - 0x00007ffd47ee9000 	D:\programas\androidStudio\jre\bin\jli.dll
0x00007ffd479e0000 - 0x00007ffd479f7000 	D:\programas\androidStudio\jre\bin\VCRUNTIME140.dll
0x00007ffd57ff0000 - 0x00007ffd58190000 	C:\Windows\System32\USER32.dll
0x00007ffd55a00000 - 0x00007ffd55a22000 	C:\Windows\System32\win32u.dll
0x00007ffd41700000 - 0x00007ffd4199a000 	C:\Windows\WinSxS\amd64_microsoft.windows.common-controls_6595b64144ccf1df_6.0.19041.844_none_ca00b6081b84eb1d\COMCTL32.dll
0x00007ffd56ef0000 - 0x00007ffd56f1a000 	C:\Windows\System32\GDI32.dll
0x00007ffd56660000 - 0x00007ffd566fe000 	C:\Windows\System32\msvcrt.dll
0x00007ffd56140000 - 0x00007ffd5624b000 	C:\Windows\System32\gdi32full.dll
0x00007ffd55960000 - 0x00007ffd559fd000 	C:\Windows\System32\msvcp_win.dll
0x00007ffd568a0000 - 0x00007ffd568d0000 	C:\Windows\System32\IMM32.DLL
0x00007ffd225b0000 - 0x00007ffd2264d000 	D:\programas\androidStudio\jre\bin\msvcp140.dll
0x00007ffcf8120000 - 0x00007ffcf8bdc000 	D:\programas\androidStudio\jre\bin\server\jvm.dll
0x00007ffd565b0000 - 0x00007ffd5665c000 	C:\Windows\System32\ADVAPI32.dll
0x00007ffd57c90000 - 0x00007ffd57d2b000 	C:\Windows\System32\sechost.dll
0x00007ffd56b10000 - 0x00007ffd56c3b000 	C:\Windows\System32\RPCRT4.dll
0x00007ffd56ca0000 - 0x00007ffd56ca8000 	C:\Windows\System32\PSAPI.DLL
0x00007ffd36f50000 - 0x00007ffd36f59000 	C:\Windows\SYSTEM32\WSOCK32.dll
0x00007ffd36e00000 - 0x00007ffd36e27000 	C:\Windows\SYSTEM32\WINMM.dll
0x00007ffd4e2b0000 - 0x00007ffd4e2ba000 	C:\Windows\SYSTEM32\VERSION.dll
0x00007ffd56a90000 - 0x00007ffd56afb000 	C:\Windows\System32\WS2_32.dll
0x00007ffd54200000 - 0x00007ffd54212000 	C:\Windows\SYSTEM32\kernel.appcore.dll
0x00007ffd4e680000 - 0x00007ffd4e691000 	D:\programas\androidStudio\jre\bin\verify.dll
0x00007ffd53790000 - 0x00007ffd53974000 	C:\Windows\SYSTEM32\DBGHELP.DLL
0x00007ffd36650000 - 0x00007ffd3667c000 	C:\Windows\SYSTEM32\dbgcore.DLL
0x00007ffd56010000 - 0x00007ffd56090000 	C:\Windows\System32\bcryptPrimitives.dll
0x00007ffd48f20000 - 0x00007ffd48f49000 	D:\programas\androidStudio\jre\bin\java.dll
0x00007ffd4de40000 - 0x00007ffd4de4b000 	D:\programas\androidStudio\jre\bin\jimage.dll
0x00007ffd4ddc0000 - 0x00007ffd4ddd8000 	D:\programas\androidStudio\jre\bin\zip.dll
0x00007ffd56f20000 - 0x00007ffd57662000 	C:\Windows\System32\SHELL32.dll
0x00007ffd53a60000 - 0x00007ffd541f0000 	C:\Windows\SYSTEM32\windows.storage.dll
0x00007ffd56250000 - 0x00007ffd565a5000 	C:\Windows\System32\combase.dll
0x00007ffd553a0000 - 0x00007ffd553cc000 	C:\Windows\SYSTEM32\Wldp.dll
0x00007ffd57db0000 - 0x00007ffd57e5e000 	C:\Windows\System32\SHCORE.dll
0x00007ffd56c40000 - 0x00007ffd56c95000 	C:\Windows\System32\shlwapi.dll
0x00007ffd55870000 - 0x00007ffd5588f000 	C:\Windows\SYSTEM32\profapi.dll
0x00007ffd49330000 - 0x00007ffd4934a000 	D:\programas\androidStudio\jre\bin\net.dll
0x00007ffd48d10000 - 0x00007ffd48e1b000 	C:\Windows\SYSTEM32\WINHTTP.dll
0x00007ffd55110000 - 0x00007ffd5517a000 	C:\Windows\system32\mswsock.dll
0x00007ffd48f00000 - 0x00007ffd48f14000 	D:\programas\androidStudio\jre\bin\nio.dll
0x00007ffd4b3a0000 - 0x00007ffd4b3c7000 	C:\Users\Marcelo\.gradle\native\fdc75f09e3144964f2cf3f50f0aa648679c211496f362492102eb8c894070792\windows-amd64\native-platform.dll
0x00007ffd1afb0000 - 0x00007ffd1b146000 	C:\Users\Marcelo\.gradle\native\12488b8bf47d2d4c9fbf2f6322a914ad602e24e48041cd04a747c6da556b65c4\windows-amd64\native-platform-file-events.dll
0x00007ffd4b130000 - 0x00007ffd4b13a000 	D:\programas\androidStudio\jre\bin\management.dll
0x00007ffd492f0000 - 0x00007ffd492fc000 	D:\programas\androidStudio\jre\bin\management_ext.dll
0x00007ffd552f0000 - 0x00007ffd55308000 	C:\Windows\SYSTEM32\CRYPTSP.dll
0x00007ffd54a40000 - 0x00007ffd54a74000 	C:\Windows\system32\rsaenh.dll
0x00007ffd55930000 - 0x00007ffd55957000 	C:\Windows\System32\bcrypt.dll
0x00007ffd557f0000 - 0x00007ffd5581e000 	C:\Windows\SYSTEM32\USERENV.dll
0x00007ffd552e0000 - 0x00007ffd552ec000 	C:\Windows\SYSTEM32\CRYPTBASE.dll
0x00007ffd54db0000 - 0x00007ffd54deb000 	C:\Windows\SYSTEM32\IPHLPAPI.DLL
0x00007ffd56ee0000 - 0x00007ffd56ee8000 	C:\Windows\System32\NSI.dll
0x00007ffd4d180000 - 0x00007ffd4d197000 	C:\Windows\SYSTEM32\dhcpcsvc6.DLL
0x00007ffd4d160000 - 0x00007ffd4d17d000 	C:\Windows\SYSTEM32\dhcpcsvc.DLL
0x00007ffd54df0000 - 0x00007ffd54ebc000 	C:\Windows\SYSTEM32\DNSAPI.dll
0x00007ffd4df00000 - 0x00007ffd4df0b000 	C:\Windows\SYSTEM32\WINNSI.DLL

dbghelp: loaded successfully - version: 4.0.5 - missing functions: none
symbol engine: initialized successfully - sym options: 0x614 - pdb path: .;D:\programas\androidStudio\jre\bin;C:\Windows\SYSTEM32;C:\Windows\WinSxS\amd64_microsoft.windows.common-controls_6595b64144ccf1df_6.0.19041.844_none_ca00b6081b84eb1d;D:\programas\androidStudio\jre\bin\server;C:\Users\Marcelo\.gradle\native\fdc75f09e3144964f2cf3f50f0aa648679c211496f362492102eb8c894070792\windows-amd64;C:\Users\Marcelo\.gradle\native\12488b8bf47d2d4c9fbf2f6322a914ad602e24e48041cd04a747c6da556b65c4\windows-amd64

VM Arguments:
jvm_args: --add-opens=java.base/java.util=ALL-UNNAMED --add-opens=java.base/java.lang=ALL-UNNAMED --add-opens=java.base/java.lang.invoke=ALL-UNNAMED --add-opens=java.prefs/java.util.prefs=ALL-UNNAMED -Xmx2048m -Dfile.encoding=UTF-8 -Duser.country=BR -Duser.language=pt -Duser.variant 
java_command: org.gradle.launcher.daemon.bootstrap.GradleDaemon 6.7.1
java_class_path (initial): C:\Users\Marcelo\.gradle\wrapper\dists\gradle-6.7.1-all\2moa8rlfac5eqlcfgk98k0deb\gradle-6.7.1\lib\gradle-launcher-6.7.1.jar
Launcher Type: SUN_STANDARD

[Global flags]
     intx CICompilerCount                          = 4                                         {product} {ergonomic}
     uint ConcGCThreads                            = 3                                         {product} {ergonomic}
     uint G1ConcRefinementThreads                  = 10                                        {product} {ergonomic}
   size_t G1HeapRegionSize                         = 1048576                                   {product} {ergonomic}
    uintx GCDrainStackTargetSize                   = 64                                        {product} {ergonomic}
   size_t InitialHeapSize                          = 266338304                                 {product} {ergonomic}
   size_t MarkStackSize                            = 4194304                                   {product} {ergonomic}
   size_t MaxHeapSize                              = 2147483648                                {product} {command line}
   size_t MaxNewSize                               = 1287651328                                {product} {ergonomic}
   size_t MinHeapDeltaBytes                        = 1048576                                   {product} {ergonomic}
    uintx NonNMethodCodeHeapSize                   = 5836300                                {pd product} {ergonomic}
    uintx NonProfiledCodeHeapSize                  = 122910970                              {pd product} {ergonomic}
    uintx ProfiledCodeHeapSize                     = 122910970                              {pd product} {ergonomic}
    uintx ReservedCodeCacheSize                    = 251658240                              {pd product} {ergonomic}
     bool SegmentedCodeCache                       = true                                      {product} {ergonomic}
     bool UseCompressedClassPointers               = true                                 {lp64_product} {ergonomic}
     bool UseCompressedOops                        = true                                 {lp64_product} {ergonomic}
     bool UseG1GC                                  = true                                      {product} {ergonomic}
     bool UseLargePagesIndividualAllocation        = false                                  {pd product} {ergonomic}

Logging:
Log output configuration:
 #0: stdout all=warning uptime,level,tags
 #1: stderr all=off uptime,level,tags

Environment Variables:
PATH=C:\Windows\system32;C:\Windows;C:\Windows\System32\Wbem;C:\Windows\System32\WindowsPowerShell\v1.0\;C:\Windows\System32\OpenSSH\;C:\Program Files\MySQL\MySQL Server 8.0\bin;D:\Program Files\Git\cmd;C:\Program Files (x86)\NVIDIA Corporation\PhysX\Common;C:\Program Files\NVIDIA Corporation\NVIDIA NvDLISR;C:\Program Files\MySQL\MySQL Shell 8.0\bin\;C:\Users\Marcelo\AppData\Local\Microsoft\WindowsApps;
USERNAME=Marcelo
OS=Windows_NT
PROCESSOR_IDENTIFIER=Intel64 Family 6 Model 158 Stepping 10, GenuineIntel



---------------  S Y S T E M  ---------------

OS: Windows 10 , 64 bit Build 19041 (10.0.19041.928)
OS uptime: 18 days 9:36 hours

CPU:total 12 (initial active 12) (6 cores per cpu, 2 threads per core) family 6 model 158 stepping 10, cmov, cx8, fxsr, mmx, sse, sse2, sse3, ssse3, sse4.1, sse4.2, popcnt, avx, avx2, aes, clmul, erms, 3dnowpref, lzcnt, ht, tsc, tscinvbit, bmi1, bmi2, adx, fma

Memory: 4k page, system-wide physical 16223M (1532M free)
TotalPageFile size 46668M (AvailPageFile size 1348M)
current process WorkingSet (physical memory assigned to process): 330M, peak: 330M
current process commit charge ("private bytes"): 494M, peak: 494M

vm_info: OpenJDK 64-Bit Server VM (11.0.8+10-b944.6842174) for windows-amd64 JRE (11.0.8+10-b944.6842174), built on Sep 19 2020 01:11:42 by "builder" with MS VC++ 14.0 (VS2015)

END.
