#
# There is insufficient memory for the Java Runtime Environment to continue.
# Native memory allocation (malloc) failed to allocate 541056 bytes for Chunk::new
# Possible reasons:
#   The system is out of physical RAM or swap space
#   The process is running with CompressedOops enabled, and the Java Heap may be blocking the growth of the native heap
# Possible solutions:
#   Reduce memory load on the system
#   Increase physical memory or swap space
#   Check if swap backing store is full
#   Decrease Java heap size (-Xmx/-Xms)
#   Decrease number of Java threads
#   Decrease Java thread stack sizes (-Xss)
#   Set larger code cache with -XX:ReservedCodeCacheSize=
#   JVM is running with Unscaled Compressed Oops mode in which the Java heap is
#     placed in the first 4GB address space. The Java Heap base address is the
#     maximum limit for the native heap growth. Please use -XX:HeapBaseMinAddress
#     to set the Java Heap base and to place the Java Heap above 4GB virtual address.
# This output file may be truncated or incomplete.
#
#  Out of Memory Error (./src/hotspot/share/memory/arena.cpp:197), pid=18676, tid=15648
#
# JRE version: OpenJDK Runtime Environment (11.0.8+10) (build 11.0.8+10-b944.6842174)
# Java VM: OpenJDK 64-Bit Server VM (11.0.8+10-b944.6842174, mixed mode, tiered, compressed oops, g1 gc, windows-amd64)
# No core dump will be written. Minidumps are not enabled by default on client versions of Windows
#

---------------  S U M M A R Y ------------

Command Line: --add-opens=java.base/java.util=ALL-UNNAMED --add-opens=java.base/java.lang=ALL-UNNAMED --add-opens=java.base/java.lang.invoke=ALL-UNNAMED --add-opens=java.prefs/java.util.prefs=ALL-UNNAMED -Xmx2048m -Dfile.encoding=UTF-8 -Duser.country=BR -Duser.language=pt -Duser.variant org.gradle.launcher.daemon.bootstrap.GradleDaemon 6.7.1

Host: Intel(R) Core(TM) i7-9750H CPU @ 2.60GHz, 12 cores, 15G,  Windows 10 , 64 bit Build 19041 (10.0.19041.928)
Time: Tue Jun  1 20:26:47 2021 Hora oficial do Brasil elapsed time: 81 seconds (0d 0h 1m 21s)

---------------  T H R E A D  ---------------

Current thread (0x0000021dfc57f800):  JavaThread "C2 CompilerThread1" daemon [_thread_in_native, id=15648, stack(0x000000b92ff00000,0x000000b930000000)]


Current CompileTask:
C2:  81742 9832       4       org.gradle.api.internal.attributes.DefaultAttributesSchema$MergedSchema::matchValue (138 bytes)

Stack: [0x000000b92ff00000,0x000000b930000000]
Native frames: (J=compiled Java code, j=interpreted, Vv=VM code, C=native code)
V  [jvm.dll+0x5de50a]
V  [jvm.dll+0x7122f5]
V  [jvm.dll+0x71384d]
V  [jvm.dll+0x713f03]
V  [jvm.dll+0x23e728]
V  [jvm.dll+0xb899c]
V  [jvm.dll+0xb8e9c]
V  [jvm.dll+0x2b20e4]
V  [jvm.dll+0x502098]
V  [jvm.dll+0x1f8cde]
V  [jvm.dll+0x1f685f]
V  [jvm.dll+0x17f32c]
V  [jvm.dll+0x205047]
V  [jvm.dll+0x203891]
V  [jvm.dll+0x6dad3f]
V  [jvm.dll+0x6d3895]
V  [jvm.dll+0x5dd4a6]
C  [ucrtbase.dll+0x21bb2]
C  [KERNEL32.DLL+0x17034]
C  [ntdll.dll+0x52651]


---------------  P R O C E S S  ---------------

Threads class SMR info:
_java_thread_list=0x0000021dfae9ade0, length=43, elements={
0x0000021dddd46800, 0x0000021df94c5800, 0x0000021df94cf000, 0x0000021df9524800,
0x0000021df9525800, 0x0000021df9529000, 0x0000021df9535000, 0x0000021df9536000,
0x0000021df969c800, 0x0000021df96d1800, 0x0000021dfbc48000, 0x0000021df99b7800,
0x0000021df9b02800, 0x0000021dfaf14000, 0x0000021dfb44c800, 0x0000021dfb597000,
0x0000021dfb596800, 0x0000021dfb593000, 0x0000021dfeed2800, 0x0000021dfeecd800,
0x0000021dfeecf000, 0x0000021dfeecb000, 0x0000021dfeeca800, 0x0000021dfeece800,
0x0000021dfeecc000, 0x0000021dfeecc800, 0x0000021dfeec9800, 0x0000021dfeed0000,
0x0000021dfeed6800, 0x0000021dfeed4000, 0x0000021dfeed5000, 0x0000021dfc57f800,
0x0000021dfcebc000, 0x0000021dfeed1000, 0x0000021dfeed5800, 0x0000021dfeed7800,
0x0000021dfeed1800, 0x0000021dfeed8000, 0x0000021dfeb5b000, 0x0000021dfeb56000,
0x0000021dfeb58800, 0x0000021dfeb5c800, 0x0000021dfeb57000
}

Java Threads: ( => current thread )
  0x0000021dddd46800 JavaThread "main" [_thread_blocked, id=20260, stack(0x000000b92d200000,0x000000b92d300000)]
  0x0000021df94c5800 JavaThread "Reference Handler" daemon [_thread_blocked, id=21220, stack(0x000000b92d900000,0x000000b92da00000)]
  0x0000021df94cf000 JavaThread "Finalizer" daemon [_thread_blocked, id=18528, stack(0x000000b92da00000,0x000000b92db00000)]
  0x0000021df9524800 JavaThread "Signal Dispatcher" daemon [_thread_blocked, id=7844, stack(0x000000b92db00000,0x000000b92dc00000)]
  0x0000021df9525800 JavaThread "Attach Listener" daemon [_thread_blocked, id=21392, stack(0x000000b92dc00000,0x000000b92dd00000)]
  0x0000021df9529000 JavaThread "C2 CompilerThread0" daemon [_thread_in_native, id=15744, stack(0x000000b92dd00000,0x000000b92de00000)]
  0x0000021df9535000 JavaThread "C1 CompilerThread0" daemon [_thread_blocked, id=12572, stack(0x000000b92de00000,0x000000b92df00000)]
  0x0000021df9536000 JavaThread "Sweeper thread" daemon [_thread_blocked, id=14416, stack(0x000000b92df00000,0x000000b92e000000)]
  0x0000021df969c800 JavaThread "Common-Cleaner" daemon [_thread_blocked, id=21860, stack(0x000000b92e000000,0x000000b92e100000)]
  0x0000021df96d1800 JavaThread "Service Thread" daemon [_thread_blocked, id=7576, stack(0x000000b92e100000,0x000000b92e200000)]
  0x0000021dfbc48000 JavaThread "Daemon health stats" [_thread_blocked, id=3596, stack(0x000000b92ea00000,0x000000b92eb00000)]
  0x0000021df99b7800 JavaThread "Incoming local TCP Connector on port 53824" [_thread_in_native, id=17396, stack(0x000000b92eb00000,0x000000b92ec00000)]
  0x0000021df9b02800 JavaThread "Daemon periodic checks" [_thread_blocked, id=2660, stack(0x000000b92ec00000,0x000000b92ed00000)]
  0x0000021dfaf14000 JavaThread "Cache worker for file hash cache (C:\Users\Marcelo\.gradle\caches\6.7.1\fileHashes)" [_thread_blocked, id=20096, stack(0x000000b92f400000,0x000000b92f500000)]
  0x0000021dfb44c800 JavaThread "File lock request listener" [_thread_in_native, id=19984, stack(0x000000b92f500000,0x000000b92f600000)]
  0x0000021dfb597000 JavaThread "Cache worker for journal cache (C:\Users\Marcelo\.gradle\caches\journal-1)" [_thread_blocked, id=18280, stack(0x000000b92fc00000,0x000000b92fd00000)]
  0x0000021dfb596800 JavaThread "Cache worker for execution history cache (C:\Users\Marcelo\.gradle\caches\6.7.1\executionHistory)" [_thread_blocked, id=21372, stack(0x000000b930300000,0x000000b930400000)]
  0x0000021dfb593000 JavaThread "Cache worker for file content cache (C:\Users\Marcelo\.gradle\caches\6.7.1\fileContent)" [_thread_blocked, id=17128, stack(0x000000b930500000,0x000000b930600000)]
  0x0000021dfeed2800 JavaThread "Memory manager" [_thread_blocked, id=11152, stack(0x000000b937500000,0x000000b937600000)]
  0x0000021dfeecd800 JavaThread "Daemon Thread 2" [_thread_blocked, id=10016, stack(0x000000b92cf00000,0x000000b92d000000)]
  0x0000021dfeecf000 JavaThread "Handler for socket connection from /127.0.0.1:53824 to /127.0.0.1:54015" [_thread_in_native, id=19460, stack(0x000000b92d000000,0x000000b92d100000)]
  0x0000021dfeecb000 JavaThread "Cancel handler" [_thread_blocked, id=1612, stack(0x000000b92d100000,0x000000b92d200000)]
  0x0000021dfeeca800 JavaThread "Daemon worker Thread 2" [_thread_in_vm, id=20804, stack(0x000000b92ed00000,0x000000b92ee00000)]
  0x0000021dfeece800 JavaThread "Asynchronous log dispatcher for DefaultDaemonConnection: socket connection from /127.0.0.1:53824 to /127.0.0.1:54015" [_thread_blocked, id=16756, stack(0x000000b92ee00000,0x000000b92ef00000)]
  0x0000021dfeecc000 JavaThread "Stdin handler" [_thread_blocked, id=5388, stack(0x000000b92ef00000,0x000000b92f000000)]
  0x0000021dfeecc800 JavaThread "Thread-150" [_thread_blocked, id=20764, stack(0x000000b92f000000,0x000000b92f100000)]
  0x0000021dfeec9800 JavaThread "Cache worker for file hash cache (D:\Marcelo\FlashCards\.gradle\6.7.1\fileHashes)" [_thread_blocked, id=1376, stack(0x000000b92f100000,0x000000b92f200000)]
  0x0000021dfeed0000 JavaThread "Cache worker for checksums cache (D:\Marcelo\FlashCards\.gradle\checksums)" [_thread_blocked, id=8200, stack(0x000000b92f200000,0x000000b92f300000)]
  0x0000021dfeed6800 JavaThread "Cache worker for cache directory md-supplier (C:\Users\Marcelo\.gradle\caches\6.7.1\md-supplier)" [_thread_blocked, id=4752, stack(0x000000b92f300000,0x000000b92f400000)]
  0x0000021dfeed4000 JavaThread "Cache worker for cache directory md-rule (C:\Users\Marcelo\.gradle\caches\6.7.1\md-rule)" [_thread_blocked, id=5072, stack(0x000000b92fd00000,0x000000b92fe00000)]
  0x0000021dfeed5000 JavaThread "Cache worker for Build Output Cleanup Cache (D:\Marcelo\FlashCards\.gradle\buildOutputCleanup)" [_thread_blocked, id=18596, stack(0x000000b92fe00000,0x000000b92ff00000)]
=>0x0000021dfc57f800 JavaThread "C2 CompilerThread1" daemon [_thread_in_native, id=15648, stack(0x000000b92ff00000,0x000000b930000000)]
  0x0000021dfcebc000 JavaThread "C2 CompilerThread2" daemon [_thread_in_native, id=18412, stack(0x000000b930000000,0x000000b930100000)]
  0x0000021dfeed1000 JavaThread "Build operations" [_thread_blocked, id=19664, stack(0x000000b930100000,0x000000b930200000)]
  0x0000021dfeed5800 JavaThread "Build operations Thread 2" [_thread_new, id=20412, stack(0x000000b930200000,0x000000b930300000)]
  0x0000021dfeed7800 JavaThread "Build operations Thread 3" [_thread_blocked, id=7696, stack(0x000000b930400000,0x000000b930500000)]
  0x0000021dfeed1800 JavaThread "Build operations Thread 4" [_thread_blocked, id=16668, stack(0x000000b930600000,0x000000b930700000)]
  0x0000021dfeed8000 JavaThread "Build operations Thread 5" [_thread_blocked, id=5952, stack(0x000000b930700000,0x000000b930800000)]
  0x0000021dfeb5b000 JavaThread "Build operations Thread 6" [_thread_blocked, id=15368, stack(0x000000b930800000,0x000000b930900000)]
  0x0000021dfeb56000 JavaThread "Build operations Thread 7" [_thread_blocked, id=8808, stack(0x000000b930900000,0x000000b930a00000)]
  0x0000021dfeb58800 JavaThread "Build operations Thread 8" [_thread_blocked, id=11656, stack(0x000000b930a00000,0x000000b930b00000)]
  0x0000021dfeb5c800 JavaThread "Build operations Thread 9" [_thread_blocked, id=22248, stack(0x000000b930b00000,0x000000b930c00000)]
  0x0000021dfeb57000 JavaThread "Build operations Thread 10" [_thread_blocked, id=3156, stack(0x000000b930c00000,0x000000b930d00000)]

Other Threads:
  0x0000021df94c3800 VMThread "VM Thread" [stack: 0x000000b92d800000,0x000000b92d900000] [id=18904] _threads_hazard_ptr=0x0000021dfae9ade0
  0x0000021df96d2000 WatcherThread [stack: 0x000000b92e200000,0x000000b92e300000] [id=5804]
  0x0000021dddd5e000 GCTaskThread "GC Thread#0" [stack: 0x000000b92d300000,0x000000b92d400000] [id=21704]
  0x0000021df9a6c800 GCTaskThread "GC Thread#1" [stack: 0x000000b92e500000,0x000000b92e600000] [id=17700]
  0x0000021df9b8d800 GCTaskThread "GC Thread#2" [stack: 0x000000b92e600000,0x000000b92e700000] [id=11332]
  0x0000021df9c0c800 GCTaskThread "GC Thread#3" [stack: 0x000000b92e700000,0x000000b92e800000] [id=12116]
  0x0000021dfa211800 GCTaskThread "GC Thread#4" [stack: 0x000000b92e800000,0x000000b92e900000] [id=4916]
  0x0000021dfa31c000 GCTaskThread "GC Thread#5" [stack: 0x000000b92e900000,0x000000b92ea00000] [id=5092]
  0x0000021dfb539800 GCTaskThread "GC Thread#6" [stack: 0x000000b92f600000,0x000000b92f700000] [id=19832]
  0x0000021dfb7c4800 GCTaskThread "GC Thread#7" [stack: 0x000000b92f700000,0x000000b92f800000] [id=19112]
  0x0000021df9fed800 GCTaskThread "GC Thread#8" [stack: 0x000000b92f800000,0x000000b92f900000] [id=20696]
  0x0000021dfbfa1000 GCTaskThread "GC Thread#9" [stack: 0x000000b92f900000,0x000000b92fa00000] [id=21052]
  0x0000021dddd92000 ConcurrentGCThread "G1 Main Marker" [stack: 0x000000b92d400000,0x000000b92d500000] [id=7836]
  0x0000021dddd94000 ConcurrentGCThread "G1 Conc#0" [stack: 0x000000b92d500000,0x000000b92d600000] [id=2204]
  0x0000021df9b41800 ConcurrentGCThread "G1 Conc#1" [stack: 0x000000b92fa00000,0x000000b92fb00000] [id=17264]
  0x0000021dfbc93000 ConcurrentGCThread "G1 Conc#2" [stack: 0x000000b92fb00000,0x000000b92fc00000] [id=11872]
  0x0000021ddde2d800 ConcurrentGCThread "G1 Refine#0" [stack: 0x000000b92d600000,0x000000b92d700000] [id=668]
  0x0000021d80b21000 ConcurrentGCThread "G1 Refine#1" [stack: 0x000000b937600000,0x000000b937700000] [id=20404]
  0x0000021dfcb26800 ConcurrentGCThread "G1 Refine#2" [stack: 0x000000b937700000,0x000000b937800000] [id=14540]
  0x0000021df8b12800 ConcurrentGCThread "G1 Young RemSet Sampling" [stack: 0x000000b92d700000,0x000000b92d800000] [id=22216]

Threads with active compile tasks:
C2 CompilerThread0  81844 9891       4       org.gradle.api.internal.attributes.DefaultImmutableAttributesFactory::concat (126 bytes)
C2 CompilerThread1  81844 9832       4       org.gradle.api.internal.attributes.DefaultAttributesSchema$MergedSchema::matchValue (138 bytes)
C2 CompilerThread2  81844 9920   !   4       org.gradle.cache.internal.DefaultCacheAccess::getFileLock (97 bytes)

VM state:synchronizing (normal execution)

VM Mutex/Monitor currently owned by a thread:  ([mutex/lock_event])
[0x0000021dddd45890] Safepoint_lock - owner thread: 0x0000021df94c3800
[0x0000021dddd448d0] Threads_lock - owner thread: 0x0000021df94c3800

OutOfMemory and StackOverflow Exception counts:
OutOfMemoryError java_heap_errors=1
LinkageErrors=121

Heap address: 0x0000000080000000, size: 2048 MB, Compressed Oops mode: 32-bit
Narrow klass base: 0x0000000000000000, Narrow klass shift: 3
Compressed class space size: 1073741824 Address: 0x0000000100000000

Heap:
 garbage-first heap   total 260096K, used 85229K [0x0000000080000000, 0x0000000100000000)
  region size 1024K, 27 young (27648K), 10 survivors (10240K)
 Metaspace       used 81193K, capacity 83340K, committed 83532K, reserved 1126400K
  class space    used 10359K, capacity 11088K, committed 11136K, reserved 1048576K
Heap Regions: E=young(eden), S=young(survivor), O=old, HS=humongous(starts), HC=humongous(continues), CS=collection set, F=free, A=archive, TAMS=top-at-mark-start (previous, next)
|   0|0x0000000080000000, 0x0000000080100000, 0x0000000080100000|100%| O|  |TAMS 0x0000000080100000, 0x0000000080000000| Untracked 
|   1|0x0000000080100000, 0x0000000080200000, 0x0000000080200000|100%| O|  |TAMS 0x0000000080200000, 0x0000000080100000| Untracked 
|   2|0x0000000080200000, 0x0000000080300000, 0x0000000080300000|100%| O|  |TAMS 0x0000000080300000, 0x0000000080200000| Untracked 
|   3|0x0000000080300000, 0x0000000080400000, 0x0000000080400000|100%|HS|  |TAMS 0x0000000080400000, 0x0000000080300000| Complete 
|   4|0x0000000080400000, 0x0000000080500000, 0x0000000080500000|100%|HC|  |TAMS 0x0000000080500000, 0x0000000080400000| Complete 
|   5|0x0000000080500000, 0x0000000080600000, 0x0000000080600000|100%|HC|  |TAMS 0x0000000080600000, 0x0000000080500000| Complete 
|   6|0x0000000080600000, 0x0000000080700000, 0x0000000080700000|100%| O|  |TAMS 0x0000000080700000, 0x0000000080600000| Untracked 
|   7|0x0000000080700000, 0x0000000080800000, 0x0000000080800000|100%| O|  |TAMS 0x0000000080800000, 0x0000000080700000| Untracked 
|   8|0x0000000080800000, 0x0000000080900000, 0x0000000080900000|100%| O|  |TAMS 0x0000000080900000, 0x0000000080800000| Untracked 
|   9|0x0000000080900000, 0x0000000080a00000, 0x0000000080a00000|100%| O|  |TAMS 0x0000000080a00000, 0x0000000080900000| Untracked 
|  10|0x0000000080a00000, 0x0000000080b00000, 0x0000000080b00000|100%| O|  |TAMS 0x0000000080b00000, 0x0000000080a00000| Untracked 
|  11|0x0000000080b00000, 0x0000000080c00000, 0x0000000080c00000|100%| O|  |TAMS 0x0000000080c00000, 0x0000000080b00000| Untracked 
|  12|0x0000000080c00000, 0x0000000080d00000, 0x0000000080d00000|100%| O|  |TAMS 0x0000000080d00000, 0x0000000080c00000| Untracked 
|  13|0x0000000080d00000, 0x0000000080e00000, 0x0000000080e00000|100%| O|  |TAMS 0x0000000080e00000, 0x0000000080d00000| Untracked 
|  14|0x0000000080e00000, 0x0000000080f00000, 0x0000000080f00000|100%| O|  |TAMS 0x0000000080f00000, 0x0000000080e00000| Untracked 
|  15|0x0000000080f00000, 0x0000000081000000, 0x0000000081000000|100%| O|  |TAMS 0x0000000081000000, 0x0000000080f00000| Untracked 
|  16|0x0000000081000000, 0x0000000081100000, 0x0000000081100000|100%|HS|  |TAMS 0x0000000081100000, 0x0000000081000000| Complete 
|  17|0x0000000081100000, 0x0000000081200000, 0x0000000081200000|100%|HS|  |TAMS 0x0000000081200000, 0x0000000081100000| Complete 
|  18|0x0000000081200000, 0x0000000081300000, 0x0000000081300000|100%|HC|  |TAMS 0x0000000081300000, 0x0000000081200000| Complete 
|  19|0x0000000081300000, 0x0000000081400000, 0x0000000081400000|100%| O|  |TAMS 0x0000000081300000, 0x0000000081300000| Untracked 
|  20|0x0000000081400000, 0x0000000081500000, 0x0000000081500000|100%| O|  |TAMS 0x0000000081500000, 0x0000000081400000| Untracked 
|  21|0x0000000081500000, 0x0000000081600000, 0x0000000081600000|100%| O|  |TAMS 0x0000000081600000, 0x0000000081500000| Untracked 
|  22|0x0000000081600000, 0x0000000081700000, 0x0000000081700000|100%| O|  |TAMS 0x0000000081700000, 0x0000000081600000| Untracked 
|  23|0x0000000081700000, 0x0000000081800000, 0x0000000081800000|100%| O|  |TAMS 0x000000008171e000, 0x0000000081700000| Untracked 
|  24|0x0000000081800000, 0x0000000081900000, 0x0000000081900000|100%| O|  |TAMS 0x0000000081800000, 0x0000000081800000| Untracked 
|  25|0x0000000081900000, 0x0000000081a00000, 0x0000000081a00000|100%| O|  |TAMS 0x0000000081900000, 0x0000000081900000| Untracked 
|  26|0x0000000081a00000, 0x0000000081b00000, 0x0000000081b00000|100%| O|  |TAMS 0x0000000081a00000, 0x0000000081a00000| Untracked 
|  27|0x0000000081b00000, 0x0000000081c00000, 0x0000000081c00000|100%| O|  |TAMS 0x0000000081b00000, 0x0000000081b00000| Untracked 
|  28|0x0000000081c00000, 0x0000000081d00000, 0x0000000081d00000|100%| O|  |TAMS 0x0000000081c00000, 0x0000000081c00000| Untracked 
|  29|0x0000000081d00000, 0x0000000081e00000, 0x0000000081e00000|100%| O|  |TAMS 0x0000000081d00000, 0x0000000081d00000| Untracked 
|  30|0x0000000081e00000, 0x0000000081f00000, 0x0000000081f00000|100%| O|  |TAMS 0x0000000081e00000, 0x0000000081e00000| Untracked 
|  31|0x0000000081f00000, 0x0000000082000000, 0x0000000082000000|100%| O|  |TAMS 0x0000000081f00000, 0x0000000081f00000| Untracked 
|  32|0x0000000082000000, 0x0000000082100000, 0x0000000082100000|100%| O|  |TAMS 0x0000000082000000, 0x0000000082000000| Untracked 
|  33|0x0000000082100000, 0x0000000082200000, 0x0000000082200000|100%| O|  |TAMS 0x0000000082100000, 0x0000000082100000| Untracked 
|  34|0x0000000082200000, 0x0000000082300000, 0x0000000082300000|100%| O|  |TAMS 0x0000000082200000, 0x0000000082200000| Untracked 
|  35|0x0000000082300000, 0x0000000082400000, 0x0000000082400000|100%| O|  |TAMS 0x0000000082300000, 0x0000000082300000| Untracked 
|  36|0x0000000082400000, 0x0000000082500000, 0x0000000082500000|100%| O|  |TAMS 0x0000000082400000, 0x0000000082400000| Untracked 
|  37|0x0000000082500000, 0x0000000082600000, 0x0000000082600000|100%| O|  |TAMS 0x0000000082500000, 0x0000000082500000| Untracked 
|  38|0x0000000082600000, 0x0000000082700000, 0x0000000082700000|100%| O|  |TAMS 0x0000000082600000, 0x0000000082600000| Untracked 
|  39|0x0000000082700000, 0x0000000082800000, 0x0000000082800000|100%| O|  |TAMS 0x0000000082700000, 0x0000000082700000| Untracked 
|  40|0x0000000082800000, 0x0000000082900000, 0x0000000082900000|100%| O|  |TAMS 0x0000000082800000, 0x0000000082800000| Untracked 
|  41|0x0000000082900000, 0x0000000082a00000, 0x0000000082a00000|100%| O|  |TAMS 0x0000000082900000, 0x0000000082900000| Untracked 
|  42|0x0000000082a00000, 0x0000000082b00000, 0x0000000082b00000|100%| O|  |TAMS 0x0000000082a00000, 0x0000000082a00000| Untracked 
|  43|0x0000000082b00000, 0x0000000082c00000, 0x0000000082c00000|100%| O|  |TAMS 0x0000000082b00000, 0x0000000082b00000| Untracked 
|  44|0x0000000082c00000, 0x0000000082d00000, 0x0000000082d00000|100%| O|  |TAMS 0x0000000082c00000, 0x0000000082c00000| Untracked 
|  45|0x0000000082d00000, 0x0000000082e00000, 0x0000000082e00000|100%| O|  |TAMS 0x0000000082d00000, 0x0000000082d00000| Untracked 
|  46|0x0000000082e00000, 0x0000000082f00000, 0x0000000082f00000|100%| O|  |TAMS 0x0000000082e00000, 0x0000000082e00000| Untracked 
|  47|0x0000000082f00000, 0x0000000083000000, 0x0000000083000000|100%| O|  |TAMS 0x0000000082f00000, 0x0000000082f00000| Untracked 
|  48|0x0000000083000000, 0x0000000083100000, 0x0000000083100000|100%| O|  |TAMS 0x0000000083000000, 0x0000000083000000| Untracked 
|  49|0x0000000083100000, 0x0000000083200000, 0x0000000083200000|100%| O|  |TAMS 0x0000000083100000, 0x0000000083100000| Untracked 
|  50|0x0000000083200000, 0x0000000083300000, 0x0000000083300000|100%| O|  |TAMS 0x0000000083200000, 0x0000000083200000| Untracked 
|  51|0x0000000083300000, 0x0000000083400000, 0x0000000083400000|100%| O|  |TAMS 0x0000000083300000, 0x0000000083300000| Untracked 
|  52|0x0000000083400000, 0x0000000083500000, 0x0000000083500000|100%| O|  |TAMS 0x0000000083400000, 0x0000000083400000| Untracked 
|  53|0x0000000083500000, 0x0000000083600000, 0x0000000083600000|100%| O|  |TAMS 0x0000000083500000, 0x0000000083500000| Untracked 
|  54|0x0000000083600000, 0x0000000083700000, 0x0000000083700000|100%| O|  |TAMS 0x0000000083600000, 0x0000000083600000| Untracked 
|  55|0x0000000083700000, 0x0000000083800000, 0x0000000083800000|100%| O|  |TAMS 0x0000000083700000, 0x0000000083700000| Untracked 
|  56|0x0000000083800000, 0x0000000083900000, 0x0000000083900000|100%| O|  |TAMS 0x0000000083800000, 0x0000000083800000| Untracked 
|  57|0x0000000083900000, 0x0000000083a00000, 0x0000000083a00000|100%| O|  |TAMS 0x0000000083900000, 0x0000000083900000| Untracked 
|  58|0x0000000083a00000, 0x0000000083a77200, 0x0000000083b00000| 46%| O|  |TAMS 0x0000000083a00000, 0x0000000083a00000| Untracked 
|  59|0x0000000083b00000, 0x0000000083b00000, 0x0000000083c00000|  0%| F|  |TAMS 0x0000000083b00000, 0x0000000083b00000| Untracked 
|  60|0x0000000083c00000, 0x0000000083c00000, 0x0000000083d00000|  0%| F|  |TAMS 0x0000000083c00000, 0x0000000083c00000| Untracked 
|  61|0x0000000083d00000, 0x0000000083d00000, 0x0000000083e00000|  0%| F|  |TAMS 0x0000000083d00000, 0x0000000083d00000| Untracked 
|  62|0x0000000083e00000, 0x0000000083e00000, 0x0000000083f00000|  0%| F|  |TAMS 0x0000000083e00000, 0x0000000083e00000| Untracked 
|  63|0x0000000083f00000, 0x0000000083f00000, 0x0000000084000000|  0%| F|  |TAMS 0x0000000083f00000, 0x0000000083f00000| Untracked 
|  64|0x0000000084000000, 0x0000000084000000, 0x0000000084100000|  0%| F|  |TAMS 0x0000000084000000, 0x0000000084000000| Untracked 
|  65|0x0000000084100000, 0x0000000084100000, 0x0000000084200000|  0%| F|  |TAMS 0x0000000084100000, 0x0000000084100000| Untracked 
|  66|0x0000000084200000, 0x0000000084200000, 0x0000000084300000|  0%| F|  |TAMS 0x0000000084200000, 0x0000000084200000| Untracked 
|  67|0x0000000084300000, 0x0000000084300000, 0x0000000084400000|  0%| F|  |TAMS 0x0000000084300000, 0x0000000084300000| Untracked 
|  68|0x0000000084400000, 0x0000000084400000, 0x0000000084500000|  0%| F|  |TAMS 0x0000000084400000, 0x0000000084400000| Untracked 
|  69|0x0000000084500000, 0x0000000084500000, 0x0000000084600000|  0%| F|  |TAMS 0x0000000084500000, 0x0000000084500000| Untracked 
|  70|0x0000000084600000, 0x0000000084600000, 0x0000000084700000|  0%| F|  |TAMS 0x0000000084600000, 0x0000000084600000| Untracked 
|  71|0x0000000084700000, 0x0000000084700000, 0x0000000084800000|  0%| F|  |TAMS 0x0000000084700000, 0x0000000084700000| Untracked 
|  72|0x0000000084800000, 0x0000000084800000, 0x0000000084900000|  0%| F|  |TAMS 0x0000000084800000, 0x0000000084800000| Untracked 
|  73|0x0000000084900000, 0x0000000084900000, 0x0000000084a00000|  0%| F|  |TAMS 0x0000000084900000, 0x0000000084900000| Untracked 
|  74|0x0000000084a00000, 0x0000000084a00000, 0x0000000084b00000|  0%| F|  |TAMS 0x0000000084a00000, 0x0000000084a00000| Untracked 
|  75|0x0000000084b00000, 0x0000000084b00000, 0x0000000084c00000|  0%| F|  |TAMS 0x0000000084b00000, 0x0000000084b00000| Untracked 
|  76|0x0000000084c00000, 0x0000000084c00000, 0x0000000084d00000|  0%| F|  |TAMS 0x0000000084c00000, 0x0000000084c00000| Untracked 
|  77|0x0000000084d00000, 0x0000000084d00000, 0x0000000084e00000|  0%| F|  |TAMS 0x0000000084d00000, 0x0000000084d00000| Untracked 
|  78|0x0000000084e00000, 0x0000000084e00000, 0x0000000084f00000|  0%| F|  |TAMS 0x0000000084e00000, 0x0000000084e00000| Untracked 
|  79|0x0000000084f00000, 0x0000000084f00000, 0x0000000085000000|  0%| F|  |TAMS 0x0000000084f00000, 0x0000000084f00000| Untracked 
|  80|0x0000000085000000, 0x0000000085000000, 0x0000000085100000|  0%| F|  |TAMS 0x0000000085000000, 0x0000000085000000| Untracked 
|  81|0x0000000085100000, 0x0000000085100000, 0x0000000085200000|  0%| F|  |TAMS 0x0000000085100000, 0x0000000085100000| Untracked 
|  82|0x0000000085200000, 0x0000000085200000, 0x0000000085300000|  0%| F|  |TAMS 0x0000000085200000, 0x0000000085200000| Untracked 
|  83|0x0000000085300000, 0x0000000085300000, 0x0000000085400000|  0%| F|  |TAMS 0x0000000085300000, 0x0000000085300000| Untracked 
|  84|0x0000000085400000, 0x0000000085400000, 0x0000000085500000|  0%| F|  |TAMS 0x0000000085400000, 0x0000000085400000| Untracked 
|  85|0x0000000085500000, 0x0000000085500000, 0x0000000085600000|  0%| F|  |TAMS 0x0000000085500000, 0x0000000085500000| Untracked 
|  86|0x0000000085600000, 0x0000000085600000, 0x0000000085700000|  0%| F|  |TAMS 0x0000000085600000, 0x0000000085600000| Untracked 
|  87|0x0000000085700000, 0x0000000085700000, 0x0000000085800000|  0%| F|  |TAMS 0x0000000085700000, 0x0000000085700000| Untracked 
|  88|0x0000000085800000, 0x0000000085800000, 0x0000000085900000|  0%| F|  |TAMS 0x0000000085800000, 0x0000000085800000| Untracked 
|  89|0x0000000085900000, 0x0000000085900000, 0x0000000085a00000|  0%| F|  |TAMS 0x0000000085900000, 0x0000000085900000| Untracked 
|  90|0x0000000085a00000, 0x0000000085a00000, 0x0000000085b00000|  0%| F|  |TAMS 0x0000000085a00000, 0x0000000085a00000| Untracked 
|  91|0x0000000085b00000, 0x0000000085b00000, 0x0000000085c00000|  0%| F|  |TAMS 0x0000000085b00000, 0x0000000085b00000| Untracked 
|  92|0x0000000085c00000, 0x0000000085c00000, 0x0000000085d00000|  0%| F|  |TAMS 0x0000000085c00000, 0x0000000085c00000| Untracked 
|  93|0x0000000085d00000, 0x0000000085d00000, 0x0000000085e00000|  0%| F|  |TAMS 0x0000000085d00000, 0x0000000085d00000| Untracked 
|  94|0x0000000085e00000, 0x0000000085e00000, 0x0000000085f00000|  0%| F|  |TAMS 0x0000000085e00000, 0x0000000085e00000| Untracked 
|  95|0x0000000085f00000, 0x0000000085f00000, 0x0000000086000000|  0%| F|  |TAMS 0x0000000085f00000, 0x0000000085f00000| Untracked 
|  96|0x0000000086000000, 0x0000000086000000, 0x0000000086100000|  0%| F|  |TAMS 0x0000000086000000, 0x0000000086000000| Untracked 
|  97|0x0000000086100000, 0x0000000086100000, 0x0000000086200000|  0%| F|  |TAMS 0x0000000086100000, 0x0000000086100000| Untracked 
|  98|0x0000000086200000, 0x00000000862c4338, 0x0000000086300000| 76%| S|CS|TAMS 0x0000000086200000, 0x0000000086200000| Complete 
|  99|0x0000000086300000, 0x0000000086300000, 0x0000000086400000|  0%| F|  |TAMS 0x0000000086300000, 0x0000000086300000| Untracked 
| 100|0x0000000086400000, 0x0000000086400000, 0x0000000086500000|  0%| F|  |TAMS 0x0000000086400000, 0x0000000086400000| Untracked 
| 101|0x0000000086500000, 0x0000000086600000, 0x0000000086600000|100%| S|CS|TAMS 0x0000000086500000, 0x0000000086500000| Complete 
| 102|0x0000000086600000, 0x0000000086700000, 0x0000000086700000|100%| S|CS|TAMS 0x0000000086600000, 0x0000000086600000| Complete 
| 103|0x0000000086700000, 0x0000000086800000, 0x0000000086800000|100%| S|CS|TAMS 0x0000000086700000, 0x0000000086700000| Complete 
| 104|0x0000000086800000, 0x0000000086900000, 0x0000000086900000|100%| S|CS|TAMS 0x0000000086800000, 0x0000000086800000| Complete 
| 105|0x0000000086900000, 0x0000000086a00000, 0x0000000086a00000|100%| S|CS|TAMS 0x0000000086900000, 0x0000000086900000| Complete 
| 106|0x0000000086a00000, 0x0000000086b00000, 0x0000000086b00000|100%| S|CS|TAMS 0x0000000086a00000, 0x0000000086a00000| Complete 
| 107|0x0000000086b00000, 0x0000000086c00000, 0x0000000086c00000|100%| S|CS|TAMS 0x0000000086b00000, 0x0000000086b00000| Complete 
| 108|0x0000000086c00000, 0x0000000086d00000, 0x0000000086d00000|100%| S|CS|TAMS 0x0000000086c00000, 0x0000000086c00000| Complete 
| 109|0x0000000086d00000, 0x0000000086d00000, 0x0000000086e00000|  0%| F|  |TAMS 0x0000000086d00000, 0x0000000086d00000| Untracked 
| 110|0x0000000086e00000, 0x0000000086e00000, 0x0000000086f00000|  0%| F|  |TAMS 0x0000000086e00000, 0x0000000086e00000| Untracked 
| 111|0x0000000086f00000, 0x0000000086f00000, 0x0000000087000000|  0%| F|  |TAMS 0x0000000086f00000, 0x0000000086f00000| Untracked 
| 112|0x0000000087000000, 0x0000000087000000, 0x0000000087100000|  0%| F|  |TAMS 0x0000000087000000, 0x0000000087000000| Untracked 
| 113|0x0000000087100000, 0x0000000087100000, 0x0000000087200000|  0%| F|  |TAMS 0x0000000087100000, 0x0000000087100000| Untracked 
| 114|0x0000000087200000, 0x0000000087200000, 0x0000000087300000|  0%| F|  |TAMS 0x0000000087200000, 0x0000000087200000| Untracked 
| 115|0x0000000087300000, 0x0000000087300000, 0x0000000087400000|  0%| F|  |TAMS 0x0000000087300000, 0x0000000087300000| Untracked 
| 116|0x0000000087400000, 0x0000000087400000, 0x0000000087500000|  0%| F|  |TAMS 0x0000000087400000, 0x0000000087400000| Untracked 
| 117|0x0000000087500000, 0x0000000087500000, 0x0000000087600000|  0%| F|  |TAMS 0x0000000087500000, 0x0000000087500000| Untracked 
| 118|0x0000000087600000, 0x0000000087600000, 0x0000000087700000|  0%| F|  |TAMS 0x0000000087600000, 0x0000000087600000| Untracked 
| 119|0x0000000087700000, 0x0000000087700000, 0x0000000087800000|  0%| F|  |TAMS 0x0000000087700000, 0x0000000087700000| Untracked 
| 120|0x0000000087800000, 0x0000000087800000, 0x0000000087900000|  0%| F|  |TAMS 0x0000000087800000, 0x0000000087800000| Untracked 
| 121|0x0000000087900000, 0x0000000087a00000, 0x0000000087a00000|100%| S|CS|TAMS 0x0000000087900000, 0x0000000087900000| Complete 
| 122|0x0000000087a00000, 0x0000000087a00000, 0x0000000087b00000|  0%| F|  |TAMS 0x0000000087a00000, 0x0000000087a00000| Untracked 
| 123|0x0000000087b00000, 0x0000000087b00000, 0x0000000087c00000|  0%| F|  |TAMS 0x0000000087b00000, 0x0000000087b00000| Untracked 
| 124|0x0000000087c00000, 0x0000000087c00000, 0x0000000087d00000|  0%| F|  |TAMS 0x0000000087c00000, 0x0000000087c00000| Untracked 
| 125|0x0000000087d00000, 0x0000000087d00000, 0x0000000087e00000|  0%| F|  |TAMS 0x0000000087d00000, 0x0000000087d00000| Untracked 
| 126|0x0000000087e00000, 0x0000000087e00000, 0x0000000087f00000|  0%| F|  |TAMS 0x0000000087e00000, 0x0000000087e00000| Untracked 
| 127|0x0000000087f00000, 0x0000000087f00000, 0x0000000088000000|  0%| F|  |TAMS 0x0000000087f00000, 0x0000000087f00000| Untracked 
| 128|0x0000000088000000, 0x0000000088000000, 0x0000000088100000|  0%| F|  |TAMS 0x0000000088000000, 0x0000000088000000| Untracked 
| 129|0x0000000088100000, 0x0000000088100000, 0x0000000088200000|  0%| F|  |TAMS 0x0000000088100000, 0x0000000088100000| Untracked 
| 130|0x0000000088200000, 0x0000000088200000, 0x0000000088300000|  0%| F|  |TAMS 0x0000000088200000, 0x0000000088200000| Untracked 
| 131|0x0000000088300000, 0x0000000088300000, 0x0000000088400000|  0%| F|  |TAMS 0x0000000088300000, 0x0000000088300000| Untracked 
| 132|0x0000000088400000, 0x0000000088400000, 0x0000000088500000|  0%| F|  |TAMS 0x0000000088400000, 0x0000000088400000| Untracked 
| 133|0x0000000088500000, 0x0000000088500000, 0x0000000088600000|  0%| F|  |TAMS 0x0000000088500000, 0x0000000088500000| Untracked 
| 134|0x0000000088600000, 0x0000000088600000, 0x0000000088700000|  0%| F|  |TAMS 0x0000000088600000, 0x0000000088600000| Untracked 
| 135|0x0000000088700000, 0x0000000088700000, 0x0000000088800000|  0%| F|  |TAMS 0x0000000088700000, 0x0000000088700000| Untracked 
| 136|0x0000000088800000, 0x0000000088800000, 0x0000000088900000|  0%| F|  |TAMS 0x0000000088800000, 0x0000000088800000| Untracked 
| 137|0x0000000088900000, 0x0000000088900000, 0x0000000088a00000|  0%| F|  |TAMS 0x0000000088900000, 0x0000000088900000| Untracked 
| 138|0x0000000088a00000, 0x0000000088a00000, 0x0000000088b00000|  0%| F|  |TAMS 0x0000000088a00000, 0x0000000088a00000| Untracked 
| 139|0x0000000088b00000, 0x0000000088b00000, 0x0000000088c00000|  0%| F|  |TAMS 0x0000000088b00000, 0x0000000088b00000| Untracked 
| 140|0x0000000088c00000, 0x0000000088c00000, 0x0000000088d00000|  0%| F|  |TAMS 0x0000000088c00000, 0x0000000088c00000| Untracked 
| 141|0x0000000088d00000, 0x0000000088d00000, 0x0000000088e00000|  0%| F|  |TAMS 0x0000000088d00000, 0x0000000088d00000| Untracked 
| 142|0x0000000088e00000, 0x0000000088e00000, 0x0000000088f00000|  0%| F|  |TAMS 0x0000000088e00000, 0x0000000088e00000| Untracked 
| 143|0x0000000088f00000, 0x0000000088f00000, 0x0000000089000000|  0%| F|  |TAMS 0x0000000088f00000, 0x0000000088f00000| Untracked 
| 144|0x0000000089000000, 0x0000000089000000, 0x0000000089100000|  0%| F|  |TAMS 0x0000000089000000, 0x0000000089000000| Untracked 
| 145|0x0000000089100000, 0x0000000089100000, 0x0000000089200000|  0%| F|  |TAMS 0x0000000089100000, 0x0000000089100000| Untracked 
| 146|0x0000000089200000, 0x0000000089200000, 0x0000000089300000|  0%| F|  |TAMS 0x0000000089200000, 0x0000000089200000| Untracked 
| 147|0x0000000089300000, 0x0000000089300000, 0x0000000089400000|  0%| F|  |TAMS 0x0000000089300000, 0x0000000089300000| Untracked 
| 148|0x0000000089400000, 0x0000000089400000, 0x0000000089500000|  0%| F|  |TAMS 0x0000000089400000, 0x0000000089400000| Untracked 
| 149|0x0000000089500000, 0x0000000089500000, 0x0000000089600000|  0%| F|  |TAMS 0x0000000089500000, 0x0000000089500000| Untracked 
| 150|0x0000000089600000, 0x0000000089600000, 0x0000000089700000|  0%| F|  |TAMS 0x0000000089600000, 0x0000000089600000| Untracked 
| 151|0x0000000089700000, 0x0000000089700000, 0x0000000089800000|  0%| F|  |TAMS 0x0000000089700000, 0x0000000089700000| Untracked 
| 152|0x0000000089800000, 0x0000000089800000, 0x0000000089900000|  0%| F|  |TAMS 0x0000000089800000, 0x0000000089800000| Untracked 
| 153|0x0000000089900000, 0x0000000089900000, 0x0000000089a00000|  0%| F|  |TAMS 0x0000000089900000, 0x0000000089900000| Untracked 
| 154|0x0000000089a00000, 0x0000000089a00000, 0x0000000089b00000|  0%| F|  |TAMS 0x0000000089a00000, 0x0000000089a00000| Untracked 
| 155|0x0000000089b00000, 0x0000000089b00000, 0x0000000089c00000|  0%| F|  |TAMS 0x0000000089b00000, 0x0000000089b00000| Untracked 
| 156|0x0000000089c00000, 0x0000000089c00000, 0x0000000089d00000|  0%| F|  |TAMS 0x0000000089c00000, 0x0000000089c00000| Untracked 
| 157|0x0000000089d00000, 0x0000000089d00000, 0x0000000089e00000|  0%| F|  |TAMS 0x0000000089d00000, 0x0000000089d00000| Untracked 
| 158|0x0000000089e00000, 0x0000000089e00000, 0x0000000089f00000|  0%| F|  |TAMS 0x0000000089e00000, 0x0000000089e00000| Untracked 
| 159|0x0000000089f00000, 0x0000000089f00000, 0x000000008a000000|  0%| F|  |TAMS 0x0000000089f00000, 0x0000000089f00000| Untracked 
| 160|0x000000008a000000, 0x000000008a000000, 0x000000008a100000|  0%| F|  |TAMS 0x000000008a000000, 0x000000008a000000| Untracked 
| 161|0x000000008a100000, 0x000000008a100000, 0x000000008a200000|  0%| F|  |TAMS 0x000000008a100000, 0x000000008a100000| Untracked 
| 162|0x000000008a200000, 0x000000008a200000, 0x000000008a300000|  0%| F|  |TAMS 0x000000008a200000, 0x000000008a200000| Untracked 
| 163|0x000000008a300000, 0x000000008a300000, 0x000000008a400000|  0%| F|  |TAMS 0x000000008a300000, 0x000000008a300000| Untracked 
| 164|0x000000008a400000, 0x000000008a400000, 0x000000008a500000|  0%| F|  |TAMS 0x000000008a400000, 0x000000008a400000| Untracked 
| 165|0x000000008a500000, 0x000000008a500000, 0x000000008a600000|  0%| F|  |TAMS 0x000000008a500000, 0x000000008a500000| Untracked 
| 166|0x000000008a600000, 0x000000008a600000, 0x000000008a700000|  0%| F|  |TAMS 0x000000008a600000, 0x000000008a600000| Untracked 
| 167|0x000000008a700000, 0x000000008a700000, 0x000000008a800000|  0%| F|  |TAMS 0x000000008a700000, 0x000000008a700000| Untracked 
| 168|0x000000008a800000, 0x000000008a800000, 0x000000008a900000|  0%| F|  |TAMS 0x000000008a800000, 0x000000008a800000| Untracked 
| 169|0x000000008a900000, 0x000000008a900000, 0x000000008aa00000|  0%| F|  |TAMS 0x000000008a900000, 0x000000008a900000| Untracked 
| 170|0x000000008aa00000, 0x000000008aa00000, 0x000000008ab00000|  0%| F|  |TAMS 0x000000008aa00000, 0x000000008aa00000| Untracked 
| 171|0x000000008ab00000, 0x000000008ab00000, 0x000000008ac00000|  0%| F|  |TAMS 0x000000008ab00000, 0x000000008ab00000| Untracked 
| 172|0x000000008ac00000, 0x000000008ac00000, 0x000000008ad00000|  0%| F|  |TAMS 0x000000008ac00000, 0x000000008ac00000| Untracked 
| 173|0x000000008ad00000, 0x000000008ad00000, 0x000000008ae00000|  0%| F|  |TAMS 0x000000008ad00000, 0x000000008ad00000| Untracked 
| 174|0x000000008ae00000, 0x000000008ae00000, 0x000000008af00000|  0%| F|  |TAMS 0x000000008ae00000, 0x000000008ae00000| Untracked 
| 175|0x000000008af00000, 0x000000008af00000, 0x000000008b000000|  0%| F|  |TAMS 0x000000008af00000, 0x000000008af00000| Untracked 
| 176|0x000000008b000000, 0x000000008b000000, 0x000000008b100000|  0%| F|  |TAMS 0x000000008b000000, 0x000000008b000000| Untracked 
| 177|0x000000008b100000, 0x000000008b100000, 0x000000008b200000|  0%| F|  |TAMS 0x000000008b100000, 0x000000008b100000| Untracked 
| 178|0x000000008b200000, 0x000000008b200000, 0x000000008b300000|  0%| F|  |TAMS 0x000000008b200000, 0x000000008b200000| Untracked 
| 179|0x000000008b300000, 0x000000008b300000, 0x000000008b400000|  0%| F|  |TAMS 0x000000008b300000, 0x000000008b300000| Untracked 
| 180|0x000000008b400000, 0x000000008b400000, 0x000000008b500000|  0%| F|  |TAMS 0x000000008b400000, 0x000000008b400000| Untracked 
| 181|0x000000008b500000, 0x000000008b500000, 0x000000008b600000|  0%| F|  |TAMS 0x000000008b500000, 0x000000008b500000| Untracked 
| 182|0x000000008b600000, 0x000000008b600000, 0x000000008b700000|  0%| F|  |TAMS 0x000000008b600000, 0x000000008b600000| Untracked 
| 183|0x000000008b700000, 0x000000008b700000, 0x000000008b800000|  0%| F|  |TAMS 0x000000008b700000, 0x000000008b700000| Untracked 
| 184|0x000000008b800000, 0x000000008b800000, 0x000000008b900000|  0%| F|  |TAMS 0x000000008b800000, 0x000000008b800000| Untracked 
| 185|0x000000008b900000, 0x000000008b900000, 0x000000008ba00000|  0%| F|  |TAMS 0x000000008b900000, 0x000000008b900000| Untracked 
| 186|0x000000008ba00000, 0x000000008ba00000, 0x000000008bb00000|  0%| F|  |TAMS 0x000000008ba00000, 0x000000008ba00000| Untracked 
| 187|0x000000008bb00000, 0x000000008bb00000, 0x000000008bc00000|  0%| F|  |TAMS 0x000000008bb00000, 0x000000008bb00000| Untracked 
| 188|0x000000008bc00000, 0x000000008bc00000, 0x000000008bd00000|  0%| F|  |TAMS 0x000000008bc00000, 0x000000008bc00000| Untracked 
| 189|0x000000008bd00000, 0x000000008bd00000, 0x000000008be00000|  0%| F|  |TAMS 0x000000008bd00000, 0x000000008bd00000| Untracked 
| 190|0x000000008be00000, 0x000000008be00000, 0x000000008bf00000|  0%| F|  |TAMS 0x000000008be00000, 0x000000008be00000| Untracked 
| 191|0x000000008bf00000, 0x000000008bf00000, 0x000000008c000000|  0%| F|  |TAMS 0x000000008bf00000, 0x000000008bf00000| Untracked 
| 192|0x000000008c000000, 0x000000008c000000, 0x000000008c100000|  0%| F|  |TAMS 0x000000008c000000, 0x000000008c000000| Untracked 
| 193|0x000000008c100000, 0x000000008c100000, 0x000000008c200000|  0%| F|  |TAMS 0x000000008c100000, 0x000000008c100000| Untracked 
| 194|0x000000008c200000, 0x000000008c200000, 0x000000008c300000|  0%| F|  |TAMS 0x000000008c200000, 0x000000008c200000| Untracked 
| 195|0x000000008c300000, 0x000000008c300000, 0x000000008c400000|  0%| F|  |TAMS 0x000000008c300000, 0x000000008c300000| Untracked 
| 196|0x000000008c400000, 0x000000008c400000, 0x000000008c500000|  0%| F|  |TAMS 0x000000008c400000, 0x000000008c400000| Untracked 
| 197|0x000000008c500000, 0x000000008c500000, 0x000000008c600000|  0%| F|  |TAMS 0x000000008c500000, 0x000000008c500000| Untracked 
| 198|0x000000008c600000, 0x000000008c600000, 0x000000008c700000|  0%| F|  |TAMS 0x000000008c600000, 0x000000008c600000| Untracked 
| 199|0x000000008c700000, 0x000000008c700000, 0x000000008c800000|  0%| F|  |TAMS 0x000000008c700000, 0x000000008c700000| Untracked 
| 200|0x000000008c800000, 0x000000008c800000, 0x000000008c900000|  0%| F|  |TAMS 0x000000008c800000, 0x000000008c800000| Untracked 
| 201|0x000000008c900000, 0x000000008c900000, 0x000000008ca00000|  0%| F|  |TAMS 0x000000008c900000, 0x000000008c900000| Untracked 
| 202|0x000000008ca00000, 0x000000008ca00000, 0x000000008cb00000|  0%| F|  |TAMS 0x000000008ca00000, 0x000000008ca00000| Untracked 
| 203|0x000000008cb00000, 0x000000008cb00000, 0x000000008cc00000|  0%| F|  |TAMS 0x000000008cb00000, 0x000000008cb00000| Untracked 
| 204|0x000000008cc00000, 0x000000008cc00000, 0x000000008cd00000|  0%| F|  |TAMS 0x000000008cc00000, 0x000000008cc00000| Untracked 
| 205|0x000000008cd00000, 0x000000008cd00000, 0x000000008ce00000|  0%| F|  |TAMS 0x000000008cd00000, 0x000000008cd00000| Untracked 
| 206|0x000000008ce00000, 0x000000008ce00000, 0x000000008cf00000|  0%| F|  |TAMS 0x000000008ce00000, 0x000000008ce00000| Untracked 
| 207|0x000000008cf00000, 0x000000008cf00000, 0x000000008d000000|  0%| F|  |TAMS 0x000000008cf00000, 0x000000008cf00000| Untracked 
| 208|0x000000008d000000, 0x000000008d000000, 0x000000008d100000|  0%| F|  |TAMS 0x000000008d000000, 0x000000008d000000| Untracked 
| 209|0x000000008d100000, 0x000000008d100000, 0x000000008d200000|  0%| F|  |TAMS 0x000000008d100000, 0x000000008d100000| Untracked 
| 210|0x000000008d200000, 0x000000008d200000, 0x000000008d300000|  0%| F|  |TAMS 0x000000008d200000, 0x000000008d200000| Untracked 
| 211|0x000000008d300000, 0x000000008d300000, 0x000000008d400000|  0%| F|  |TAMS 0x000000008d300000, 0x000000008d300000| Untracked 
| 212|0x000000008d400000, 0x000000008d400000, 0x000000008d500000|  0%| F|  |TAMS 0x000000008d400000, 0x000000008d400000| Untracked 
| 213|0x000000008d500000, 0x000000008d500000, 0x000000008d600000|  0%| F|  |TAMS 0x000000008d500000, 0x000000008d500000| Untracked 
| 214|0x000000008d600000, 0x000000008d600000, 0x000000008d700000|  0%| F|  |TAMS 0x000000008d600000, 0x000000008d600000| Untracked 
| 215|0x000000008d700000, 0x000000008d700000, 0x000000008d800000|  0%| F|  |TAMS 0x000000008d700000, 0x000000008d700000| Untracked 
| 216|0x000000008d800000, 0x000000008d800000, 0x000000008d900000|  0%| F|  |TAMS 0x000000008d800000, 0x000000008d800000| Untracked 
| 217|0x000000008d900000, 0x000000008d900000, 0x000000008da00000|  0%| F|  |TAMS 0x000000008d900000, 0x000000008d900000| Untracked 
| 218|0x000000008da00000, 0x000000008da00000, 0x000000008db00000|  0%| F|  |TAMS 0x000000008da00000, 0x000000008da00000| Untracked 
| 219|0x000000008db00000, 0x000000008db00000, 0x000000008dc00000|  0%| F|  |TAMS 0x000000008db00000, 0x000000008db00000| Untracked 
| 220|0x000000008dc00000, 0x000000008dc00000, 0x000000008dd00000|  0%| F|  |TAMS 0x000000008dc00000, 0x000000008dc00000| Untracked 
| 221|0x000000008dd00000, 0x000000008dd00000, 0x000000008de00000|  0%| F|  |TAMS 0x000000008dd00000, 0x000000008dd00000| Untracked 
| 222|0x000000008de00000, 0x000000008de00000, 0x000000008df00000|  0%| F|  |TAMS 0x000000008de00000, 0x000000008de00000| Untracked 
| 223|0x000000008df00000, 0x000000008df00000, 0x000000008e000000|  0%| F|  |TAMS 0x000000008df00000, 0x000000008df00000| Untracked 
| 224|0x000000008e000000, 0x000000008e000000, 0x000000008e100000|  0%| F|  |TAMS 0x000000008e000000, 0x000000008e000000| Untracked 
| 225|0x000000008e100000, 0x000000008e100000, 0x000000008e200000|  0%| F|  |TAMS 0x000000008e100000, 0x000000008e100000| Untracked 
| 226|0x000000008e200000, 0x000000008e200000, 0x000000008e300000|  0%| F|  |TAMS 0x000000008e200000, 0x000000008e200000| Untracked 
| 227|0x000000008e300000, 0x000000008e300000, 0x000000008e400000|  0%| F|  |TAMS 0x000000008e300000, 0x000000008e300000| Untracked 
| 228|0x000000008e400000, 0x000000008e400000, 0x000000008e500000|  0%| F|  |TAMS 0x000000008e400000, 0x000000008e400000| Untracked 
| 229|0x000000008e500000, 0x000000008e500000, 0x000000008e600000|  0%| F|  |TAMS 0x000000008e500000, 0x000000008e500000| Untracked 
| 230|0x000000008e600000, 0x000000008e600000, 0x000000008e700000|  0%| F|  |TAMS 0x000000008e600000, 0x000000008e600000| Untracked 
| 231|0x000000008e700000, 0x000000008e700000, 0x000000008e800000|  0%| F|  |TAMS 0x000000008e700000, 0x000000008e700000| Untracked 
| 232|0x000000008e800000, 0x000000008e800000, 0x000000008e900000|  0%| F|  |TAMS 0x000000008e800000, 0x000000008e800000| Untracked 
| 233|0x000000008e900000, 0x000000008e900000, 0x000000008ea00000|  0%| F|  |TAMS 0x000000008e900000, 0x000000008e900000| Untracked 
| 234|0x000000008ea00000, 0x000000008ea00000, 0x000000008eb00000|  0%| F|  |TAMS 0x000000008ea00000, 0x000000008ea00000| Untracked 
| 235|0x000000008eb00000, 0x000000008eb00000, 0x000000008ec00000|  0%| F|  |TAMS 0x000000008eb00000, 0x000000008eb00000| Untracked 
| 236|0x000000008ec00000, 0x000000008ec00000, 0x000000008ed00000|  0%| F|  |TAMS 0x000000008ec00000, 0x000000008ec00000| Untracked 
| 237|0x000000008ed00000, 0x000000008ed19ba0, 0x000000008ee00000| 10%| E|  |TAMS 0x000000008ed00000, 0x000000008ed00000| Complete 
| 238|0x000000008ee00000, 0x000000008ef00000, 0x000000008ef00000|100%| E|CS|TAMS 0x000000008ee00000, 0x000000008ee00000| Complete 
| 239|0x000000008ef00000, 0x000000008f000000, 0x000000008f000000|100%| E|CS|TAMS 0x000000008ef00000, 0x000000008ef00000| Complete 
| 240|0x000000008f000000, 0x000000008f100000, 0x000000008f100000|100%| E|CS|TAMS 0x000000008f000000, 0x000000008f000000| Complete 
| 241|0x000000008f100000, 0x000000008f200000, 0x000000008f200000|100%| E|CS|TAMS 0x000000008f100000, 0x000000008f100000| Complete 
| 242|0x000000008f200000, 0x000000008f300000, 0x000000008f300000|100%| E|CS|TAMS 0x000000008f200000, 0x000000008f200000| Complete 
| 243|0x000000008f300000, 0x000000008f400000, 0x000000008f400000|100%| E|CS|TAMS 0x000000008f300000, 0x000000008f300000| Complete 
| 244|0x000000008f400000, 0x000000008f500000, 0x000000008f500000|100%| E|CS|TAMS 0x000000008f400000, 0x000000008f400000| Complete 
| 245|0x000000008f500000, 0x000000008f600000, 0x000000008f600000|100%| E|CS|TAMS 0x000000008f500000, 0x000000008f500000| Complete 
| 246|0x000000008f600000, 0x000000008f700000, 0x000000008f700000|100%| E|CS|TAMS 0x000000008f600000, 0x000000008f600000| Complete 
| 247|0x000000008f700000, 0x000000008f800000, 0x000000008f800000|100%| E|CS|TAMS 0x000000008f700000, 0x000000008f700000| Complete 
| 248|0x000000008f800000, 0x000000008f900000, 0x000000008f900000|100%| E|CS|TAMS 0x000000008f800000, 0x000000008f800000| Complete 
| 249|0x000000008f900000, 0x000000008fa00000, 0x000000008fa00000|100%| E|CS|TAMS 0x000000008f900000, 0x000000008f900000| Complete 
| 250|0x000000008fa00000, 0x000000008fb00000, 0x000000008fb00000|100%| E|CS|TAMS 0x000000008fa00000, 0x000000008fa00000| Complete 
| 251|0x000000008fb00000, 0x000000008fc00000, 0x000000008fc00000|100%| E|  |TAMS 0x000000008fb00000, 0x000000008fb00000| Complete 
| 252|0x000000008fc00000, 0x000000008fd00000, 0x000000008fd00000|100%| E|CS|TAMS 0x000000008fc00000, 0x000000008fc00000| Complete 
| 253|0x000000008fd00000, 0x000000008fe00000, 0x000000008fe00000|100%| E|CS|TAMS 0x000000008fd00000, 0x000000008fd00000| Complete 

Card table byte_map: [0x0000021df1750000,0x0000021df1b50000] _byte_map_base: 0x0000021df1350000

Marking Bits (Prev, Next): (CMBitMap*) 0x0000021dddd89050, (CMBitMap*) 0x0000021dddd89018
 Prev Bits: [0x0000021df3f50000, 0x0000021df5f50000)
 Next Bits: [0x0000021df1f50000, 0x0000021df3f50000)

Polling page: 0x0000021ddc260000

Metaspace:

Usage:
  Non-class:     70.56 MB capacity,    69.17 MB ( 98%) used,     1.17 MB (  2%) free+waste,   221.06 KB ( <1%) overhead. 
      Class:     10.83 MB capacity,    10.12 MB ( 93%) used,   628.91 KB (  6%) free+waste,    99.38 KB ( <1%) overhead. 
       Both:     81.39 MB capacity,    79.29 MB ( 97%) used,     1.78 MB (  2%) free+waste,   320.44 KB ( <1%) overhead. 

Virtual space:
  Non-class space:       76.00 MB reserved,      70.70 MB ( 93%) committed 
      Class space:        1.00 GB reserved,      10.88 MB (  1%) committed 
             Both:        1.07 GB reserved,      81.57 MB (  7%) committed 

Chunk freelists:
   Non-Class:  16.00 KB
       Class:  16.00 KB
        Both:  32.00 KB

MaxMetaspaceSize: 17179869184.00 GB
CompressedClassSpaceSize: 1.00 GB

CodeHeap 'non-profiled nmethods': size=120000Kb used=6160Kb max_used=6160Kb free=113839Kb
 bounds [0x0000021de91a0000, 0x0000021de97b0000, 0x0000021df06d0000]
CodeHeap 'profiled nmethods': size=120000Kb used=20447Kb max_used=20447Kb free=99552Kb
 bounds [0x0000021de1c70000, 0x0000021de3070000, 0x0000021de91a0000]
CodeHeap 'non-nmethods': size=5760Kb used=2246Kb max_used=2302Kb free=3513Kb
 bounds [0x0000021de16d0000, 0x0000021de1940000, 0x0000021de1c70000]
 total_blobs=10496 nmethods=9661 adapters=746
 compilation: enabled
              stopped_count=0, restarted_count=0
 full_count=0

Compilation events (20 events):
Event: 81.683 Thread 0x0000021df9535000 nmethod 9923 0x0000021de303f610 code [0x0000021de303f7c0, 0x0000021de303f8b8]
Event: 81.683 Thread 0x0000021df9535000 9924       3       org.gradle.api.internal.artifacts.ivyservice.resolveengine.graph.builder.ResolveState$$Lambda$285/0x00000001005b0040::apply (20 bytes)
Event: 81.683 Thread 0x0000021df9535000 nmethod 9924 0x0000021de303f990 code [0x0000021de303fb80, 0x0000021de30400c8]
Event: 81.683 Thread 0x0000021df9535000 9925       3       org.gradle.api.internal.artifacts.ivyservice.resolveengine.graph.builder.ResolveState::lambda$getSelector$2 (35 bytes)
Event: 81.683 Thread 0x0000021df9535000 nmethod 9925 0x0000021de3040310 code [0x0000021de3040520, 0x0000021de3040b18]
Event: 81.684 Thread 0x0000021df9535000 9926       3       org.gradle.api.internal.artifacts.ivyservice.resolveengine.graph.builder.SelectorState::<init> (116 bytes)
Event: 81.685 Thread 0x0000021df9535000 nmethod 9926 0x0000021de3040d90 code [0x0000021de3041180, 0x0000021de30431d8]
Event: 81.685 Thread 0x0000021df9535000 9931       3       org.gradle.api.internal.artifacts.ivyservice.resolveengine.graph.builder.NodeState::collectEndorsedStrictVersions (86 bytes)
Event: 81.685 Thread 0x0000021df9535000 nmethod 9931 0x0000021de3043c10 code [0x0000021de3043ea0, 0x0000021de3044b38]
Event: 81.685 Thread 0x0000021df9535000 9928       3       org.gradle.api.internal.artifacts.ivyservice.resolveengine.graph.builder.NodeState::joinEdgeAndNodeExclusionsThenCacheResult (33 bytes)
Event: 81.686 Thread 0x0000021df9535000 nmethod 9928 0x0000021de3044f90 code [0x0000021de3045160, 0x0000021de3045428]
Event: 81.686 Thread 0x0000021df9535000 9929       3       org.gradle.api.internal.artifacts.ivyservice.resolveengine.excludes.ModuleExclusions::excludeAny (12 bytes)
Event: 81.686 Thread 0x0000021df9535000 nmethod 9929 0x0000021de3045590 code [0x0000021de3045740, 0x0000021de3045908]
Event: 81.686 Thread 0x0000021df9535000 9930       3       org.gradle.api.internal.artifacts.ivyservice.resolveengine.excludes.factories.OptimizingExcludeFactory::anyOf (12 bytes)
Event: 81.686 Thread 0x0000021df9535000 nmethod 9930 0x0000021de3045a10 code [0x0000021de3045c20, 0x0000021de3046148]
Event: 81.686 Thread 0x0000021df9535000 9927       3       org.gradle.api.internal.artifacts.ivyservice.resolveengine.graph.builder.SelectorState::getSelector (13 bytes)
Event: 81.686 Thread 0x0000021df9535000 nmethod 9927 0x0000021de3046310 code [0x0000021de30464e0, 0x0000021de30466c8]
Event: 81.686 Thread 0x0000021df9535000 9932       3       org.gradle.api.internal.artifacts.ivyservice.resolveengine.graph.builder.ModuleResolveState::<init> (121 bytes)
Event: 81.687 Thread 0x0000021df9535000 nmethod 9932 0x0000021de3046790 code [0x0000021de3046a80, 0x0000021de3047c38]
Event: 81.687 Thread 0x0000021df9535000 9933       3       org.gradle.api.internal.artifacts.ivyservice.resolveengine.graph.builder.ModuleSelectors::getFirstDependencyArtifact (47 bytes)

GC Heap History (20 events):
Event: 0.541 GC heap before
{Heap before GC invocations=0 (full 0):
 garbage-first heap   total 260096K, used 29696K [0x0000000080000000, 0x0000000100000000)
  region size 1024K, 24 young (24576K), 0 survivors (0K)
 Metaspace       used 10653K, capacity 10948K, committed 11264K, reserved 1058816K
  class space    used 1128K, capacity 1200K, committed 1280K, reserved 1048576K
}
Event: 0.545 GC heap after
{Heap after GC invocations=1 (full 0):
 garbage-first heap   total 260096K, used 8622K [0x0000000080000000, 0x0000000100000000)
  region size 1024K, 3 young (3072K), 3 survivors (3072K)
 Metaspace       used 10653K, capacity 10948K, committed 11264K, reserved 1058816K
  class space    used 1128K, capacity 1200K, committed 1280K, reserved 1048576K
}
Event: 2.471 GC heap before
{Heap before GC invocations=1 (full 0):
 garbage-first heap   total 260096K, used 93614K [0x0000000080000000, 0x0000000100000000)
  region size 1024K, 87 young (89088K), 3 survivors (3072K)
 Metaspace       used 20579K, capacity 21111K, committed 21248K, reserved 1067008K
  class space    used 2523K, capacity 2712K, committed 2816K, reserved 1048576K
}
Event: 2.478 GC heap after
{Heap after GC invocations=2 (full 0):
 garbage-first heap   total 260096K, used 16064K [0x0000000080000000, 0x0000000100000000)
  region size 1024K, 11 young (11264K), 11 survivors (11264K)
 Metaspace       used 20579K, capacity 21111K, committed 21248K, reserved 1067008K
  class space    used 2523K, capacity 2712K, committed 2816K, reserved 1048576K
}
Event: 2.957 GC heap before
{Heap before GC invocations=3 (full 0):
 garbage-first heap   total 260096K, used 72384K [0x0000000080000000, 0x0000000100000000)
  region size 1024K, 66 young (67584K), 11 survivors (11264K)
 Metaspace       used 26763K, capacity 27407K, committed 27648K, reserved 1073152K
  class space    used 3516K, capacity 3752K, committed 3840K, reserved 1048576K
}
Event: 2.963 GC heap after
{Heap after GC invocations=4 (full 0):
 garbage-first heap   total 260096K, used 18412K [0x0000000080000000, 0x0000000100000000)
  region size 1024K, 3 young (3072K), 3 survivors (3072K)
 Metaspace       used 26763K, capacity 27407K, committed 27648K, reserved 1073152K
  class space    used 3516K, capacity 3752K, committed 3840K, reserved 1048576K
}
Event: 3.453 GC heap before
{Heap before GC invocations=4 (full 0):
 garbage-first heap   total 260096K, used 60396K [0x0000000080000000, 0x0000000100000000)
  region size 1024K, 46 young (47104K), 3 survivors (3072K)
 Metaspace       used 35111K, capacity 35829K, committed 35840K, reserved 1081344K
  class space    used 4569K, capacity 4856K, committed 4864K, reserved 1048576K
}
Event: 3.460 GC heap after
{Heap after GC invocations=5 (full 0):
 garbage-first heap   total 260096K, used 21122K [0x0000000080000000, 0x0000000100000000)
  region size 1024K, 6 young (6144K), 6 survivors (6144K)
 Metaspace       used 35111K, capacity 35829K, committed 35840K, reserved 1081344K
  class space    used 4569K, capacity 4856K, committed 4864K, reserved 1048576K
}
Event: 4.556 GC heap before
{Heap before GC invocations=6 (full 0):
 garbage-first heap   total 260096K, used 132738K [0x0000000080000000, 0x0000000100000000)
  region size 1024K, 111 young (113664K), 6 survivors (6144K)
 Metaspace       used 44137K, capacity 45243K, committed 45568K, reserved 1089536K
  class space    used 5673K, capacity 6031K, committed 6144K, reserved 1048576K
}
Event: 4.564 GC heap after
{Heap after GC invocations=7 (full 0):
 garbage-first heap   total 260096K, used 26421K [0x0000000080000000, 0x0000000100000000)
  region size 1024K, 11 young (11264K), 11 survivors (11264K)
 Metaspace       used 44137K, capacity 45243K, committed 45568K, reserved 1089536K
  class space    used 5673K, capacity 6031K, committed 6144K, reserved 1048576K
}
Event: 6.547 GC heap before
{Heap before GC invocations=7 (full 0):
 garbage-first heap   total 260096K, used 169781K [0x0000000080000000, 0x0000000100000000)
  region size 1024K, 149 young (152576K), 11 survivors (11264K)
 Metaspace       used 58694K, capacity 60111K, committed 60160K, reserved 1101824K
  class space    used 7438K, capacity 7928K, committed 7936K, reserved 1048576K
}
Event: 6.583 GC heap after
{Heap after GC invocations=8 (full 0):
 garbage-first heap   total 260096K, used 42104K [0x0000000080000000, 0x0000000100000000)
  region size 1024K, 19 young (19456K), 19 survivors (19456K)
 Metaspace       used 58694K, capacity 60111K, committed 60160K, reserved 1101824K
  class space    used 7438K, capacity 7928K, committed 7936K, reserved 1048576K
}
Event: 8.137 GC heap before
{Heap before GC invocations=9 (full 0):
 garbage-first heap   total 260096K, used 178296K [0x0000000080000000, 0x0000000100000000)
  region size 1024K, 152 young (155648K), 19 survivors (19456K)
 Metaspace       used 67547K, capacity 69286K, committed 69324K, reserved 1110016K
  class space    used 8861K, capacity 9451K, committed 9472K, reserved 1048576K
}
Event: 8.152 GC heap after
{Heap after GC invocations=10 (full 0):
 garbage-first heap   total 260096K, used 52759K [0x0000000080000000, 0x0000000100000000)
  region size 1024K, 12 young (12288K), 12 survivors (12288K)
 Metaspace       used 67547K, capacity 69286K, committed 69324K, reserved 1110016K
  class space    used 8861K, capacity 9451K, committed 9472K, reserved 1048576K
}
Event: 9.525 GC heap before
{Heap before GC invocations=10 (full 0):
 garbage-first heap   total 260096K, used 186903K [0x0000000080000000, 0x0000000100000000)
  region size 1024K, 144 young (147456K), 12 survivors (12288K)
 Metaspace       used 76272K, capacity 78349K, committed 78540K, reserved 1118208K
  class space    used 9995K, capacity 10698K, committed 10752K, reserved 1048576K
}
Event: 9.541 GC heap after
{Heap after GC invocations=11 (full 0):
 garbage-first heap   total 260096K, used 61542K [0x0000000080000000, 0x0000000100000000)
  region size 1024K, 9 young (9216K), 9 survivors (9216K)
 Metaspace       used 76272K, capacity 78349K, committed 78540K, reserved 1118208K
  class space    used 9995K, capacity 10698K, committed 10752K, reserved 1048576K
}
Event: 10.624 GC heap before
{Heap before GC invocations=11 (full 0):
 garbage-first heap   total 260096K, used 194662K [0x0000000080000000, 0x0000000100000000)
  region size 1024K, 140 young (143360K), 9 survivors (9216K)
 Metaspace       used 77357K, capacity 79472K, committed 79692K, reserved 1118208K
  class space    used 10061K, capacity 10799K, committed 10880K, reserved 1048576K
}
Event: 10.634 GC heap after
{Heap after GC invocations=12 (full 0):
 garbage-first heap   total 260096K, used 68035K [0x0000000080000000, 0x0000000100000000)
  region size 1024K, 15 young (15360K), 15 survivors (15360K)
 Metaspace       used 77357K, capacity 79472K, committed 79692K, reserved 1118208K
  class space    used 10061K, capacity 10799K, committed 10880K, reserved 1048576K
}
Event: 11.968 GC heap before
{Heap before GC invocations=12 (full 0):
 garbage-first heap   total 260096K, used 201155K [0x0000000080000000, 0x0000000100000000)
  region size 1024K, 146 young (149504K), 15 survivors (15360K)
 Metaspace       used 79774K, capacity 81914K, committed 82252K, reserved 1120256K
  class space    used 10277K, capacity 11013K, committed 11136K, reserved 1048576K
}
Event: 11.977 GC heap after
{Heap after GC invocations=13 (full 0):
 garbage-first heap   total 260096K, used 69869K [0x0000000080000000, 0x0000000100000000)
  region size 1024K, 10 young (10240K), 10 survivors (10240K)
 Metaspace       used 79774K, capacity 81914K, committed 82252K, reserved 1120256K
  class space    used 10277K, capacity 11013K, committed 11136K, reserved 1048576K
}

Deoptimization events (20 events):
Event: 81.600 Thread 0x0000021dfeeca800 Uncommon trap: trap_request=0xffffff4d fr.pc=0x0000021de970ef90 relative=0x0000000000000410
Event: 81.600 Thread 0x0000021dfeeca800 Uncommon trap: reason=unstable_if action=reinterpret pc=0x0000021de970ef90 method=org.gradle.tooling.internal.provider.runner.PluginApplicationTracker.started(Lorg/gradle/internal/operations/BuildOperationDescriptor;Lorg/gradle/internal/operations/Operati
Event: 81.600 Thread 0x0000021dfeeca800 DEOPT PACKING pc=0x0000021de970ef90 sp=0x000000b92edfb090
Event: 81.600 Thread 0x0000021dfeeca800 DEOPT UNPACKING pc=0x0000021de16f74af sp=0x000000b92edfb030 mode 2
Event: 81.601 Thread 0x0000021dfeeca800 Uncommon trap: trap_request=0xffffff4d fr.pc=0x0000021de96b9688 relative=0x0000000000002aa8
Event: 81.601 Thread 0x0000021dfeeca800 Uncommon trap: reason=unstable_if action=reinterpret pc=0x0000021de96b9688 method=org.gradle.cache.internal.DefaultCrossBuildInMemoryCacheFactory$AbstractCrossBuildInMemoryCache.getIfPresent(Ljava/lang/Object;)Ljava/lang/Object; @ 24 c2
Event: 81.601 Thread 0x0000021dfeeca800 DEOPT PACKING pc=0x0000021de96b9688 sp=0x000000b92edfadf0
Event: 81.601 Thread 0x0000021dfeeca800 DEOPT UNPACKING pc=0x0000021de16f74af sp=0x000000b92edfabc8 mode 2
Event: 81.602 Thread 0x0000021dfeeca800 Uncommon trap: trap_request=0xffffffc6 fr.pc=0x0000021de96cb930 relative=0x0000000000000ff0
Event: 81.602 Thread 0x0000021dfeeca800 Uncommon trap: reason=bimorphic_or_optimized_type_check action=maybe_recompile pc=0x0000021de96cb930 method=com.google.common.cache.LocalCache$Segment.getLiveValue(Lcom/google/common/cache/ReferenceEntry;J)Ljava/lang/Object; @ 21 c2
Event: 81.602 Thread 0x0000021dfeeca800 DEOPT PACKING pc=0x0000021de96cb930 sp=0x000000b92edfbc40
Event: 81.602 Thread 0x0000021dfeeca800 DEOPT UNPACKING pc=0x0000021de16f74af sp=0x000000b92edfbb78 mode 2
Event: 81.607 Thread 0x0000021dfeeca800 Uncommon trap: trap_request=0xffffff4d fr.pc=0x0000021de9630d8c relative=0x00000000000002ac
Event: 81.607 Thread 0x0000021dfeeca800 Uncommon trap: reason=unstable_if action=reinterpret pc=0x0000021de9630d8c method=com.google.common.collect.MapMakerInternalMap$Segment.getEntry(Ljava/lang/Object;I)Lcom/google/common/collect/MapMakerInternalMap$InternalEntry; @ 4 c2
Event: 81.607 Thread 0x0000021dfeeca800 DEOPT PACKING pc=0x0000021de9630d8c sp=0x000000b92edfaa40
Event: 81.607 Thread 0x0000021dfeeca800 DEOPT UNPACKING pc=0x0000021de16f74af sp=0x000000b92edfa9f8 mode 2
Event: 81.618 Thread 0x0000021dfeeca800 Uncommon trap: trap_request=0xffffffde fr.pc=0x0000021de96c245c relative=0x00000000000017bc
Event: 81.618 Thread 0x0000021dfeeca800 Uncommon trap: reason=class_check action=maybe_recompile pc=0x0000021de96c245c method=org.gradle.cache.internal.LockOnDemandCrossProcessCacheAccess.incrementLockCount()V @ 97 c2
Event: 81.618 Thread 0x0000021dfeeca800 DEOPT PACKING pc=0x0000021de96c245c sp=0x000000b92edf7cd0
Event: 81.618 Thread 0x0000021dfeeca800 DEOPT UNPACKING pc=0x0000021de16f74af sp=0x000000b92edf7cd0 mode 2

Classes redefined (0 events):
No events

Internal exceptions (20 events):
Event: 10.245 Thread 0x0000021dfeb58800 Implicit null exception at 0x0000021de9688052 to 0x0000021de9688458
Event: 10.359 Thread 0x0000021dfeed7800 Exception <a 'sun/nio/fs/WindowsException'{0x000000008aa764e8}> (0x000000008aa764e8) thrown at [./src/hotspot/share/prims/jni.cpp, line 615]
Event: 10.359 Thread 0x0000021dfeed7800 Exception <a 'sun/nio/fs/WindowsException'{0x000000008aa77880}> (0x000000008aa77880) thrown at [./src/hotspot/share/prims/jni.cpp, line 615]
Event: 10.360 Thread 0x0000021dfeed7800 Exception <a 'java/lang/NoSuchMethodError'{0x000000008aa7a210}: 'int java.lang.invoke.DirectMethodHandle$Holder.invokeSpecial(java.lang.Object, java.lang.Object, java.lang.Object, java.lang.Object, java.lang.Object)'> (0x000000008aa7a210) thrown at [./src/hotspot/share/interpreter/linkResolver.cpp, line 773]
Event: 10.363 Thread 0x0000021dfeed7800 Exception <a 'sun/nio/fs/WindowsException'{0x000000008aacb848}> (0x000000008aacb848) thrown at [./src/hotspot/share/prims/jni.cpp, line 615]
Event: 10.363 Thread 0x0000021dfeed7800 Exception <a 'sun/nio/fs/WindowsException'{0x000000008aacc748}> (0x000000008aacc748) thrown at [./src/hotspot/share/prims/jni.cpp, line 615]
Event: 10.364 Thread 0x0000021dfeed7800 Exception <a 'sun/nio/fs/WindowsException'{0x000000008aaced08}> (0x000000008aaced08) thrown at [./src/hotspot/share/prims/jni.cpp, line 615]
Event: 10.364 Thread 0x0000021dfeed7800 Exception <a 'sun/nio/fs/WindowsException'{0x000000008aacfc18}> (0x000000008aacfc18) thrown at [./src/hotspot/share/prims/jni.cpp, line 615]
Event: 10.371 Thread 0x0000021dfeed7800 Exception <a 'java/lang/NoSuchMethodError'{0x000000008aada7a8}: 'void java.lang.invoke.DirectMethodHandle$Holder.invokeStatic(java.lang.Object, java.lang.Object, java.lang.Object, java.lang.Object, int, java.lang.Object)'> (0x000000008aada7a8) thrown at [./src/hotspot/share/interpreter/linkResolver.cpp, line 773]
Event: 10.422 Thread 0x0000021dfeb57000 Implicit null exception at 0x0000021de96aac4d to 0x0000021de96ab400
Event: 10.422 Thread 0x0000021dfeb56000 Implicit null exception at 0x0000021de96aac4d to 0x0000021de96ab400
Event: 10.527 Thread 0x0000021d84bbd800 Exception <a 'sun/nio/fs/WindowsException'{0x00000000890c3d20}> (0x00000000890c3d20) thrown at [./src/hotspot/share/prims/jni.cpp, line 615]
Event: 10.527 Thread 0x0000021d84bbd800 Exception <a 'sun/nio/fs/WindowsException'{0x00000000890c4960}> (0x00000000890c4960) thrown at [./src/hotspot/share/prims/jni.cpp, line 615]
Event: 11.854 Thread 0x0000021dfb3e6000 Exception <a 'java/lang/NoSuchMethodError'{0x00000000883e9f48}: 'java.lang.Object java.lang.invoke.DirectMethodHandle$Holder.invokeSpecial(java.lang.Object, java.lang.Object, java.lang.Object, int, int, java.lang.Object, java.lang.Object)'> (0x00000000883e9f48) thrown at [./src/hotspot/share/interpreter/linkResolver.cpp, line 773]
Event: 11.855 Thread 0x0000021dfb3e6000 Exception <a 'java/lang/NoSuchMethodError'{0x00000000883f30b0}: 'java.lang.Object java.lang.invoke.DirectMethodHandle$Holder.invokeStatic(java.lang.Object, java.lang.Object, java.lang.Object, int, int, java.lang.Object)'> (0x00000000883f30b0) thrown at [./src/hotspot/share/interpreter/linkResolver.cpp, line 773]
Event: 11.856 Thread 0x0000021dfb3e6000 Exception <a 'java/lang/NoSuchMethodError'{0x00000000883f6dd0}: 'java.lang.Object java.lang.invoke.DirectMethodHandle$Holder.invokeSpecial(java.lang.Object, java.lang.Object, java.lang.Object, java.lang.Object, int, int, java.lang.Object)'> (0x00000000883f6dd0) thrown at [./src/hotspot/share/interpreter/linkResolver.cpp, line 773]
Event: 11.856 Thread 0x0000021dfb3e6000 Exception <a 'java/lang/NoSuchMethodError'{0x00000000883fa2f0}: 'java.lang.Object java.lang.invoke.Invokers$Holder.linkToTargetMethod(java.lang.Object, java.lang.Object, int, int, java.lang.Object, java.lang.Object)'> (0x00000000883fa2f0) thrown at [./src/hotspot/share/interpreter/linkResolver.cpp, line 773]
Event: 11.924 Thread 0x0000021dfb3e6000 Implicit null exception at 0x0000021de96f2867 to 0x0000021de96f2c1c
Event: 81.587 Thread 0x0000021dfeeca800 Implicit null exception at 0x0000021de970fd29 to 0x0000021de970ffc0
Event: 81.587 Thread 0x0000021dfeeca800 Implicit null exception at 0x0000021de96d209f to 0x0000021de96d2ae0

Events (20 events):
Event: 81.589 Executing VM operation: RevokeBias done
Event: 81.595 Thread 0x0000021dfeed0000 Thread added: 0x0000021dfeed0000
Event: 81.596 Thread 0x0000021dfeed6800 Thread added: 0x0000021dfeed6800
Event: 81.599 Thread 0x0000021dfeed4000 Thread added: 0x0000021dfeed4000
Event: 81.606 Executing VM operation: RevokeBias
Event: 81.606 Executing VM operation: RevokeBias done
Event: 81.606 Executing VM operation: BulkRevokeBias
Event: 81.607 Executing VM operation: BulkRevokeBias done
Event: 81.607 Executing VM operation: RevokeBias
Event: 81.607 Executing VM operation: RevokeBias done
Event: 81.608 Executing VM operation: RevokeBias
Event: 81.608 Executing VM operation: RevokeBias done
Event: 81.609 Executing VM operation: RevokeBias
Event: 81.609 Executing VM operation: RevokeBias done
Event: 81.610 Executing VM operation: RevokeBias
Event: 81.610 Executing VM operation: RevokeBias done
Event: 81.618 Thread 0x0000021dfeed5000 Thread added: 0x0000021dfeed5000
Event: 81.618 Thread 0x0000021dfc57f800 Thread added: 0x0000021dfc57f800
Event: 81.674 Executing VM operation: CollectForMetadataAllocation
Event: 81.674 Executing VM operation: CollectForMetadataAllocation done


Dynamic libraries:
0x00007ff616410000 - 0x00007ff61641a000 	D:\programas\androidStudio\jre\bin\java.exe
0x00007ffd581f0000 - 0x00007ffd583e5000 	C:\Windows\SYSTEM32\ntdll.dll
0x00007ffd567e0000 - 0x00007ffd5689d000 	C:\Windows\System32\KERNEL32.DLL
0x00007ffd55a30000 - 0x00007ffd55cf8000 	C:\Windows\System32\KERNELBASE.dll
0x00007ffd55f10000 - 0x00007ffd56010000 	C:\Windows\System32\ucrtbase.dll
0x00007ffd484a0000 - 0x00007ffd484b9000 	D:\programas\androidStudio\jre\bin\jli.dll
0x00007ffd48480000 - 0x00007ffd48497000 	D:\programas\androidStudio\jre\bin\VCRUNTIME140.dll
0x00007ffd57ff0000 - 0x00007ffd58190000 	C:\Windows\System32\USER32.dll
0x00007ffd55a00000 - 0x00007ffd55a22000 	C:\Windows\System32\win32u.dll
0x00007ffd56ef0000 - 0x00007ffd56f1a000 	C:\Windows\System32\GDI32.dll
0x00007ffd56140000 - 0x00007ffd5624b000 	C:\Windows\System32\gdi32full.dll
0x00007ffd55960000 - 0x00007ffd559fd000 	C:\Windows\System32\msvcp_win.dll
0x00007ffd41700000 - 0x00007ffd4199a000 	C:\Windows\WinSxS\amd64_microsoft.windows.common-controls_6595b64144ccf1df_6.0.19041.844_none_ca00b6081b84eb1d\COMCTL32.dll
0x00007ffd56660000 - 0x00007ffd566fe000 	C:\Windows\System32\msvcrt.dll
0x00007ffd568a0000 - 0x00007ffd568d0000 	C:\Windows\System32\IMM32.DLL
0x00007ffd20cf0000 - 0x00007ffd20d8d000 	D:\programas\androidStudio\jre\bin\msvcp140.dll
0x00007ffd1b2f0000 - 0x00007ffd1bdac000 	D:\programas\androidStudio\jre\bin\server\jvm.dll
0x00007ffd565b0000 - 0x00007ffd5665c000 	C:\Windows\System32\ADVAPI32.dll
0x00007ffd57c90000 - 0x00007ffd57d2b000 	C:\Windows\System32\sechost.dll
0x00007ffd56b10000 - 0x00007ffd56c3b000 	C:\Windows\System32\RPCRT4.dll
0x00007ffd56ca0000 - 0x00007ffd56ca8000 	C:\Windows\System32\PSAPI.DLL
0x00007ffd36f50000 - 0x00007ffd36f59000 	C:\Windows\SYSTEM32\WSOCK32.dll
0x00007ffd4e2b0000 - 0x00007ffd4e2ba000 	C:\Windows\SYSTEM32\VERSION.dll
0x00007ffd36e00000 - 0x00007ffd36e27000 	C:\Windows\SYSTEM32\WINMM.dll
0x00007ffd56a90000 - 0x00007ffd56afb000 	C:\Windows\System32\WS2_32.dll
0x00007ffd54200000 - 0x00007ffd54212000 	C:\Windows\SYSTEM32\kernel.appcore.dll
0x00007ffd493b0000 - 0x00007ffd493c1000 	D:\programas\androidStudio\jre\bin\verify.dll
0x00007ffd53790000 - 0x00007ffd53974000 	C:\Windows\SYSTEM32\DBGHELP.DLL
0x00007ffd36650000 - 0x00007ffd3667c000 	C:\Windows\SYSTEM32\dbgcore.DLL
0x00007ffd56010000 - 0x00007ffd56090000 	C:\Windows\System32\bcryptPrimitives.dll
0x00007ffd48970000 - 0x00007ffd48999000 	D:\programas\androidStudio\jre\bin\java.dll
0x00007ffd512f0000 - 0x00007ffd512fb000 	D:\programas\androidStudio\jre\bin\jimage.dll
0x00007ffd48950000 - 0x00007ffd48968000 	D:\programas\androidStudio\jre\bin\zip.dll
0x00007ffd56f20000 - 0x00007ffd57662000 	C:\Windows\System32\SHELL32.dll
0x00007ffd53a60000 - 0x00007ffd541f0000 	C:\Windows\SYSTEM32\windows.storage.dll
0x00007ffd56250000 - 0x00007ffd565a5000 	C:\Windows\System32\combase.dll
0x00007ffd553a0000 - 0x00007ffd553cc000 	C:\Windows\SYSTEM32\Wldp.dll
0x00007ffd57db0000 - 0x00007ffd57e5e000 	C:\Windows\System32\SHCORE.dll
0x00007ffd56c40000 - 0x00007ffd56c95000 	C:\Windows\System32\shlwapi.dll
0x00007ffd55870000 - 0x00007ffd5588f000 	C:\Windows\SYSTEM32\profapi.dll
0x00007ffd48930000 - 0x00007ffd4894a000 	D:\programas\androidStudio\jre\bin\net.dll
0x00007ffd48d10000 - 0x00007ffd48e1b000 	C:\Windows\SYSTEM32\WINHTTP.dll
0x00007ffd55110000 - 0x00007ffd5517a000 	C:\Windows\system32\mswsock.dll
0x00007ffd47f70000 - 0x00007ffd47f84000 	D:\programas\androidStudio\jre\bin\nio.dll
0x00007ffd3bd60000 - 0x00007ffd3bd87000 	C:\Users\Marcelo\.gradle\native\fdc75f09e3144964f2cf3f50f0aa648679c211496f362492102eb8c894070792\windows-amd64\native-platform.dll
0x00007ffd1bf90000 - 0x00007ffd1c126000 	C:\Users\Marcelo\.gradle\native\12488b8bf47d2d4c9fbf2f6322a914ad602e24e48041cd04a747c6da556b65c4\windows-amd64\native-platform-file-events.dll
0x00007ffd510d0000 - 0x00007ffd510da000 	D:\programas\androidStudio\jre\bin\management.dll
0x00007ffd510a0000 - 0x00007ffd510ac000 	D:\programas\androidStudio\jre\bin\management_ext.dll
0x00007ffd552f0000 - 0x00007ffd55308000 	C:\Windows\SYSTEM32\CRYPTSP.dll
0x00007ffd54a40000 - 0x00007ffd54a74000 	C:\Windows\system32\rsaenh.dll
0x00007ffd55930000 - 0x00007ffd55957000 	C:\Windows\System32\bcrypt.dll
0x00007ffd557f0000 - 0x00007ffd5581e000 	C:\Windows\SYSTEM32\USERENV.dll
0x00007ffd552e0000 - 0x00007ffd552ec000 	C:\Windows\SYSTEM32\CRYPTBASE.dll
0x00007ffd54db0000 - 0x00007ffd54deb000 	C:\Windows\SYSTEM32\IPHLPAPI.DLL
0x00007ffd56ee0000 - 0x00007ffd56ee8000 	C:\Windows\System32\NSI.dll
0x00007ffd4d180000 - 0x00007ffd4d197000 	C:\Windows\SYSTEM32\dhcpcsvc6.DLL
0x00007ffd4d160000 - 0x00007ffd4d17d000 	C:\Windows\SYSTEM32\dhcpcsvc.DLL
0x00007ffd54df0000 - 0x00007ffd54ebc000 	C:\Windows\SYSTEM32\DNSAPI.dll
0x00007ffd4df00000 - 0x00007ffd4df0b000 	C:\Windows\SYSTEM32\WINNSI.DLL

dbghelp: loaded successfully - version: 4.0.5 - missing functions: none
symbol engine: initialized successfully - sym options: 0x614 - pdb path: .;D:\programas\androidStudio\jre\bin;C:\Windows\SYSTEM32;C:\Windows\WinSxS\amd64_microsoft.windows.common-controls_6595b64144ccf1df_6.0.19041.844_none_ca00b6081b84eb1d;D:\programas\androidStudio\jre\bin\server;C:\Users\Marcelo\.gradle\native\fdc75f09e3144964f2cf3f50f0aa648679c211496f362492102eb8c894070792\windows-amd64;C:\Users\Marcelo\.gradle\native\12488b8bf47d2d4c9fbf2f6322a914ad602e24e48041cd04a747c6da556b65c4\windows-amd64

VM Arguments:
jvm_args: --add-opens=java.base/java.util=ALL-UNNAMED --add-opens=java.base/java.lang=ALL-UNNAMED --add-opens=java.base/java.lang.invoke=ALL-UNNAMED --add-opens=java.prefs/java.util.prefs=ALL-UNNAMED -Xmx2048m -Dfile.encoding=UTF-8 -Duser.country=BR -Duser.language=pt -Duser.variant 
java_command: org.gradle.launcher.daemon.bootstrap.GradleDaemon 6.7.1
java_class_path (initial): C:\Users\Marcelo\.gradle\wrapper\dists\gradle-6.7.1-all\2moa8rlfac5eqlcfgk98k0deb\gradle-6.7.1\lib\gradle-launcher-6.7.1.jar
Launcher Type: SUN_STANDARD

[Global flags]
     intx CICompilerCount                          = 4                                         {product} {ergonomic}
     uint ConcGCThreads                            = 3                                         {product} {ergonomic}
     uint G1ConcRefinementThreads                  = 10                                        {product} {ergonomic}
   size_t G1HeapRegionSize                         = 1048576                                   {product} {ergonomic}
    uintx GCDrainStackTargetSize                   = 64                                        {product} {ergonomic}
   size_t InitialHeapSize                          = 266338304                                 {product} {ergonomic}
   size_t MarkStackSize                            = 4194304                                   {product} {ergonomic}
   size_t MaxHeapSize                              = 2147483648                                {product} {command line}
   size_t MaxNewSize                               = 1287651328                                {product} {ergonomic}
   size_t MinHeapDeltaBytes                        = 1048576                                   {product} {ergonomic}
    uintx NonNMethodCodeHeapSize                   = 5836300                                {pd product} {ergonomic}
    uintx NonProfiledCodeHeapSize                  = 122910970                              {pd product} {ergonomic}
    uintx ProfiledCodeHeapSize                     = 122910970                              {pd product} {ergonomic}
    uintx ReservedCodeCacheSize                    = 251658240                              {pd product} {ergonomic}
     bool SegmentedCodeCache                       = true                                      {product} {ergonomic}
     bool UseCompressedClassPointers               = true                                 {lp64_product} {ergonomic}
     bool UseCompressedOops                        = true                                 {lp64_product} {ergonomic}
     bool UseG1GC                                  = true                                      {product} {ergonomic}
     bool UseLargePagesIndividualAllocation        = false                                  {pd product} {ergonomic}

Logging:
Log output configuration:
 #0: stdout all=warning uptime,level,tags
 #1: stderr all=off uptime,level,tags

Environment Variables:
PATH=C:\Windows\system32;C:\Windows;C:\Windows\System32\Wbem;C:\Windows\System32\WindowsPowerShell\v1.0\;C:\Windows\System32\OpenSSH\;C:\Program Files\MySQL\MySQL Server 8.0\bin;D:\Program Files\Git\cmd;C:\Program Files (x86)\NVIDIA Corporation\PhysX\Common;C:\Program Files\NVIDIA Corporation\NVIDIA NvDLISR;C:\Program Files\MySQL\MySQL Shell 8.0\bin\;C:\Users\Marcelo\AppData\Local\Microsoft\WindowsApps;
USERNAME=Marcelo
OS=Windows_NT
PROCESSOR_IDENTIFIER=Intel64 Family 6 Model 158 Stepping 10, GenuineIntel



---------------  S Y S T E M  ---------------

OS: Windows 10 , 64 bit Build 19041 (10.0.19041.928)
OS uptime: 19 days 11:59 hours

CPU:total 12 (initial active 12) (6 cores per cpu, 2 threads per core) family 6 model 158 stepping 10, cmov, cx8, fxsr, mmx, sse, sse2, sse3, ssse3, sse4.1, sse4.2, popcnt, avx, avx2, aes, clmul, erms, 3dnowpref, lzcnt, ht, tsc, tscinvbit, bmi1, bmi2, adx, fma

Memory: 4k page, system-wide physical 16223M (1934M free)
TotalPageFile size 46668M (AvailPageFile size 0M)
current process WorkingSet (physical memory assigned to process): 445M, peak: 498M
current process commit charge ("private bytes"): 516M, peak: 570M

vm_info: OpenJDK 64-Bit Server VM (11.0.8+10-b944.6842174) for windows-amd64 JRE (11.0.8+10-b944.6842174), built on Sep 19 2020 01:11:42 by "builder" with MS VC++ 14.0 (VS2015)

END.
